#-----------------------------------------------------------
# Vivado v2018.2 (64-bit)
# SW Build 2258646 on Thu Jun 14 20:03:12 MDT 2018
# IP Build 2256618 on Thu Jun 14 22:10:49 MDT 2018
# Start of session at: Tue May 30 14:50:52 2023
# Process ID: 3940
# Current directory: C:/Users/Tharusha/Documents/Academic Semester 02/Computer Organization and Digital Designing/NanoProcessor
# Command line: vivado.exe -gui_launcher_event rodinguilauncherevent18408 C:\Users\Tharusha\Documents\Academic Semester 02\Computer Organization and Digital Designing\NanoProcessor\NanoProcessor.xpr
# Log file: C:/Users/Tharusha/Documents/Academic Semester 02/Computer Organization and Digital Designing/NanoProcessor/vivado.log
# Journal file: C:/Users/Tharusha/Documents/Academic Semester 02/Computer Organization and Digital Designing/NanoProcessor\vivado.jou
#-----------------------------------------------------------
start_gui
open_project {C:/Users/Tharusha/Documents/Academic Semester 02/Computer Organization and Digital Designing/NanoProcessor/NanoProcessor.xpr}
INFO: [ProjectBase 1-489] The host OS only allows 260 characters in a normal path. The project is stored in a path with more than 80 characters. If you experience issues with IP, Block Designs, or files not being found, please consider moving the project to a location with a shorter path. Alternately consider using the OS subst command to map part of the path to a drive letter.
Current project path is 'C:/Users/Tharusha/Documents/Academic Semester 02/Computer Organization and Digital Designing/NanoProcessor'
INFO: [Project 1-313] Project file moved from 'D:/Projects/NanoProcessor' since last save.
Scanning sources...
Finished scanning sources
INFO: [IP_Flow 19-234] Refreshing IP repositories
INFO: [IP_Flow 19-1704] No user IP repositories specified
INFO: [IP_Flow 19-2313] Loaded Vivado IP repository 'C:/Xilinx/Vivado/2018.2/data/ip'.
open_project: Time (s): cpu = 00:00:10 ; elapsed = 00:00:05 . Memory (MB): peak = 874.805 ; gain = 131.559
update_compile_order -fileset sources_1
set_property SOURCE_SET sources_1 [get_filesets sim_1]
close [ open {C:/Users/Tharusha/Documents/Academic Semester 02/Computer Organization and Digital Designing/NanoProcessor/NanoProcessor.srcs/sim_1/new/Processor_Sim.vhd} w ]
add_files -fileset sim_1 {{C:/Users/Tharusha/Documents/Academic Semester 02/Computer Organization and Digital Designing/NanoProcessor/NanoProcessor.srcs/sim_1/new/Processor_Sim.vhd}}
update_compile_order -fileset sim_1
exit
INFO: [Common 17-206] Exiting Vivado at Tue May 30 15:17:40 2023...
