#-----------------------------------------------------------
# Vivado v2018.2 (64-bit)
# SW Build 2258646 on Thu Jun 14 20:03:12 MDT 2018
# IP Build 2256618 on Thu Jun 14 22:10:49 MDT 2018
# Start of session at: Sun Jun  4 12:29:29 2023
# Process ID: 14244
# Current directory: C:/Users/Tharusha/Documents/Academic Semester 02/Computer Organization and Digital Designing/NanoProcessor
# Command line: vivado.exe -gui_launcher_event rodinguilauncherevent13716 C:\Users\Tharusha\Documents\Academic Semester 02\Computer Organization and Digital Designing\NanoProcessor\NanoProcessor.xpr
# Log file: C:/Users/Tharusha/Documents/Academic Semester 02/Computer Organization and Digital Designing/NanoProcessor/vivado.log
# Journal file: C:/Users/Tharusha/Documents/Academic Semester 02/Computer Organization and Digital Designing/NanoProcessor\vivado.jou
#-----------------------------------------------------------
start_gui
open_project {C:/Users/Tharusha/Documents/Academic Semester 02/Computer Organization and Digital Designing/NanoProcessor/NanoProcessor.xpr}
INFO: [ProjectBase 1-489] The host OS only allows 260 characters in a normal path. The project is stored in a path with more than 80 characters. If you experience issues with IP, Block Designs, or files not being found, please consider moving the project to a location with a shorter path. Alternately consider using the OS subst command to map part of the path to a drive letter.
Current project path is 'C:/Users/Tharusha/Documents/Academic Semester 02/Computer Organization and Digital Designing/NanoProcessor'
INFO: [Project 1-313] Project file moved from 'D:/Projects/NanoProcessor' since last save.
Scanning sources...
Finished scanning sources
INFO: [IP_Flow 19-234] Refreshing IP repositories
INFO: [IP_Flow 19-1704] No user IP repositories specified
INFO: [IP_Flow 19-2313] Loaded Vivado IP repository 'C:/Xilinx/Vivado/2018.2/data/ip'.
open_project: Time (s): cpu = 00:00:10 ; elapsed = 00:00:06 . Memory (MB): peak = 880.891 ; gain = 135.199
update_compile_order -fileset sources_1
close [ open {C:/Users/Tharusha/Documents/Academic Semester 02/Computer Organization and Digital Designing/NanoProcessor/NanoProcessor.srcs/sources_1/new/Adder_4Bit.vhd} w ]
add_files {{C:/Users/Tharusha/Documents/Academic Semester 02/Computer Organization and Digital Designing/NanoProcessor/NanoProcessor.srcs/sources_1/new/Adder_4Bit.vhd}}
update_compile_order -fileset sources_1
close [ open {C:/Users/Tharusha/Documents/Academic Semester 02/Computer Organization and Digital Designing/NanoProcessor/NanoProcessor.srcs/sources_1/new/Multiplicator.vhd} w ]
add_files {{C:/Users/Tharusha/Documents/Academic Semester 02/Computer Organization and Digital Designing/NanoProcessor/NanoProcessor.srcs/sources_1/new/Multiplicator.vhd}}
update_compile_order -fileset sources_1
set_property SOURCE_SET sources_1 [get_filesets sim_1]
close [ open {C:/Users/Tharusha/Documents/Academic Semester 02/Computer Organization and Digital Designing/NanoProcessor/NanoProcessor.srcs/sim_1/new/Adder_4Bit_Sim.vhd} w ]
add_files -fileset sim_1 {{C:/Users/Tharusha/Documents/Academic Semester 02/Computer Organization and Digital Designing/NanoProcessor/NanoProcessor.srcs/sim_1/new/Adder_4Bit_Sim.vhd}}
update_compile_order -fileset sim_1
set_property top Adder_4Bit_Sim [get_filesets sim_1]
set_property top_lib xil_defaultlib [get_filesets sim_1]
update_compile_order -fileset sim_1
launch_simulation
INFO: [Vivado 12-5682] Launching behavioral simulation in 'C:/Users/Tharusha/Documents/Academic Semester 02/Computer Organization and Digital Designing/NanoProcessor/NanoProcessor.sim/sim_1/behav/xsim'
INFO: [SIM-utils-51] Simulation object is 'sim_1'
INFO: [SIM-utils-54] Inspecting design source files for 'Adder_4Bit_Sim' in fileset 'sim_1'...
INFO: [USF-XSim-97] Finding global include files...
INFO: [USF-XSim-98] Fetching design files from 'sim_1'...
INFO: [USF-XSim-2] XSim::Compile design
INFO: [USF-XSim-61] Executing 'COMPILE and ANALYZE' step in 'C:/Users/Tharusha/Documents/Academic Semester 02/Computer Organization and Digital Designing/NanoProcessor/NanoProcessor.sim/sim_1/behav/xsim'
"xvhdl --incr --relax -prj Adder_4Bit_Sim_vhdl.prj"
INFO: [VRFC 10-163] Analyzing VHDL file "C:/Users/Tharusha/Documents/Academic Semester 02/Computer Organization and Digital Designing/NanoProcessor/NanoProcessor.srcs/sources_1/new/Adder_4Bit.vhd" into library xil_defaultlib
INFO: [VRFC 10-307] analyzing entity Adder_4Bit
INFO: [VRFC 10-163] Analyzing VHDL file "C:/Users/Tharusha/Documents/Academic Semester 02/Computer Organization and Digital Designing/NanoProcessor/NanoProcessor.srcs/sources_1/new/FA.vhd" into library xil_defaultlib
INFO: [VRFC 10-307] analyzing entity FA
INFO: [VRFC 10-163] Analyzing VHDL file "C:/Users/Tharusha/Documents/Academic Semester 02/Computer Organization and Digital Designing/NanoProcessor/NanoProcessor.srcs/sources_1/new/HA.vhd" into library xil_defaultlib
INFO: [VRFC 10-307] analyzing entity HA
INFO: [VRFC 10-163] Analyzing VHDL file "C:/Users/Tharusha/Documents/Academic Semester 02/Computer Organization and Digital Designing/NanoProcessor/NanoProcessor.srcs/sim_1/new/Adder_4Bit_Sim.vhd" into library xil_defaultlib
INFO: [VRFC 10-307] analyzing entity Adder_4Bit_Sim
INFO: [USF-XSim-69] 'compile' step finished in '1' seconds
INFO: [USF-XSim-3] XSim::Elaborate design
INFO: [USF-XSim-61] Executing 'ELABORATE' step in 'C:/Users/Tharusha/Documents/Academic Semester 02/Computer Organization and Digital Designing/NanoProcessor/NanoProcessor.sim/sim_1/behav/xsim'
Vivado Simulator 2018.2
Copyright 1986-1999, 2001-2018 Xilinx, Inc. All Rights Reserved.
Running: C:/Xilinx/Vivado/2018.2/bin/unwrapped/win64.o/xelab.exe -wto b59f4584556042b78f801fab195c5f21 --incr --debug typical --relax --mt 2 -L xil_defaultlib -L secureip --snapshot Adder_4Bit_Sim_behav xil_defaultlib.Adder_4Bit_Sim -log elaborate.log 
Using 2 slave threads.
Starting static elaboration
Completed static elaboration
Starting simulation data flow analysis
Completed simulation data flow analysis
Time Resolution for simulation is 1ps
Compiling package std.standard
Compiling package std.textio
Compiling package ieee.std_logic_1164
Compiling architecture behavioral of entity xil_defaultlib.HA [ha_default]
Compiling architecture behavioral of entity xil_defaultlib.FA [fa_default]
Compiling architecture behavioral of entity xil_defaultlib.Adder_4Bit [adder_4bit_default]
Compiling architecture behavioral of entity xil_defaultlib.adder_4bit_sim
Built simulation snapshot Adder_4Bit_Sim_behav

****** Webtalk v2018.2 (64-bit)
  **** SW Build 2258646 on Thu Jun 14 20:03:12 MDT 2018
  **** IP Build 2256618 on Thu Jun 14 22:10:49 MDT 2018
    ** Copyright 1986-2018 Xilinx, Inc. All Rights Reserved.

source C:/Users/Tharusha/Documents/Academic -notrace
couldn't read file "C:/Users/Tharusha/Documents/Academic": permission denied
INFO: [Common 17-206] Exiting Webtalk at Sun Jun  4 12:34:20 2023...
INFO: [USF-XSim-69] 'elaborate' step finished in '3' seconds
INFO: [USF-XSim-4] XSim::Simulate design
INFO: [USF-XSim-61] Executing 'SIMULATE' step in 'C:/Users/Tharusha/Documents/Academic Semester 02/Computer Organization and Digital Designing/NanoProcessor/NanoProcessor.sim/sim_1/behav/xsim'
INFO: [USF-XSim-98] *** Running xsim
   with args "Adder_4Bit_Sim_behav -key {Behavioral:sim_1:Functional:Adder_4Bit_Sim} -tclbatch {Adder_4Bit_Sim.tcl} -view {{C:/Users/Tharusha/Documents/Academic Semester 02/Computer Organization and Digital Designing/NanoProcessor/Processor_Sim_behav.wcfg}} -log {simulate.log}"
INFO: [USF-XSim-8] Loading simulator feature
Vivado Simulator 2018.2
Time resolution is 1 ps
open_wave_config {C:/Users/Tharusha/Documents/Academic Semester 02/Computer Organization and Digital Designing/NanoProcessor/Processor_Sim_behav.wcfg}
WARNING: Simulation object /Logical_Unit_Sim/A_in was not found in the design.
WARNING: Simulation object /Logical_Unit_Sim/B_in was not found in the design.
WARNING: Simulation object /Logical_Unit_Sim/M was not found in the design.
WARNING: Simulation object /Logical_Unit_Sim/S_out was not found in the design.
source Adder_4Bit_Sim.tcl
# set curr_wave [current_wave_config]
# if { [string length $curr_wave] == 0 } {
#   if { [llength [get_objects]] > 0} {
#     add_wave /
#     set_property needs_save false [current_wave_config]
#   } else {
#      send_msg_id Add_Wave-1 WARNING "No top level signals found. Simulator will start without a wave window. If you want to open a wave window go to 'File->New Waveform Configuration' or type 'create_wave_config' in the TCL console."
#   }
# }
# run 1000ns
INFO: [USF-XSim-96] XSim completed. Design snapshot 'Adder_4Bit_Sim_behav' loaded.
INFO: [USF-XSim-97] XSim simulation ran for 1000ns
launch_simulation: Time (s): cpu = 00:00:05 ; elapsed = 00:00:06 . Memory (MB): peak = 939.941 ; gain = 18.633
current_wave_config {Processor_Sim_behav.wcfg}
Processor_Sim_behav.wcfg
add_wave {{/Adder_4Bit_Sim/A_in}} {{/Adder_4Bit_Sim/B_in}} {{/Adder_4Bit_Sim/S_out}} {{/Adder_4Bit_Sim/LSB}} {{/Adder_4Bit_Sim/Q}} 
save_wave_config {C:/Users/Tharusha/Documents/Academic Semester 02/Computer Organization and Digital Designing/NanoProcessor/Processor_Sim_behav.wcfg}
close_sim
INFO: [Simtcl 6-16] Simulation closed
launch_simulation
INFO: [Vivado 12-5682] Launching behavioral simulation in 'C:/Users/Tharusha/Documents/Academic Semester 02/Computer Organization and Digital Designing/NanoProcessor/NanoProcessor.sim/sim_1/behav/xsim'
INFO: [SIM-utils-51] Simulation object is 'sim_1'
INFO: [SIM-utils-54] Inspecting design source files for 'Adder_4Bit_Sim' in fileset 'sim_1'...
INFO: [USF-XSim-97] Finding global include files...
INFO: [USF-XSim-98] Fetching design files from 'sim_1'...
INFO: [USF-XSim-2] XSim::Compile design
INFO: [USF-XSim-61] Executing 'COMPILE and ANALYZE' step in 'C:/Users/Tharusha/Documents/Academic Semester 02/Computer Organization and Digital Designing/NanoProcessor/NanoProcessor.sim/sim_1/behav/xsim'
"xvhdl --incr --relax -prj Adder_4Bit_Sim_vhdl.prj"
INFO: [USF-XSim-69] 'compile' step finished in '1' seconds
INFO: [USF-XSim-3] XSim::Elaborate design
INFO: [USF-XSim-61] Executing 'ELABORATE' step in 'C:/Users/Tharusha/Documents/Academic Semester 02/Computer Organization and Digital Designing/NanoProcessor/NanoProcessor.sim/sim_1/behav/xsim'
Vivado Simulator 2018.2
Copyright 1986-1999, 2001-2018 Xilinx, Inc. All Rights Reserved.
Running: C:/Xilinx/Vivado/2018.2/bin/unwrapped/win64.o/xelab.exe -wto b59f4584556042b78f801fab195c5f21 --incr --debug typical --relax --mt 2 -L xil_defaultlib -L secureip --snapshot Adder_4Bit_Sim_behav xil_defaultlib.Adder_4Bit_Sim -log elaborate.log 
Using 2 slave threads.
Starting static elaboration
Completed static elaboration
INFO: [XSIM 43-4323] No Change in HDL. Linking previously generated obj files to create kernel
INFO: [USF-XSim-69] 'elaborate' step finished in '1' seconds
INFO: [USF-XSim-4] XSim::Simulate design
INFO: [USF-XSim-61] Executing 'SIMULATE' step in 'C:/Users/Tharusha/Documents/Academic Semester 02/Computer Organization and Digital Designing/NanoProcessor/NanoProcessor.sim/sim_1/behav/xsim'
INFO: [USF-XSim-98] *** Running xsim
   with args "Adder_4Bit_Sim_behav -key {Behavioral:sim_1:Functional:Adder_4Bit_Sim} -tclbatch {Adder_4Bit_Sim.tcl} -view {{C:/Users/Tharusha/Documents/Academic Semester 02/Computer Organization and Digital Designing/NanoProcessor/Processor_Sim_behav.wcfg}} -log {simulate.log}"
INFO: [USF-XSim-8] Loading simulator feature
Vivado Simulator 2018.2
Time resolution is 1 ps
open_wave_config {C:/Users/Tharusha/Documents/Academic Semester 02/Computer Organization and Digital Designing/NanoProcessor/Processor_Sim_behav.wcfg}
source Adder_4Bit_Sim.tcl
# set curr_wave [current_wave_config]
# if { [string length $curr_wave] == 0 } {
#   if { [llength [get_objects]] > 0} {
#     add_wave /
#     set_property needs_save false [current_wave_config]
#   } else {
#      send_msg_id Add_Wave-1 WARNING "No top level signals found. Simulator will start without a wave window. If you want to open a wave window go to 'File->New Waveform Configuration' or type 'create_wave_config' in the TCL console."
#   }
# }
# run 1000ns
INFO: [USF-XSim-96] XSim completed. Design snapshot 'Adder_4Bit_Sim_behav' loaded.
INFO: [USF-XSim-97] XSim simulation ran for 1000ns
set_property SOURCE_SET sources_1 [get_filesets sim_1]
close [ open {C:/Users/Tharusha/Documents/Academic Semester 02/Computer Organization and Digital Designing/NanoProcessor/NanoProcessor.srcs/sim_1/new/Multiplicator_Sim.vhd} w ]
add_files -fileset sim_1 {{C:/Users/Tharusha/Documents/Academic Semester 02/Computer Organization and Digital Designing/NanoProcessor/NanoProcessor.srcs/sim_1/new/Multiplicator_Sim.vhd}}
update_compile_order -fileset sim_1
set_property top Multiplicator_Sim [get_filesets sim_1]
set_property top_lib xil_defaultlib [get_filesets sim_1]
launch_simulation
INFO: [Vivado 12-5682] Launching behavioral simulation in 'C:/Users/Tharusha/Documents/Academic Semester 02/Computer Organization and Digital Designing/NanoProcessor/NanoProcessor.sim/sim_1/behav/xsim'
INFO: [SIM-utils-51] Simulation object is 'sim_1'
INFO: [SIM-utils-54] Inspecting design source files for 'Multiplicator_Sim' in fileset 'sim_1'...
INFO: [USF-XSim-97] Finding global include files...
INFO: [USF-XSim-98] Fetching design files from 'sim_1'...
INFO: [USF-XSim-2] XSim::Compile design
INFO: [USF-XSim-61] Executing 'COMPILE and ANALYZE' step in 'C:/Users/Tharusha/Documents/Academic Semester 02/Computer Organization and Digital Designing/NanoProcessor/NanoProcessor.sim/sim_1/behav/xsim'
"xvhdl --incr --relax -prj Multiplicator_Sim_vhdl.prj"
INFO: [VRFC 10-163] Analyzing VHDL file "C:/Users/Tharusha/Documents/Academic Semester 02/Computer Organization and Digital Designing/NanoProcessor/NanoProcessor.srcs/sources_1/new/Multiplicator.vhd" into library xil_defaultlib
INFO: [VRFC 10-307] analyzing entity Multiplicator
INFO: [VRFC 10-163] Analyzing VHDL file "C:/Users/Tharusha/Documents/Academic Semester 02/Computer Organization and Digital Designing/NanoProcessor/NanoProcessor.srcs/sim_1/new/Multiplicator_Sim.vhd" into library xil_defaultlib
INFO: [VRFC 10-307] analyzing entity Multiplicator_Sim
INFO: [USF-XSim-69] 'compile' step finished in '1' seconds
INFO: [USF-XSim-3] XSim::Elaborate design
INFO: [USF-XSim-61] Executing 'ELABORATE' step in 'C:/Users/Tharusha/Documents/Academic Semester 02/Computer Organization and Digital Designing/NanoProcessor/NanoProcessor.sim/sim_1/behav/xsim'
Vivado Simulator 2018.2
Copyright 1986-1999, 2001-2018 Xilinx, Inc. All Rights Reserved.
Running: C:/Xilinx/Vivado/2018.2/bin/unwrapped/win64.o/xelab.exe -wto b59f4584556042b78f801fab195c5f21 --incr --debug typical --relax --mt 2 -L xil_defaultlib -L secureip --snapshot Multiplicator_Sim_behav xil_defaultlib.Multiplicator_Sim -log elaborate.log 
Using 2 slave threads.
Starting static elaboration
ERROR: [VRFC 10-619] entity port b_in does not match with type std_logic of component port [C:/Users/Tharusha/Documents/Academic Semester 02/Computer Organization and Digital Designing/NanoProcessor/NanoProcessor.srcs/sources_1/new/Multiplicator.vhd:43]
ERROR: [VRFC 10-664] expression has 9 elements ; expected 4 [C:/Users/Tharusha/Documents/Academic Semester 02/Computer Organization and Digital Designing/NanoProcessor/NanoProcessor.srcs/sources_1/new/Multiplicator.vhd:43]
ERROR: [VRFC 10-619] entity port q does not match with type std_logic_vector of component port [C:/Users/Tharusha/Documents/Academic Semester 02/Computer Organization and Digital Designing/NanoProcessor/NanoProcessor.srcs/sources_1/new/Multiplicator.vhd:44]
ERROR: [XSIM 43-3321] Static elaboration of top level VHDL design unit multiplicator_sim in library work failed.
INFO: [USF-XSim-69] 'elaborate' step finished in '1' seconds
INFO: [USF-XSim-99] Step results log file:'C:/Users/Tharusha/Documents/Academic Semester 02/Computer Organization and Digital Designing/NanoProcessor/NanoProcessor.sim/sim_1/behav/xsim/elaborate.log'
ERROR: [USF-XSim-62] 'elaborate' step failed with error(s). Please check the Tcl console output or 'C:/Users/Tharusha/Documents/Academic Semester 02/Computer Organization and Digital Designing/NanoProcessor/NanoProcessor.sim/sim_1/behav/xsim/elaborate.log' file for more information.
ERROR: [Vivado 12-4473] Detected error while running simulation. Please correct the issue and retry this operation.
ERROR: [Common 17-39] 'launch_simulation' failed due to earlier errors.
update_compile_order -fileset sim_1
launch_simulation
INFO: [Vivado 12-5682] Launching behavioral simulation in 'C:/Users/Tharusha/Documents/Academic Semester 02/Computer Organization and Digital Designing/NanoProcessor/NanoProcessor.sim/sim_1/behav/xsim'
INFO: [SIM-utils-51] Simulation object is 'sim_1'
INFO: [SIM-utils-54] Inspecting design source files for 'Multiplicator_Sim' in fileset 'sim_1'...
INFO: [USF-XSim-97] Finding global include files...
INFO: [USF-XSim-98] Fetching design files from 'sim_1'...
INFO: [USF-XSim-2] XSim::Compile design
INFO: [USF-XSim-61] Executing 'COMPILE and ANALYZE' step in 'C:/Users/Tharusha/Documents/Academic Semester 02/Computer Organization and Digital Designing/NanoProcessor/NanoProcessor.sim/sim_1/behav/xsim'
"xvhdl --incr --relax -prj Multiplicator_Sim_vhdl.prj"
INFO: [VRFC 10-163] Analyzing VHDL file "C:/Users/Tharusha/Documents/Academic Semester 02/Computer Organization and Digital Designing/NanoProcessor/NanoProcessor.srcs/sim_1/new/Multiplicator_Sim.vhd" into library xil_defaultlib
INFO: [VRFC 10-307] analyzing entity Multiplicator_Sim
INFO: [USF-XSim-69] 'compile' step finished in '1' seconds
INFO: [USF-XSim-3] XSim::Elaborate design
INFO: [USF-XSim-61] Executing 'ELABORATE' step in 'C:/Users/Tharusha/Documents/Academic Semester 02/Computer Organization and Digital Designing/NanoProcessor/NanoProcessor.sim/sim_1/behav/xsim'
Vivado Simulator 2018.2
Copyright 1986-1999, 2001-2018 Xilinx, Inc. All Rights Reserved.
Running: C:/Xilinx/Vivado/2018.2/bin/unwrapped/win64.o/xelab.exe -wto b59f4584556042b78f801fab195c5f21 --incr --debug typical --relax --mt 2 -L xil_defaultlib -L secureip --snapshot Multiplicator_Sim_behav xil_defaultlib.Multiplicator_Sim -log elaborate.log 
Using 2 slave threads.
Starting static elaboration
ERROR: [VRFC 10-619] entity port b_in does not match with type std_logic of component port [C:/Users/Tharusha/Documents/Academic Semester 02/Computer Organization and Digital Designing/NanoProcessor/NanoProcessor.srcs/sources_1/new/Multiplicator.vhd:43]
ERROR: [VRFC 10-664] expression has 9 elements ; expected 4 [C:/Users/Tharusha/Documents/Academic Semester 02/Computer Organization and Digital Designing/NanoProcessor/NanoProcessor.srcs/sources_1/new/Multiplicator.vhd:43]
ERROR: [VRFC 10-619] entity port q does not match with type std_logic_vector of component port [C:/Users/Tharusha/Documents/Academic Semester 02/Computer Organization and Digital Designing/NanoProcessor/NanoProcessor.srcs/sources_1/new/Multiplicator.vhd:44]
ERROR: [XSIM 43-3321] Static elaboration of top level VHDL design unit multiplicator_sim in library work failed.
INFO: [USF-XSim-69] 'elaborate' step finished in '1' seconds
INFO: [USF-XSim-99] Step results log file:'C:/Users/Tharusha/Documents/Academic Semester 02/Computer Organization and Digital Designing/NanoProcessor/NanoProcessor.sim/sim_1/behav/xsim/elaborate.log'
ERROR: [USF-XSim-62] 'elaborate' step failed with error(s). Please check the Tcl console output or 'C:/Users/Tharusha/Documents/Academic Semester 02/Computer Organization and Digital Designing/NanoProcessor/NanoProcessor.sim/sim_1/behav/xsim/elaborate.log' file for more information.
ERROR: [Vivado 12-4473] Detected error while running simulation. Please correct the issue and retry this operation.
ERROR: [Common 17-39] 'launch_simulation' failed due to earlier errors.
launch_simulation
INFO: [Vivado 12-5682] Launching behavioral simulation in 'C:/Users/Tharusha/Documents/Academic Semester 02/Computer Organization and Digital Designing/NanoProcessor/NanoProcessor.sim/sim_1/behav/xsim'
INFO: [SIM-utils-51] Simulation object is 'sim_1'
INFO: [SIM-utils-54] Inspecting design source files for 'Multiplicator_Sim' in fileset 'sim_1'...
INFO: [USF-XSim-97] Finding global include files...
INFO: [USF-XSim-98] Fetching design files from 'sim_1'...
INFO: [USF-XSim-2] XSim::Compile design
INFO: [USF-XSim-61] Executing 'COMPILE and ANALYZE' step in 'C:/Users/Tharusha/Documents/Academic Semester 02/Computer Organization and Digital Designing/NanoProcessor/NanoProcessor.sim/sim_1/behav/xsim'
"xvhdl --incr --relax -prj Multiplicator_Sim_vhdl.prj"
INFO: [VRFC 10-163] Analyzing VHDL file "C:/Users/Tharusha/Documents/Academic Semester 02/Computer Organization and Digital Designing/NanoProcessor/NanoProcessor.srcs/sources_1/new/Adder_4Bit.vhd" into library xil_defaultlib
INFO: [VRFC 10-307] analyzing entity Adder_4Bit
INFO: [VRFC 10-163] Analyzing VHDL file "C:/Users/Tharusha/Documents/Academic Semester 02/Computer Organization and Digital Designing/NanoProcessor/NanoProcessor.srcs/sources_1/new/Multiplicator.vhd" into library xil_defaultlib
INFO: [VRFC 10-307] analyzing entity Multiplicator
INFO: [USF-XSim-69] 'compile' step finished in '1' seconds
INFO: [USF-XSim-3] XSim::Elaborate design
INFO: [USF-XSim-61] Executing 'ELABORATE' step in 'C:/Users/Tharusha/Documents/Academic Semester 02/Computer Organization and Digital Designing/NanoProcessor/NanoProcessor.sim/sim_1/behav/xsim'
Vivado Simulator 2018.2
Copyright 1986-1999, 2001-2018 Xilinx, Inc. All Rights Reserved.
Running: C:/Xilinx/Vivado/2018.2/bin/unwrapped/win64.o/xelab.exe -wto b59f4584556042b78f801fab195c5f21 --incr --debug typical --relax --mt 2 -L xil_defaultlib -L secureip --snapshot Multiplicator_Sim_behav xil_defaultlib.Multiplicator_Sim -log elaborate.log 
Using 2 slave threads.
Starting static elaboration
Completed static elaboration
Starting simulation data flow analysis
Completed simulation data flow analysis
Time Resolution for simulation is 1ps
Compiling package std.standard
Compiling package std.textio
Compiling package ieee.std_logic_1164
Compiling architecture behavioral of entity xil_defaultlib.HA [ha_default]
Compiling architecture behavioral of entity xil_defaultlib.FA [fa_default]
Compiling architecture behavioral of entity xil_defaultlib.Adder_4Bit [adder_4bit_default]
Compiling architecture behavioral of entity xil_defaultlib.Multiplicator [multiplicator_default]
Compiling architecture behavioral of entity xil_defaultlib.multiplicator_sim
Built simulation snapshot Multiplicator_Sim_behav

****** Webtalk v2018.2 (64-bit)
  **** SW Build 2258646 on Thu Jun 14 20:03:12 MDT 2018
  **** IP Build 2256618 on Thu Jun 14 22:10:49 MDT 2018
    ** Copyright 1986-2018 Xilinx, Inc. All Rights Reserved.

source C:/Users/Tharusha/Documents/Academic -notrace
couldn't read file "C:/Users/Tharusha/Documents/Academic": permission denied
INFO: [Common 17-206] Exiting Webtalk at Sun Jun  4 12:44:35 2023...
INFO: [USF-XSim-69] 'elaborate' step finished in '2' seconds
INFO: [USF-XSim-4] XSim::Simulate design
INFO: [USF-XSim-61] Executing 'SIMULATE' step in 'C:/Users/Tharusha/Documents/Academic Semester 02/Computer Organization and Digital Designing/NanoProcessor/NanoProcessor.sim/sim_1/behav/xsim'
INFO: [USF-XSim-98] *** Running xsim
   with args "Multiplicator_Sim_behav -key {Behavioral:sim_1:Functional:Multiplicator_Sim} -tclbatch {Multiplicator_Sim.tcl} -view {{C:/Users/Tharusha/Documents/Academic Semester 02/Computer Organization and Digital Designing/NanoProcessor/Processor_Sim_behav.wcfg}} -log {simulate.log}"
INFO: [USF-XSim-8] Loading simulator feature
Vivado Simulator 2018.2
Time resolution is 1 ps
open_wave_config {C:/Users/Tharusha/Documents/Academic Semester 02/Computer Organization and Digital Designing/NanoProcessor/Processor_Sim_behav.wcfg}
WARNING: Simulation object /Adder_4Bit_Sim/A_in was not found in the design.
WARNING: Simulation object /Adder_4Bit_Sim/B_in was not found in the design.
WARNING: Simulation object /Adder_4Bit_Sim/S_out was not found in the design.
WARNING: Simulation object /Adder_4Bit_Sim/LSB was not found in the design.
WARNING: Simulation object /Adder_4Bit_Sim/Q was not found in the design.
source Multiplicator_Sim.tcl
# set curr_wave [current_wave_config]
# if { [string length $curr_wave] == 0 } {
#   if { [llength [get_objects]] > 0} {
#     add_wave /
#     set_property needs_save false [current_wave_config]
#   } else {
#      send_msg_id Add_Wave-1 WARNING "No top level signals found. Simulator will start without a wave window. If you want to open a wave window go to 'File->New Waveform Configuration' or type 'create_wave_config' in the TCL console."
#   }
# }
# run 1000ns
INFO: [USF-XSim-96] XSim completed. Design snapshot 'Multiplicator_Sim_behav' loaded.
INFO: [USF-XSim-97] XSim simulation ran for 1000ns
launch_simulation: Time (s): cpu = 00:00:03 ; elapsed = 00:00:07 . Memory (MB): peak = 966.367 ; gain = 1.645
current_wave_config {Processor_Sim_behav.wcfg}
Processor_Sim_behav.wcfg
add_wave {{/Multiplicator_Sim/A_in}} {{/Multiplicator_Sim/B_in}} {{/Multiplicator_Sim/S_out}} 
save_wave_config {C:/Users/Tharusha/Documents/Academic Semester 02/Computer Organization and Digital Designing/NanoProcessor/Processor_Sim_behav.wcfg}
close_sim
INFO: [Simtcl 6-16] Simulation closed
launch_simulation
INFO: [Vivado 12-5682] Launching behavioral simulation in 'C:/Users/Tharusha/Documents/Academic Semester 02/Computer Organization and Digital Designing/NanoProcessor/NanoProcessor.sim/sim_1/behav/xsim'
INFO: [SIM-utils-51] Simulation object is 'sim_1'
INFO: [SIM-utils-54] Inspecting design source files for 'Multiplicator_Sim' in fileset 'sim_1'...
INFO: [USF-XSim-97] Finding global include files...
INFO: [USF-XSim-98] Fetching design files from 'sim_1'...
INFO: [USF-XSim-2] XSim::Compile design
INFO: [USF-XSim-61] Executing 'COMPILE and ANALYZE' step in 'C:/Users/Tharusha/Documents/Academic Semester 02/Computer Organization and Digital Designing/NanoProcessor/NanoProcessor.sim/sim_1/behav/xsim'
"xvhdl --incr --relax -prj Multiplicator_Sim_vhdl.prj"
INFO: [USF-XSim-69] 'compile' step finished in '1' seconds
INFO: [USF-XSim-3] XSim::Elaborate design
INFO: [USF-XSim-61] Executing 'ELABORATE' step in 'C:/Users/Tharusha/Documents/Academic Semester 02/Computer Organization and Digital Designing/NanoProcessor/NanoProcessor.sim/sim_1/behav/xsim'
Vivado Simulator 2018.2
Copyright 1986-1999, 2001-2018 Xilinx, Inc. All Rights Reserved.
Running: C:/Xilinx/Vivado/2018.2/bin/unwrapped/win64.o/xelab.exe -wto b59f4584556042b78f801fab195c5f21 --incr --debug typical --relax --mt 2 -L xil_defaultlib -L secureip --snapshot Multiplicator_Sim_behav xil_defaultlib.Multiplicator_Sim -log elaborate.log 
Using 2 slave threads.
Starting static elaboration
Completed static elaboration
INFO: [XSIM 43-4323] No Change in HDL. Linking previously generated obj files to create kernel
INFO: [USF-XSim-69] 'elaborate' step finished in '1' seconds
INFO: [USF-XSim-4] XSim::Simulate design
INFO: [USF-XSim-61] Executing 'SIMULATE' step in 'C:/Users/Tharusha/Documents/Academic Semester 02/Computer Organization and Digital Designing/NanoProcessor/NanoProcessor.sim/sim_1/behav/xsim'
INFO: [USF-XSim-98] *** Running xsim
   with args "Multiplicator_Sim_behav -key {Behavioral:sim_1:Functional:Multiplicator_Sim} -tclbatch {Multiplicator_Sim.tcl} -view {{C:/Users/Tharusha/Documents/Academic Semester 02/Computer Organization and Digital Designing/NanoProcessor/Processor_Sim_behav.wcfg}} -log {simulate.log}"
INFO: [USF-XSim-8] Loading simulator feature
Vivado Simulator 2018.2
Time resolution is 1 ps
open_wave_config {C:/Users/Tharusha/Documents/Academic Semester 02/Computer Organization and Digital Designing/NanoProcessor/Processor_Sim_behav.wcfg}
source Multiplicator_Sim.tcl
# set curr_wave [current_wave_config]
# if { [string length $curr_wave] == 0 } {
#   if { [llength [get_objects]] > 0} {
#     add_wave /
#     set_property needs_save false [current_wave_config]
#   } else {
#      send_msg_id Add_Wave-1 WARNING "No top level signals found. Simulator will start without a wave window. If you want to open a wave window go to 'File->New Waveform Configuration' or type 'create_wave_config' in the TCL console."
#   }
# }
# run 1000ns
INFO: [USF-XSim-96] XSim completed. Design snapshot 'Multiplicator_Sim_behav' loaded.
INFO: [USF-XSim-97] XSim simulation ran for 1000ns
set_property top Adder_4Bit_Sim [get_filesets sim_1]
set_property top_lib xil_defaultlib [get_filesets sim_1]
update_compile_order -fileset sim_1
current_sim simulation_2
close_sim
INFO: [Simtcl 6-16] Simulation closed
launch_simulation
INFO: [Vivado 12-5682] Launching behavioral simulation in 'C:/Users/Tharusha/Documents/Academic Semester 02/Computer Organization and Digital Designing/NanoProcessor/NanoProcessor.sim/sim_1/behav/xsim'
INFO: [SIM-utils-51] Simulation object is 'sim_1'
INFO: [SIM-utils-54] Inspecting design source files for 'Adder_4Bit_Sim' in fileset 'sim_1'...
INFO: [USF-XSim-97] Finding global include files...
INFO: [USF-XSim-98] Fetching design files from 'sim_1'...
INFO: [USF-XSim-2] XSim::Compile design
INFO: [USF-XSim-61] Executing 'COMPILE and ANALYZE' step in 'C:/Users/Tharusha/Documents/Academic Semester 02/Computer Organization and Digital Designing/NanoProcessor/NanoProcessor.sim/sim_1/behav/xsim'
"xvhdl --incr --relax -prj Adder_4Bit_Sim_vhdl.prj"
INFO: [VRFC 10-163] Analyzing VHDL file "C:/Users/Tharusha/Documents/Academic Semester 02/Computer Organization and Digital Designing/NanoProcessor/NanoProcessor.srcs/sim_1/new/Adder_4Bit_Sim.vhd" into library xil_defaultlib
INFO: [VRFC 10-307] analyzing entity Adder_4Bit_Sim
INFO: [USF-XSim-69] 'compile' step finished in '1' seconds
INFO: [USF-XSim-3] XSim::Elaborate design
INFO: [USF-XSim-61] Executing 'ELABORATE' step in 'C:/Users/Tharusha/Documents/Academic Semester 02/Computer Organization and Digital Designing/NanoProcessor/NanoProcessor.sim/sim_1/behav/xsim'
Vivado Simulator 2018.2
Copyright 1986-1999, 2001-2018 Xilinx, Inc. All Rights Reserved.
Running: C:/Xilinx/Vivado/2018.2/bin/unwrapped/win64.o/xelab.exe -wto b59f4584556042b78f801fab195c5f21 --incr --debug typical --relax --mt 2 -L xil_defaultlib -L secureip --snapshot Adder_4Bit_Sim_behav xil_defaultlib.Adder_4Bit_Sim -log elaborate.log 
Using 2 slave threads.
Starting static elaboration
Completed static elaboration
Starting simulation data flow analysis
Completed simulation data flow analysis
Time Resolution for simulation is 1ps
Compiling package std.standard
Compiling package std.textio
Compiling package ieee.std_logic_1164
Compiling architecture behavioral of entity xil_defaultlib.HA [ha_default]
Compiling architecture behavioral of entity xil_defaultlib.FA [fa_default]
Compiling architecture behavioral of entity xil_defaultlib.Adder_4Bit [adder_4bit_default]
Compiling architecture behavioral of entity xil_defaultlib.adder_4bit_sim
Built simulation snapshot Adder_4Bit_Sim_behav
INFO: [USF-XSim-69] 'elaborate' step finished in '1' seconds
INFO: [USF-XSim-4] XSim::Simulate design
INFO: [USF-XSim-61] Executing 'SIMULATE' step in 'C:/Users/Tharusha/Documents/Academic Semester 02/Computer Organization and Digital Designing/NanoProcessor/NanoProcessor.sim/sim_1/behav/xsim'
INFO: [USF-XSim-98] *** Running xsim
   with args "Adder_4Bit_Sim_behav -key {Behavioral:sim_1:Functional:Adder_4Bit_Sim} -tclbatch {Adder_4Bit_Sim.tcl} -view {{C:/Users/Tharusha/Documents/Academic Semester 02/Computer Organization and Digital Designing/NanoProcessor/Processor_Sim_behav.wcfg}} -log {simulate.log}"
INFO: [USF-XSim-8] Loading simulator feature
Vivado Simulator 2018.2
Time resolution is 1 ps
open_wave_config {C:/Users/Tharusha/Documents/Academic Semester 02/Computer Organization and Digital Designing/NanoProcessor/Processor_Sim_behav.wcfg}
WARNING: Simulation object /Multiplicator_Sim/A_in was not found in the design.
WARNING: Simulation object /Multiplicator_Sim/B_in was not found in the design.
WARNING: Simulation object /Multiplicator_Sim/S_out was not found in the design.
source Adder_4Bit_Sim.tcl
# set curr_wave [current_wave_config]
# if { [string length $curr_wave] == 0 } {
#   if { [llength [get_objects]] > 0} {
#     add_wave /
#     set_property needs_save false [current_wave_config]
#   } else {
#      send_msg_id Add_Wave-1 WARNING "No top level signals found. Simulator will start without a wave window. If you want to open a wave window go to 'File->New Waveform Configuration' or type 'create_wave_config' in the TCL console."
#   }
# }
# run 1000ns
INFO: [USF-XSim-96] XSim completed. Design snapshot 'Adder_4Bit_Sim_behav' loaded.
INFO: [USF-XSim-97] XSim simulation ran for 1000ns
current_wave_config {Processor_Sim_behav.wcfg}
Processor_Sim_behav.wcfg
add_wave {{/Adder_4Bit_Sim/A_in}} {{/Adder_4Bit_Sim/Q}} {{/Adder_4Bit_Sim/S_out}} {{/Adder_4Bit_Sim/LSB}} {{/Adder_4Bit_Sim/B_in}} 
save_wave_config {C:/Users/Tharusha/Documents/Academic Semester 02/Computer Organization and Digital Designing/NanoProcessor/Processor_Sim_behav.wcfg}
close_sim
INFO: [Simtcl 6-16] Simulation closed
launch_simulation
INFO: [Vivado 12-5682] Launching behavioral simulation in 'C:/Users/Tharusha/Documents/Academic Semester 02/Computer Organization and Digital Designing/NanoProcessor/NanoProcessor.sim/sim_1/behav/xsim'
INFO: [SIM-utils-51] Simulation object is 'sim_1'
INFO: [SIM-utils-54] Inspecting design source files for 'Adder_4Bit_Sim' in fileset 'sim_1'...
INFO: [USF-XSim-97] Finding global include files...
INFO: [USF-XSim-98] Fetching design files from 'sim_1'...
INFO: [USF-XSim-2] XSim::Compile design
INFO: [USF-XSim-61] Executing 'COMPILE and ANALYZE' step in 'C:/Users/Tharusha/Documents/Academic Semester 02/Computer Organization and Digital Designing/NanoProcessor/NanoProcessor.sim/sim_1/behav/xsim'
"xvhdl --incr --relax -prj Adder_4Bit_Sim_vhdl.prj"
INFO: [USF-XSim-69] 'compile' step finished in '1' seconds
INFO: [USF-XSim-3] XSim::Elaborate design
INFO: [USF-XSim-61] Executing 'ELABORATE' step in 'C:/Users/Tharusha/Documents/Academic Semester 02/Computer Organization and Digital Designing/NanoProcessor/NanoProcessor.sim/sim_1/behav/xsim'
Vivado Simulator 2018.2
Copyright 1986-1999, 2001-2018 Xilinx, Inc. All Rights Reserved.
Running: C:/Xilinx/Vivado/2018.2/bin/unwrapped/win64.o/xelab.exe -wto b59f4584556042b78f801fab195c5f21 --incr --debug typical --relax --mt 2 -L xil_defaultlib -L secureip --snapshot Adder_4Bit_Sim_behav xil_defaultlib.Adder_4Bit_Sim -log elaborate.log 
Using 2 slave threads.
Starting static elaboration
Completed static elaboration
INFO: [XSIM 43-4323] No Change in HDL. Linking previously generated obj files to create kernel
INFO: [USF-XSim-69] 'elaborate' step finished in '1' seconds
INFO: [USF-XSim-4] XSim::Simulate design
INFO: [USF-XSim-61] Executing 'SIMULATE' step in 'C:/Users/Tharusha/Documents/Academic Semester 02/Computer Organization and Digital Designing/NanoProcessor/NanoProcessor.sim/sim_1/behav/xsim'
INFO: [USF-XSim-98] *** Running xsim
   with args "Adder_4Bit_Sim_behav -key {Behavioral:sim_1:Functional:Adder_4Bit_Sim} -tclbatch {Adder_4Bit_Sim.tcl} -view {{C:/Users/Tharusha/Documents/Academic Semester 02/Computer Organization and Digital Designing/NanoProcessor/Processor_Sim_behav.wcfg}} -log {simulate.log}"
INFO: [USF-XSim-8] Loading simulator feature
Vivado Simulator 2018.2
Time resolution is 1 ps
open_wave_config {C:/Users/Tharusha/Documents/Academic Semester 02/Computer Organization and Digital Designing/NanoProcessor/Processor_Sim_behav.wcfg}
source Adder_4Bit_Sim.tcl
# set curr_wave [current_wave_config]
# if { [string length $curr_wave] == 0 } {
#   if { [llength [get_objects]] > 0} {
#     add_wave /
#     set_property needs_save false [current_wave_config]
#   } else {
#      send_msg_id Add_Wave-1 WARNING "No top level signals found. Simulator will start without a wave window. If you want to open a wave window go to 'File->New Waveform Configuration' or type 'create_wave_config' in the TCL console."
#   }
# }
# run 1000ns
INFO: [USF-XSim-96] XSim completed. Design snapshot 'Adder_4Bit_Sim_behav' loaded.
INFO: [USF-XSim-97] XSim simulation ran for 1000ns
set_property top Multiplicator_Sim [get_filesets sim_1]
set_property top_lib xil_defaultlib [get_filesets sim_1]
update_compile_order -fileset sim_1
current_sim simulation_4
close_sim
INFO: [Simtcl 6-16] Simulation closed
launch_simulation
INFO: [Vivado 12-5682] Launching behavioral simulation in 'C:/Users/Tharusha/Documents/Academic Semester 02/Computer Organization and Digital Designing/NanoProcessor/NanoProcessor.sim/sim_1/behav/xsim'
INFO: [SIM-utils-51] Simulation object is 'sim_1'
INFO: [SIM-utils-54] Inspecting design source files for 'Multiplicator_Sim' in fileset 'sim_1'...
INFO: [USF-XSim-97] Finding global include files...
INFO: [USF-XSim-98] Fetching design files from 'sim_1'...
INFO: [USF-XSim-2] XSim::Compile design
INFO: [USF-XSim-61] Executing 'COMPILE and ANALYZE' step in 'C:/Users/Tharusha/Documents/Academic Semester 02/Computer Organization and Digital Designing/NanoProcessor/NanoProcessor.sim/sim_1/behav/xsim'
"xvhdl --incr --relax -prj Multiplicator_Sim_vhdl.prj"
INFO: [USF-XSim-69] 'compile' step finished in '1' seconds
INFO: [USF-XSim-3] XSim::Elaborate design
INFO: [USF-XSim-61] Executing 'ELABORATE' step in 'C:/Users/Tharusha/Documents/Academic Semester 02/Computer Organization and Digital Designing/NanoProcessor/NanoProcessor.sim/sim_1/behav/xsim'
Vivado Simulator 2018.2
Copyright 1986-1999, 2001-2018 Xilinx, Inc. All Rights Reserved.
Running: C:/Xilinx/Vivado/2018.2/bin/unwrapped/win64.o/xelab.exe -wto b59f4584556042b78f801fab195c5f21 --incr --debug typical --relax --mt 2 -L xil_defaultlib -L secureip --snapshot Multiplicator_Sim_behav xil_defaultlib.Multiplicator_Sim -log elaborate.log 
Using 2 slave threads.
Starting static elaboration
Completed static elaboration
INFO: [XSIM 43-4323] No Change in HDL. Linking previously generated obj files to create kernel
INFO: [USF-XSim-69] 'elaborate' step finished in '1' seconds
INFO: [USF-XSim-4] XSim::Simulate design
INFO: [USF-XSim-61] Executing 'SIMULATE' step in 'C:/Users/Tharusha/Documents/Academic Semester 02/Computer Organization and Digital Designing/NanoProcessor/NanoProcessor.sim/sim_1/behav/xsim'
INFO: [USF-XSim-98] *** Running xsim
   with args "Multiplicator_Sim_behav -key {Behavioral:sim_1:Functional:Multiplicator_Sim} -tclbatch {Multiplicator_Sim.tcl} -view {{C:/Users/Tharusha/Documents/Academic Semester 02/Computer Organization and Digital Designing/NanoProcessor/Processor_Sim_behav.wcfg}} -log {simulate.log}"
INFO: [USF-XSim-8] Loading simulator feature
Vivado Simulator 2018.2
Time resolution is 1 ps
open_wave_config {C:/Users/Tharusha/Documents/Academic Semester 02/Computer Organization and Digital Designing/NanoProcessor/Processor_Sim_behav.wcfg}
WARNING: Simulation object /Adder_4Bit_Sim/A_in was not found in the design.
WARNING: Simulation object /Adder_4Bit_Sim/Q was not found in the design.
WARNING: Simulation object /Adder_4Bit_Sim/S_out was not found in the design.
WARNING: Simulation object /Adder_4Bit_Sim/LSB was not found in the design.
WARNING: Simulation object /Adder_4Bit_Sim/B_in was not found in the design.
source Multiplicator_Sim.tcl
# set curr_wave [current_wave_config]
# if { [string length $curr_wave] == 0 } {
#   if { [llength [get_objects]] > 0} {
#     add_wave /
#     set_property needs_save false [current_wave_config]
#   } else {
#      send_msg_id Add_Wave-1 WARNING "No top level signals found. Simulator will start without a wave window. If you want to open a wave window go to 'File->New Waveform Configuration' or type 'create_wave_config' in the TCL console."
#   }
# }
# run 1000ns
INFO: [USF-XSim-96] XSim completed. Design snapshot 'Multiplicator_Sim_behav' loaded.
INFO: [USF-XSim-97] XSim simulation ran for 1000ns
current_wave_config {Processor_Sim_behav.wcfg}
Processor_Sim_behav.wcfg
add_wave {{/Multiplicator_Sim/A_in}} {{/Multiplicator_Sim/B_in}} {{/Multiplicator_Sim/S_out}} 
save_wave_config {C:/Users/Tharusha/Documents/Academic Semester 02/Computer Organization and Digital Designing/NanoProcessor/Processor_Sim_behav.wcfg}
close_sim
INFO: [Simtcl 6-16] Simulation closed
launch_simulation
INFO: [Vivado 12-5682] Launching behavioral simulation in 'C:/Users/Tharusha/Documents/Academic Semester 02/Computer Organization and Digital Designing/NanoProcessor/NanoProcessor.sim/sim_1/behav/xsim'
INFO: [SIM-utils-51] Simulation object is 'sim_1'
INFO: [SIM-utils-54] Inspecting design source files for 'Multiplicator_Sim' in fileset 'sim_1'...
INFO: [USF-XSim-97] Finding global include files...
INFO: [USF-XSim-98] Fetching design files from 'sim_1'...
INFO: [USF-XSim-2] XSim::Compile design
INFO: [USF-XSim-61] Executing 'COMPILE and ANALYZE' step in 'C:/Users/Tharusha/Documents/Academic Semester 02/Computer Organization and Digital Designing/NanoProcessor/NanoProcessor.sim/sim_1/behav/xsim'
"xvhdl --incr --relax -prj Multiplicator_Sim_vhdl.prj"
INFO: [USF-XSim-69] 'compile' step finished in '1' seconds
INFO: [USF-XSim-3] XSim::Elaborate design
INFO: [USF-XSim-61] Executing 'ELABORATE' step in 'C:/Users/Tharusha/Documents/Academic Semester 02/Computer Organization and Digital Designing/NanoProcessor/NanoProcessor.sim/sim_1/behav/xsim'
Vivado Simulator 2018.2
Copyright 1986-1999, 2001-2018 Xilinx, Inc. All Rights Reserved.
Running: C:/Xilinx/Vivado/2018.2/bin/unwrapped/win64.o/xelab.exe -wto b59f4584556042b78f801fab195c5f21 --incr --debug typical --relax --mt 2 -L xil_defaultlib -L secureip --snapshot Multiplicator_Sim_behav xil_defaultlib.Multiplicator_Sim -log elaborate.log 
Using 2 slave threads.
Starting static elaboration
Completed static elaboration
INFO: [XSIM 43-4323] No Change in HDL. Linking previously generated obj files to create kernel
INFO: [USF-XSim-69] 'elaborate' step finished in '1' seconds
INFO: [USF-XSim-4] XSim::Simulate design
INFO: [USF-XSim-61] Executing 'SIMULATE' step in 'C:/Users/Tharusha/Documents/Academic Semester 02/Computer Organization and Digital Designing/NanoProcessor/NanoProcessor.sim/sim_1/behav/xsim'
INFO: [USF-XSim-98] *** Running xsim
   with args "Multiplicator_Sim_behav -key {Behavioral:sim_1:Functional:Multiplicator_Sim} -tclbatch {Multiplicator_Sim.tcl} -view {{C:/Users/Tharusha/Documents/Academic Semester 02/Computer Organization and Digital Designing/NanoProcessor/Processor_Sim_behav.wcfg}} -log {simulate.log}"
INFO: [USF-XSim-8] Loading simulator feature
Vivado Simulator 2018.2
Time resolution is 1 ps
open_wave_config {C:/Users/Tharusha/Documents/Academic Semester 02/Computer Organization and Digital Designing/NanoProcessor/Processor_Sim_behav.wcfg}
source Multiplicator_Sim.tcl
# set curr_wave [current_wave_config]
# if { [string length $curr_wave] == 0 } {
#   if { [llength [get_objects]] > 0} {
#     add_wave /
#     set_property needs_save false [current_wave_config]
#   } else {
#      send_msg_id Add_Wave-1 WARNING "No top level signals found. Simulator will start without a wave window. If you want to open a wave window go to 'File->New Waveform Configuration' or type 'create_wave_config' in the TCL console."
#   }
# }
# run 1000ns
INFO: [USF-XSim-96] XSim completed. Design snapshot 'Multiplicator_Sim_behav' loaded.
INFO: [USF-XSim-97] XSim simulation ran for 1000ns
close_sim
INFO: [Simtcl 6-16] Simulation closed
close_sim
INFO: [Simtcl 6-16] Simulation closed
exit
INFO: [Common 17-206] Exiting Vivado at Sun Jun  4 12:47:32 2023...
