#-----------------------------------------------------------
# Vivado v2018.2 (64-bit)
# SW Build 2258646 on Thu Jun 14 20:03:12 MDT 2018
# IP Build 2256618 on Thu Jun 14 22:10:49 MDT 2018
# Start of session at: Fri Jun  2 16:01:28 2023
# Process ID: 13724
# Current directory: D:/Projects/NanoProcessor
# Command line: vivado.exe -gui_launcher_event rodinguilauncherevent4596 D:\Projects\NanoProcessor\NanoProcessor.xpr
# Log file: D:/Projects/NanoProcessor/vivado.log
# Journal file: D:/Projects/NanoProcessor\vivado.jou
#-----------------------------------------------------------
start_gui
open_project D:/Projects/NanoProcessor/NanoProcessor.xpr
Scanning sources...
Finished scanning sources
INFO: [IP_Flow 19-234] Refreshing IP repositories
INFO: [IP_Flow 19-1704] No user IP repositories specified
INFO: [IP_Flow 19-2313] Loaded Vivado IP repository 'D:/Apps/Xilinx/Vivado/2018.2/data/ip'.
open_project: Time (s): cpu = 00:00:09 ; elapsed = 00:00:16 . Memory (MB): peak = 804.574 ; gain = 136.344
update_compile_order -fileset sources_1
set_property top Slow_Clk_Sim [get_filesets sim_1]
set_property top_lib xil_defaultlib [get_filesets sim_1]
update_compile_order -fileset sim_1
launch_simulation
INFO: [Vivado 12-5682] Launching behavioral simulation in 'D:/Projects/NanoProcessor/NanoProcessor.sim/sim_1/behav/xsim'
INFO: [SIM-utils-51] Simulation object is 'sim_1'
INFO: [SIM-utils-54] Inspecting design source files for 'Slow_Clk_Sim' in fileset 'sim_1'...
INFO: [USF-XSim-97] Finding global include files...
INFO: [USF-XSim-98] Fetching design files from 'sim_1'...
INFO: [USF-XSim-2] XSim::Compile design
INFO: [USF-XSim-61] Executing 'COMPILE and ANALYZE' step in 'D:/Projects/NanoProcessor/NanoProcessor.sim/sim_1/behav/xsim'
"xvhdl --incr --relax -prj Slow_Clk_Sim_vhdl.prj"
INFO: [VRFC 10-163] Analyzing VHDL file "D:/Projects/NanoProcessor/NanoProcessor.srcs/sources_1/new/Slow_Clk.vhd" into library xil_defaultlib
INFO: [VRFC 10-307] analyzing entity Slow_Clk
INFO: [USF-XSim-69] 'compile' step finished in '3' seconds
INFO: [USF-XSim-3] XSim::Elaborate design
INFO: [USF-XSim-61] Executing 'ELABORATE' step in 'D:/Projects/NanoProcessor/NanoProcessor.sim/sim_1/behav/xsim'
Vivado Simulator 2018.2
Copyright 1986-1999, 2001-2018 Xilinx, Inc. All Rights Reserved.
Running: D:/Apps/Xilinx/Vivado/2018.2/bin/unwrapped/win64.o/xelab.exe -wto b59f4584556042b78f801fab195c5f21 --incr --debug typical --relax --mt 2 -L xil_defaultlib -L secureip --snapshot Slow_Clk_Sim_behav xil_defaultlib.Slow_Clk_Sim -log elaborate.log 
Using 2 slave threads.
Starting static elaboration
Completed static elaboration
Starting simulation data flow analysis
Completed simulation data flow analysis
Time Resolution for simulation is 1ps
Compiling package std.standard
Compiling package std.textio
Compiling package ieee.std_logic_1164
Compiling architecture behavioral of entity xil_defaultlib.Slow_Clk [slow_clk_default]
Compiling architecture behavioral of entity xil_defaultlib.slow_clk_sim
Built simulation snapshot Slow_Clk_Sim_behav
run_program: Time (s): cpu = 00:00:00 ; elapsed = 00:00:06 . Memory (MB): peak = 854.160 ; gain = 0.000
INFO: [USF-XSim-69] 'elaborate' step finished in '6' seconds
INFO: [USF-XSim-4] XSim::Simulate design
INFO: [USF-XSim-61] Executing 'SIMULATE' step in 'D:/Projects/NanoProcessor/NanoProcessor.sim/sim_1/behav/xsim'
INFO: [USF-XSim-98] *** Running xsim
   with args "Slow_Clk_Sim_behav -key {Behavioral:sim_1:Functional:Slow_Clk_Sim} -tclbatch {Slow_Clk_Sim.tcl} -view {D:/Projects/NanoProcessor/Processor_Sim_behav.wcfg} -log {simulate.log}"
INFO: [USF-XSim-8] Loading simulator feature
Vivado Simulator 2018.2
Time resolution is 1 ps
open_wave_config D:/Projects/NanoProcessor/Processor_Sim_behav.wcfg
WARNING: Simulation object /Processor_Sim/Anode was not found in the design.
WARNING: Simulation object /Processor_Sim/UUT/Slow_Clk_0/Clk_out was not found in the design.
WARNING: Simulation object /Processor_Sim/Carry was not found in the design.
WARNING: Simulation object /Processor_Sim/Clk was not found in the design.
WARNING: Simulation object /Processor_Sim/R7_out was not found in the design.
WARNING: Simulation object /Processor_Sim/Rst was not found in the design.
WARNING: Simulation object /Processor_Sim/Seg_data was not found in the design.
WARNING: Simulation object /Processor_Sim/Zeroes was not found in the design.
WARNING: Simulation object /Processor_Sim/tmp was not found in the design.
WARNING: Simulation object /Processor_Sim/UUT/ROM_0_8/address was not found in the design.
source Slow_Clk_Sim.tcl
# set curr_wave [current_wave_config]
# if { [string length $curr_wave] == 0 } {
#   if { [llength [get_objects]] > 0} {
#     add_wave /
#     set_property needs_save false [current_wave_config]
#   } else {
#      send_msg_id Add_Wave-1 WARNING "No top level signals found. Simulator will start without a wave window. If you want to open a wave window go to 'File->New Waveform Configuration' or type 'create_wave_config' in the TCL console."
#   }
# }
# run 1000ns
INFO: [USF-XSim-96] XSim completed. Design snapshot 'Slow_Clk_Sim_behav' loaded.
INFO: [USF-XSim-97] XSim simulation ran for 1000ns
launch_simulation: Time (s): cpu = 00:00:04 ; elapsed = 00:00:13 . Memory (MB): peak = 861.133 ; gain = 6.973
current_wave_config {Processor_Sim_behav.wcfg}
Processor_Sim_behav.wcfg
add_wave {{/Slow_Clk_Sim/Clk_in}} {{/Slow_Clk_Sim/Clk_out}} 
save_wave_config {D:/Projects/NanoProcessor/Processor_Sim_behav.wcfg}
close_sim
INFO: [Simtcl 6-16] Simulation closed
launch_simulation
INFO: [Vivado 12-5682] Launching behavioral simulation in 'D:/Projects/NanoProcessor/NanoProcessor.sim/sim_1/behav/xsim'
INFO: [SIM-utils-51] Simulation object is 'sim_1'
INFO: [SIM-utils-54] Inspecting design source files for 'Slow_Clk_Sim' in fileset 'sim_1'...
INFO: [USF-XSim-97] Finding global include files...
INFO: [USF-XSim-98] Fetching design files from 'sim_1'...
INFO: [USF-XSim-2] XSim::Compile design
INFO: [USF-XSim-61] Executing 'COMPILE and ANALYZE' step in 'D:/Projects/NanoProcessor/NanoProcessor.sim/sim_1/behav/xsim'
"xvhdl --incr --relax -prj Slow_Clk_Sim_vhdl.prj"
INFO: [USF-XSim-69] 'compile' step finished in '1' seconds
INFO: [USF-XSim-3] XSim::Elaborate design
INFO: [USF-XSim-61] Executing 'ELABORATE' step in 'D:/Projects/NanoProcessor/NanoProcessor.sim/sim_1/behav/xsim'
Vivado Simulator 2018.2
Copyright 1986-1999, 2001-2018 Xilinx, Inc. All Rights Reserved.
Running: D:/Apps/Xilinx/Vivado/2018.2/bin/unwrapped/win64.o/xelab.exe -wto b59f4584556042b78f801fab195c5f21 --incr --debug typical --relax --mt 2 -L xil_defaultlib -L secureip --snapshot Slow_Clk_Sim_behav xil_defaultlib.Slow_Clk_Sim -log elaborate.log 
Using 2 slave threads.
Starting static elaboration
Completed static elaboration
INFO: [XSIM 43-4323] No Change in HDL. Linking previously generated obj files to create kernel
INFO: [USF-XSim-69] 'elaborate' step finished in '1' seconds
INFO: [USF-XSim-4] XSim::Simulate design
INFO: [USF-XSim-61] Executing 'SIMULATE' step in 'D:/Projects/NanoProcessor/NanoProcessor.sim/sim_1/behav/xsim'
INFO: [USF-XSim-98] *** Running xsim
   with args "Slow_Clk_Sim_behav -key {Behavioral:sim_1:Functional:Slow_Clk_Sim} -tclbatch {Slow_Clk_Sim.tcl} -view {D:/Projects/NanoProcessor/Processor_Sim_behav.wcfg} -log {simulate.log}"
INFO: [USF-XSim-8] Loading simulator feature
Vivado Simulator 2018.2
Time resolution is 1 ps
open_wave_config D:/Projects/NanoProcessor/Processor_Sim_behav.wcfg
source Slow_Clk_Sim.tcl
# set curr_wave [current_wave_config]
# if { [string length $curr_wave] == 0 } {
#   if { [llength [get_objects]] > 0} {
#     add_wave /
#     set_property needs_save false [current_wave_config]
#   } else {
#      send_msg_id Add_Wave-1 WARNING "No top level signals found. Simulator will start without a wave window. If you want to open a wave window go to 'File->New Waveform Configuration' or type 'create_wave_config' in the TCL console."
#   }
# }
# run 1000ns
INFO: [USF-XSim-96] XSim completed. Design snapshot 'Slow_Clk_Sim_behav' loaded.
INFO: [USF-XSim-97] XSim simulation ran for 1000ns
set_property top Count_3_Sim [get_filesets sim_1]
set_property top_lib xil_defaultlib [get_filesets sim_1]
update_compile_order -fileset sim_1
launch_simulation
INFO: [Vivado 12-5682] Launching behavioral simulation in 'D:/Projects/NanoProcessor/NanoProcessor.sim/sim_1/behav/xsim'
INFO: [SIM-utils-51] Simulation object is 'sim_1'
INFO: [SIM-utils-54] Inspecting design source files for 'Count_3_Sim' in fileset 'sim_1'...
INFO: [USF-XSim-97] Finding global include files...
INFO: [USF-XSim-98] Fetching design files from 'sim_1'...
INFO: [USF-XSim-2] XSim::Compile design
INFO: [USF-XSim-61] Executing 'COMPILE and ANALYZE' step in 'D:/Projects/NanoProcessor/NanoProcessor.sim/sim_1/behav/xsim'
"xvhdl --incr --relax -prj Count_3_Sim_vhdl.prj"
INFO: [VRFC 10-163] Analyzing VHDL file "D:/Projects/NanoProcessor/NanoProcessor.srcs/sources_1/new/D_FF.vhd" into library xil_defaultlib
INFO: [VRFC 10-307] analyzing entity D_FF
INFO: [VRFC 10-163] Analyzing VHDL file "D:/Projects/NanoProcessor/NanoProcessor.srcs/sim_1/new/Count_3_Sim.vhd" into library xil_defaultlib
INFO: [VRFC 10-307] analyzing entity Count_3_Sim
INFO: [USF-XSim-69] 'compile' step finished in '2' seconds
INFO: [USF-XSim-3] XSim::Elaborate design
INFO: [USF-XSim-61] Executing 'ELABORATE' step in 'D:/Projects/NanoProcessor/NanoProcessor.sim/sim_1/behav/xsim'
Vivado Simulator 2018.2
Copyright 1986-1999, 2001-2018 Xilinx, Inc. All Rights Reserved.
Running: D:/Apps/Xilinx/Vivado/2018.2/bin/unwrapped/win64.o/xelab.exe -wto b59f4584556042b78f801fab195c5f21 --incr --debug typical --relax --mt 2 -L xil_defaultlib -L secureip --snapshot Count_3_Sim_behav xil_defaultlib.Count_3_Sim -log elaborate.log 
Using 2 slave threads.
Starting static elaboration
Completed static elaboration
Starting simulation data flow analysis
Completed simulation data flow analysis
Time Resolution for simulation is 1ps
Compiling package std.standard
Compiling package std.textio
Compiling package ieee.std_logic_1164
Compiling architecture behavioral of entity xil_defaultlib.D_FF [d_ff_default]
Compiling architecture behavioral of entity xil_defaultlib.Count_3 [count_3_default]
Compiling architecture behavioral of entity xil_defaultlib.count_3_sim
Built simulation snapshot Count_3_Sim_behav

****** Webtalk v2018.2 (64-bit)
  **** SW Build 2258646 on Thu Jun 14 20:03:12 MDT 2018
  **** IP Build 2256618 on Thu Jun 14 22:10:49 MDT 2018
    ** Copyright 1986-2018 Xilinx, Inc. All Rights Reserved.

source D:/Projects/NanoProcessor/NanoProcessor.sim/sim_1/behav/xsim/xsim.dir/Count_3_Sim_behav/webtalk/xsim_webtalk.tcl -notrace
INFO: [Common 17-206] Exiting Webtalk at Fri Jun  2 16:11:53 2023...
INFO: [USF-XSim-69] 'elaborate' step finished in '4' seconds
INFO: [USF-XSim-4] XSim::Simulate design
INFO: [USF-XSim-61] Executing 'SIMULATE' step in 'D:/Projects/NanoProcessor/NanoProcessor.sim/sim_1/behav/xsim'
INFO: [USF-XSim-98] *** Running xsim
   with args "Count_3_Sim_behav -key {Behavioral:sim_1:Functional:Count_3_Sim} -tclbatch {Count_3_Sim.tcl} -view {D:/Projects/NanoProcessor/Processor_Sim_behav.wcfg} -log {simulate.log}"
INFO: [USF-XSim-8] Loading simulator feature
Vivado Simulator 2018.2
Time resolution is 1 ps
open_wave_config D:/Projects/NanoProcessor/Processor_Sim_behav.wcfg
WARNING: Simulation object /Slow_Clk_Sim/Clk_in was not found in the design.
WARNING: Simulation object /Slow_Clk_Sim/Clk_out was not found in the design.
source Count_3_Sim.tcl
# set curr_wave [current_wave_config]
# if { [string length $curr_wave] == 0 } {
#   if { [llength [get_objects]] > 0} {
#     add_wave /
#     set_property needs_save false [current_wave_config]
#   } else {
#      send_msg_id Add_Wave-1 WARNING "No top level signals found. Simulator will start without a wave window. If you want to open a wave window go to 'File->New Waveform Configuration' or type 'create_wave_config' in the TCL console."
#   }
# }
# run 1000ns
INFO: [USF-XSim-96] XSim completed. Design snapshot 'Count_3_Sim_behav' loaded.
INFO: [USF-XSim-97] XSim simulation ran for 1000ns
launch_simulation: Time (s): cpu = 00:00:02 ; elapsed = 00:00:08 . Memory (MB): peak = 881.758 ; gain = 6.898
current_wave_config {Processor_Sim_behav.wcfg}
Processor_Sim_behav.wcfg
add_wave {{/Count_3_Sim/Add_in}} {{/Count_3_Sim/Add_out}} {{/Count_3_Sim/rst}} {{/Count_3_Sim/Clk}} 
save_wave_config {D:/Projects/NanoProcessor/Processor_Sim_behav.wcfg}
close_sim
INFO: [Simtcl 6-16] Simulation closed
launch_simulation
INFO: [Vivado 12-5682] Launching behavioral simulation in 'D:/Projects/NanoProcessor/NanoProcessor.sim/sim_1/behav/xsim'
INFO: [SIM-utils-51] Simulation object is 'sim_1'
INFO: [SIM-utils-54] Inspecting design source files for 'Count_3_Sim' in fileset 'sim_1'...
INFO: [USF-XSim-97] Finding global include files...
INFO: [USF-XSim-98] Fetching design files from 'sim_1'...
INFO: [USF-XSim-2] XSim::Compile design
INFO: [USF-XSim-61] Executing 'COMPILE and ANALYZE' step in 'D:/Projects/NanoProcessor/NanoProcessor.sim/sim_1/behav/xsim'
"xvhdl --incr --relax -prj Count_3_Sim_vhdl.prj"
INFO: [USF-XSim-69] 'compile' step finished in '1' seconds
INFO: [USF-XSim-3] XSim::Elaborate design
INFO: [USF-XSim-61] Executing 'ELABORATE' step in 'D:/Projects/NanoProcessor/NanoProcessor.sim/sim_1/behav/xsim'
Vivado Simulator 2018.2
Copyright 1986-1999, 2001-2018 Xilinx, Inc. All Rights Reserved.
Running: D:/Apps/Xilinx/Vivado/2018.2/bin/unwrapped/win64.o/xelab.exe -wto b59f4584556042b78f801fab195c5f21 --incr --debug typical --relax --mt 2 -L xil_defaultlib -L secureip --snapshot Count_3_Sim_behav xil_defaultlib.Count_3_Sim -log elaborate.log 
Using 2 slave threads.
Starting static elaboration
Completed static elaboration
INFO: [XSIM 43-4323] No Change in HDL. Linking previously generated obj files to create kernel
INFO: [USF-XSim-69] 'elaborate' step finished in '1' seconds
INFO: [USF-XSim-4] XSim::Simulate design
INFO: [USF-XSim-61] Executing 'SIMULATE' step in 'D:/Projects/NanoProcessor/NanoProcessor.sim/sim_1/behav/xsim'
INFO: [USF-XSim-98] *** Running xsim
   with args "Count_3_Sim_behav -key {Behavioral:sim_1:Functional:Count_3_Sim} -tclbatch {Count_3_Sim.tcl} -view {D:/Projects/NanoProcessor/Processor_Sim_behav.wcfg} -log {simulate.log}"
INFO: [USF-XSim-8] Loading simulator feature
Vivado Simulator 2018.2
Time resolution is 1 ps
open_wave_config D:/Projects/NanoProcessor/Processor_Sim_behav.wcfg
source Count_3_Sim.tcl
# set curr_wave [current_wave_config]
# if { [string length $curr_wave] == 0 } {
#   if { [llength [get_objects]] > 0} {
#     add_wave /
#     set_property needs_save false [current_wave_config]
#   } else {
#      send_msg_id Add_Wave-1 WARNING "No top level signals found. Simulator will start without a wave window. If you want to open a wave window go to 'File->New Waveform Configuration' or type 'create_wave_config' in the TCL console."
#   }
# }
# run 1000ns
INFO: [USF-XSim-96] XSim completed. Design snapshot 'Count_3_Sim_behav' loaded.
INFO: [USF-XSim-97] XSim simulation ran for 1000ns
close_sim
INFO: [Simtcl 6-16] Simulation closed
launch_simulation
INFO: [Vivado 12-5682] Launching behavioral simulation in 'D:/Projects/NanoProcessor/NanoProcessor.sim/sim_1/behav/xsim'
INFO: [SIM-utils-51] Simulation object is 'sim_1'
INFO: [SIM-utils-54] Inspecting design source files for 'Count_3_Sim' in fileset 'sim_1'...
INFO: [USF-XSim-97] Finding global include files...
INFO: [USF-XSim-98] Fetching design files from 'sim_1'...
INFO: [USF-XSim-2] XSim::Compile design
INFO: [USF-XSim-61] Executing 'COMPILE and ANALYZE' step in 'D:/Projects/NanoProcessor/NanoProcessor.sim/sim_1/behav/xsim'
"xvhdl --incr --relax -prj Count_3_Sim_vhdl.prj"
INFO: [VRFC 10-163] Analyzing VHDL file "D:/Projects/NanoProcessor/NanoProcessor.srcs/sim_1/new/Count_3_Sim.vhd" into library xil_defaultlib
INFO: [VRFC 10-307] analyzing entity Count_3_Sim
INFO: [USF-XSim-69] 'compile' step finished in '1' seconds
INFO: [USF-XSim-3] XSim::Elaborate design
INFO: [USF-XSim-61] Executing 'ELABORATE' step in 'D:/Projects/NanoProcessor/NanoProcessor.sim/sim_1/behav/xsim'
Vivado Simulator 2018.2
Copyright 1986-1999, 2001-2018 Xilinx, Inc. All Rights Reserved.
Running: D:/Apps/Xilinx/Vivado/2018.2/bin/unwrapped/win64.o/xelab.exe -wto b59f4584556042b78f801fab195c5f21 --incr --debug typical --relax --mt 2 -L xil_defaultlib -L secureip --snapshot Count_3_Sim_behav xil_defaultlib.Count_3_Sim -log elaborate.log 
Using 2 slave threads.
Starting static elaboration
Completed static elaboration
Starting simulation data flow analysis
Completed simulation data flow analysis
Time Resolution for simulation is 1ps
Compiling package std.standard
Compiling package std.textio
Compiling package ieee.std_logic_1164
Compiling architecture behavioral of entity xil_defaultlib.D_FF [d_ff_default]
Compiling architecture behavioral of entity xil_defaultlib.Count_3 [count_3_default]
Compiling architecture behavioral of entity xil_defaultlib.count_3_sim
Built simulation snapshot Count_3_Sim_behav
INFO: [USF-XSim-69] 'elaborate' step finished in '1' seconds
INFO: [USF-XSim-4] XSim::Simulate design
INFO: [USF-XSim-61] Executing 'SIMULATE' step in 'D:/Projects/NanoProcessor/NanoProcessor.sim/sim_1/behav/xsim'
INFO: [USF-XSim-98] *** Running xsim
   with args "Count_3_Sim_behav -key {Behavioral:sim_1:Functional:Count_3_Sim} -tclbatch {Count_3_Sim.tcl} -view {D:/Projects/NanoProcessor/Processor_Sim_behav.wcfg} -log {simulate.log}"
INFO: [USF-XSim-8] Loading simulator feature
Vivado Simulator 2018.2
Time resolution is 1 ps
open_wave_config D:/Projects/NanoProcessor/Processor_Sim_behav.wcfg
source Count_3_Sim.tcl
# set curr_wave [current_wave_config]
# if { [string length $curr_wave] == 0 } {
#   if { [llength [get_objects]] > 0} {
#     add_wave /
#     set_property needs_save false [current_wave_config]
#   } else {
#      send_msg_id Add_Wave-1 WARNING "No top level signals found. Simulator will start without a wave window. If you want to open a wave window go to 'File->New Waveform Configuration' or type 'create_wave_config' in the TCL console."
#   }
# }
# run 1000ns
INFO: [USF-XSim-96] XSim completed. Design snapshot 'Count_3_Sim_behav' loaded.
INFO: [USF-XSim-97] XSim simulation ran for 1000ns
close_sim
INFO: [Simtcl 6-16] Simulation closed
launch_simulation
INFO: [Vivado 12-5682] Launching behavioral simulation in 'D:/Projects/NanoProcessor/NanoProcessor.sim/sim_1/behav/xsim'
INFO: [SIM-utils-51] Simulation object is 'sim_1'
INFO: [SIM-utils-54] Inspecting design source files for 'Count_3_Sim' in fileset 'sim_1'...
INFO: [USF-XSim-97] Finding global include files...
INFO: [USF-XSim-98] Fetching design files from 'sim_1'...
INFO: [USF-XSim-2] XSim::Compile design
INFO: [USF-XSim-61] Executing 'COMPILE and ANALYZE' step in 'D:/Projects/NanoProcessor/NanoProcessor.sim/sim_1/behav/xsim'
"xvhdl --incr --relax -prj Count_3_Sim_vhdl.prj"
INFO: [VRFC 10-163] Analyzing VHDL file "D:/Projects/NanoProcessor/NanoProcessor.srcs/sim_1/new/Count_3_Sim.vhd" into library xil_defaultlib
INFO: [VRFC 10-307] analyzing entity Count_3_Sim
INFO: [USF-XSim-69] 'compile' step finished in '1' seconds
INFO: [USF-XSim-3] XSim::Elaborate design
INFO: [USF-XSim-61] Executing 'ELABORATE' step in 'D:/Projects/NanoProcessor/NanoProcessor.sim/sim_1/behav/xsim'
Vivado Simulator 2018.2
Copyright 1986-1999, 2001-2018 Xilinx, Inc. All Rights Reserved.
Running: D:/Apps/Xilinx/Vivado/2018.2/bin/unwrapped/win64.o/xelab.exe -wto b59f4584556042b78f801fab195c5f21 --incr --debug typical --relax --mt 2 -L xil_defaultlib -L secureip --snapshot Count_3_Sim_behav xil_defaultlib.Count_3_Sim -log elaborate.log 
Using 2 slave threads.
Starting static elaboration
Completed static elaboration
Starting simulation data flow analysis
Completed simulation data flow analysis
Time Resolution for simulation is 1ps
Compiling package std.standard
Compiling package std.textio
Compiling package ieee.std_logic_1164
Compiling architecture behavioral of entity xil_defaultlib.D_FF [d_ff_default]
Compiling architecture behavioral of entity xil_defaultlib.Count_3 [count_3_default]
Compiling architecture behavioral of entity xil_defaultlib.count_3_sim
Built simulation snapshot Count_3_Sim_behav
INFO: [USF-XSim-69] 'elaborate' step finished in '1' seconds
INFO: [USF-XSim-4] XSim::Simulate design
INFO: [USF-XSim-61] Executing 'SIMULATE' step in 'D:/Projects/NanoProcessor/NanoProcessor.sim/sim_1/behav/xsim'
INFO: [USF-XSim-98] *** Running xsim
   with args "Count_3_Sim_behav -key {Behavioral:sim_1:Functional:Count_3_Sim} -tclbatch {Count_3_Sim.tcl} -view {D:/Projects/NanoProcessor/Processor_Sim_behav.wcfg} -log {simulate.log}"
INFO: [USF-XSim-8] Loading simulator feature
Vivado Simulator 2018.2
Time resolution is 1 ps
open_wave_config D:/Projects/NanoProcessor/Processor_Sim_behav.wcfg
source Count_3_Sim.tcl
# set curr_wave [current_wave_config]
# if { [string length $curr_wave] == 0 } {
#   if { [llength [get_objects]] > 0} {
#     add_wave /
#     set_property needs_save false [current_wave_config]
#   } else {
#      send_msg_id Add_Wave-1 WARNING "No top level signals found. Simulator will start without a wave window. If you want to open a wave window go to 'File->New Waveform Configuration' or type 'create_wave_config' in the TCL console."
#   }
# }
# run 1000ns
INFO: [USF-XSim-96] XSim completed. Design snapshot 'Count_3_Sim_behav' loaded.
INFO: [USF-XSim-97] XSim simulation ran for 1000ns
set_property top D_FF_Sim [get_filesets sim_1]
set_property top_lib xil_defaultlib [get_filesets sim_1]
update_compile_order -fileset sim_1
launch_simulation
INFO: [Vivado 12-5682] Launching behavioral simulation in 'D:/Projects/NanoProcessor/NanoProcessor.sim/sim_1/behav/xsim'
INFO: [SIM-utils-51] Simulation object is 'sim_1'
INFO: [SIM-utils-54] Inspecting design source files for 'D_FF_Sim' in fileset 'sim_1'...
INFO: [USF-XSim-97] Finding global include files...
INFO: [USF-XSim-98] Fetching design files from 'sim_1'...
INFO: [USF-XSim-2] XSim::Compile design
INFO: [USF-XSim-61] Executing 'COMPILE and ANALYZE' step in 'D:/Projects/NanoProcessor/NanoProcessor.sim/sim_1/behav/xsim'
"xvhdl --incr --relax -prj D_FF_Sim_vhdl.prj"
INFO: [VRFC 10-163] Analyzing VHDL file "D:/Projects/NanoProcessor/NanoProcessor.srcs/sim_1/new/D_FF_Sim.vhd" into library xil_defaultlib
INFO: [VRFC 10-307] analyzing entity D_FF_Sim
INFO: [USF-XSim-69] 'compile' step finished in '1' seconds
INFO: [USF-XSim-3] XSim::Elaborate design
INFO: [USF-XSim-61] Executing 'ELABORATE' step in 'D:/Projects/NanoProcessor/NanoProcessor.sim/sim_1/behav/xsim'
Vivado Simulator 2018.2
Copyright 1986-1999, 2001-2018 Xilinx, Inc. All Rights Reserved.
Running: D:/Apps/Xilinx/Vivado/2018.2/bin/unwrapped/win64.o/xelab.exe -wto b59f4584556042b78f801fab195c5f21 --incr --debug typical --relax --mt 2 -L xil_defaultlib -L secureip --snapshot D_FF_Sim_behav xil_defaultlib.D_FF_Sim -log elaborate.log 
Using 2 slave threads.
Starting static elaboration
Completed static elaboration
Starting simulation data flow analysis
Completed simulation data flow analysis
Time Resolution for simulation is 1ps
Compiling package std.standard
Compiling package std.textio
Compiling package ieee.std_logic_1164
Compiling architecture behavioral of entity xil_defaultlib.D_FF [d_ff_default]
Compiling architecture behavioral of entity xil_defaultlib.d_ff_sim
Built simulation snapshot D_FF_Sim_behav

****** Webtalk v2018.2 (64-bit)
  **** SW Build 2258646 on Thu Jun 14 20:03:12 MDT 2018
  **** IP Build 2256618 on Thu Jun 14 22:10:49 MDT 2018
    ** Copyright 1986-2018 Xilinx, Inc. All Rights Reserved.

source D:/Projects/NanoProcessor/NanoProcessor.sim/sim_1/behav/xsim/xsim.dir/D_FF_Sim_behav/webtalk/xsim_webtalk.tcl -notrace
INFO: [Common 17-206] Exiting Webtalk at Fri Jun  2 16:19:22 2023...
INFO: [USF-XSim-69] 'elaborate' step finished in '3' seconds
INFO: [USF-XSim-4] XSim::Simulate design
INFO: [USF-XSim-61] Executing 'SIMULATE' step in 'D:/Projects/NanoProcessor/NanoProcessor.sim/sim_1/behav/xsim'
INFO: [USF-XSim-98] *** Running xsim
   with args "D_FF_Sim_behav -key {Behavioral:sim_1:Functional:D_FF_Sim} -tclbatch {D_FF_Sim.tcl} -view {D:/Projects/NanoProcessor/Processor_Sim_behav.wcfg} -log {simulate.log}"
INFO: [USF-XSim-8] Loading simulator feature
Vivado Simulator 2018.2
Time resolution is 1 ps
open_wave_config D:/Projects/NanoProcessor/Processor_Sim_behav.wcfg
WARNING: Simulation object /Count_3_Sim/Add_in was not found in the design.
WARNING: Simulation object /Count_3_Sim/Add_out was not found in the design.
WARNING: Simulation object /Count_3_Sim/rst was not found in the design.
WARNING: Simulation object /Count_3_Sim/Clk was not found in the design.
source D_FF_Sim.tcl
# set curr_wave [current_wave_config]
# if { [string length $curr_wave] == 0 } {
#   if { [llength [get_objects]] > 0} {
#     add_wave /
#     set_property needs_save false [current_wave_config]
#   } else {
#      send_msg_id Add_Wave-1 WARNING "No top level signals found. Simulator will start without a wave window. If you want to open a wave window go to 'File->New Waveform Configuration' or type 'create_wave_config' in the TCL console."
#   }
# }
# run 1000ns
INFO: [USF-XSim-96] XSim completed. Design snapshot 'D_FF_Sim_behav' loaded.
INFO: [USF-XSim-97] XSim simulation ran for 1000ns
launch_simulation: Time (s): cpu = 00:00:02 ; elapsed = 00:00:06 . Memory (MB): peak = 899.965 ; gain = 6.285
current_wave_config {Processor_Sim_behav.wcfg}
Processor_Sim_behav.wcfg
add_wave {{/D_FF_Sim/Clk}} {{/D_FF_Sim/En}} {{/D_FF_Sim/Rst}} {{/D_FF_Sim/D}} {{/D_FF_Sim/Q}} 
save_wave_config {D:/Projects/NanoProcessor/Processor_Sim_behav.wcfg}
close_sim
INFO: [Simtcl 6-16] Simulation closed
launch_simulation
INFO: [Vivado 12-5682] Launching behavioral simulation in 'D:/Projects/NanoProcessor/NanoProcessor.sim/sim_1/behav/xsim'
INFO: [SIM-utils-51] Simulation object is 'sim_1'
INFO: [SIM-utils-54] Inspecting design source files for 'D_FF_Sim' in fileset 'sim_1'...
INFO: [USF-XSim-97] Finding global include files...
INFO: [USF-XSim-98] Fetching design files from 'sim_1'...
INFO: [USF-XSim-2] XSim::Compile design
INFO: [USF-XSim-61] Executing 'COMPILE and ANALYZE' step in 'D:/Projects/NanoProcessor/NanoProcessor.sim/sim_1/behav/xsim'
"xvhdl --incr --relax -prj D_FF_Sim_vhdl.prj"
INFO: [USF-XSim-69] 'compile' step finished in '1' seconds
INFO: [USF-XSim-3] XSim::Elaborate design
INFO: [USF-XSim-61] Executing 'ELABORATE' step in 'D:/Projects/NanoProcessor/NanoProcessor.sim/sim_1/behav/xsim'
Vivado Simulator 2018.2
Copyright 1986-1999, 2001-2018 Xilinx, Inc. All Rights Reserved.
Running: D:/Apps/Xilinx/Vivado/2018.2/bin/unwrapped/win64.o/xelab.exe -wto b59f4584556042b78f801fab195c5f21 --incr --debug typical --relax --mt 2 -L xil_defaultlib -L secureip --snapshot D_FF_Sim_behav xil_defaultlib.D_FF_Sim -log elaborate.log 
Using 2 slave threads.
Starting static elaboration
Completed static elaboration
INFO: [XSIM 43-4323] No Change in HDL. Linking previously generated obj files to create kernel
INFO: [USF-XSim-69] 'elaborate' step finished in '1' seconds
INFO: [USF-XSim-4] XSim::Simulate design
INFO: [USF-XSim-61] Executing 'SIMULATE' step in 'D:/Projects/NanoProcessor/NanoProcessor.sim/sim_1/behav/xsim'
INFO: [USF-XSim-98] *** Running xsim
   with args "D_FF_Sim_behav -key {Behavioral:sim_1:Functional:D_FF_Sim} -tclbatch {D_FF_Sim.tcl} -view {D:/Projects/NanoProcessor/Processor_Sim_behav.wcfg} -log {simulate.log}"
INFO: [USF-XSim-8] Loading simulator feature
Vivado Simulator 2018.2
Time resolution is 1 ps
open_wave_config D:/Projects/NanoProcessor/Processor_Sim_behav.wcfg
source D_FF_Sim.tcl
# set curr_wave [current_wave_config]
# if { [string length $curr_wave] == 0 } {
#   if { [llength [get_objects]] > 0} {
#     add_wave /
#     set_property needs_save false [current_wave_config]
#   } else {
#      send_msg_id Add_Wave-1 WARNING "No top level signals found. Simulator will start without a wave window. If you want to open a wave window go to 'File->New Waveform Configuration' or type 'create_wave_config' in the TCL console."
#   }
# }
# run 1000ns
INFO: [USF-XSim-96] XSim completed. Design snapshot 'D_FF_Sim_behav' loaded.
INFO: [USF-XSim-97] XSim simulation ran for 1000ns
set_property top Reg_Bank_Sim [get_filesets sim_1]
set_property top_lib xil_defaultlib [get_filesets sim_1]
update_compile_order -fileset sim_1
launch_simulation
INFO: [Vivado 12-5682] Launching behavioral simulation in 'D:/Projects/NanoProcessor/NanoProcessor.sim/sim_1/behav/xsim'
INFO: [SIM-utils-51] Simulation object is 'sim_1'
INFO: [SIM-utils-54] Inspecting design source files for 'Reg_Bank_Sim' in fileset 'sim_1'...
INFO: [USF-XSim-97] Finding global include files...
INFO: [USF-XSim-98] Fetching design files from 'sim_1'...
INFO: [USF-XSim-2] XSim::Compile design
INFO: [USF-XSim-61] Executing 'COMPILE and ANALYZE' step in 'D:/Projects/NanoProcessor/NanoProcessor.sim/sim_1/behav/xsim'
"xvhdl --incr --relax -prj Reg_Bank_Sim_vhdl.prj"
INFO: [USF-XSim-69] 'compile' step finished in '1' seconds
INFO: [USF-XSim-3] XSim::Elaborate design
INFO: [USF-XSim-61] Executing 'ELABORATE' step in 'D:/Projects/NanoProcessor/NanoProcessor.sim/sim_1/behav/xsim'
Vivado Simulator 2018.2
Copyright 1986-1999, 2001-2018 Xilinx, Inc. All Rights Reserved.
Running: D:/Apps/Xilinx/Vivado/2018.2/bin/unwrapped/win64.o/xelab.exe -wto b59f4584556042b78f801fab195c5f21 --incr --debug typical --relax --mt 2 -L xil_defaultlib -L secureip --snapshot Reg_Bank_Sim_behav xil_defaultlib.Reg_Bank_Sim -log elaborate.log 
Using 2 slave threads.
Starting static elaboration
Completed static elaboration
Starting simulation data flow analysis
Completed simulation data flow analysis
Time Resolution for simulation is 1ps
Compiling package std.standard
Compiling package std.textio
Compiling package ieee.std_logic_1164
Compiling architecture behavioral of entity xil_defaultlib.Decoder_2_to_4 [decoder_2_to_4_default]
Compiling architecture behavioral of entity xil_defaultlib.Decoder_3_to_8 [decoder_3_to_8_default]
Compiling architecture behavioral of entity xil_defaultlib.Reg [reg_default]
Compiling architecture behavioral of entity xil_defaultlib.Reg_Bank [reg_bank_default]
Compiling architecture behavioral of entity xil_defaultlib.reg_bank_sim
Built simulation snapshot Reg_Bank_Sim_behav
INFO: [USF-XSim-69] 'elaborate' step finished in '1' seconds
INFO: [USF-XSim-4] XSim::Simulate design
INFO: [USF-XSim-61] Executing 'SIMULATE' step in 'D:/Projects/NanoProcessor/NanoProcessor.sim/sim_1/behav/xsim'
INFO: [USF-XSim-98] *** Running xsim
   with args "Reg_Bank_Sim_behav -key {Behavioral:sim_1:Functional:Reg_Bank_Sim} -tclbatch {Reg_Bank_Sim.tcl} -view {D:/Projects/NanoProcessor/Processor_Sim_behav.wcfg} -log {simulate.log}"
INFO: [USF-XSim-8] Loading simulator feature
Vivado Simulator 2018.2
Time resolution is 1 ps
open_wave_config D:/Projects/NanoProcessor/Processor_Sim_behav.wcfg
WARNING: Simulation object /D_FF_Sim/Clk was not found in the design.
WARNING: Simulation object /D_FF_Sim/En was not found in the design.
WARNING: Simulation object /D_FF_Sim/Rst was not found in the design.
WARNING: Simulation object /D_FF_Sim/D was not found in the design.
WARNING: Simulation object /D_FF_Sim/Q was not found in the design.
source Reg_Bank_Sim.tcl
# set curr_wave [current_wave_config]
# if { [string length $curr_wave] == 0 } {
#   if { [llength [get_objects]] > 0} {
#     add_wave /
#     set_property needs_save false [current_wave_config]
#   } else {
#      send_msg_id Add_Wave-1 WARNING "No top level signals found. Simulator will start without a wave window. If you want to open a wave window go to 'File->New Waveform Configuration' or type 'create_wave_config' in the TCL console."
#   }
# }
# run 1000ns
INFO: [USF-XSim-96] XSim completed. Design snapshot 'Reg_Bank_Sim_behav' loaded.
INFO: [USF-XSim-97] XSim simulation ran for 1000ns
current_wave_config {Processor_Sim_behav.wcfg}
Processor_Sim_behav.wcfg
add_wave {{/Reg_Bank_Sim/I}} {{/Reg_Bank_Sim/Clk}} {{/Reg_Bank_Sim/Rst}} {{/Reg_Bank_Sim/Reg_En}} {{/Reg_Bank_Sim/R0}} {{/Reg_Bank_Sim/R1}} {{/Reg_Bank_Sim/R2}} {{/Reg_Bank_Sim/R3}} {{/Reg_Bank_Sim/R4}} {{/Reg_Bank_Sim/R5}} {{/Reg_Bank_Sim/R6}} {{/Reg_Bank_Sim/R7}} 
save_wave_config {D:/Projects/NanoProcessor/Processor_Sim_behav.wcfg}
close_sim
INFO: [Simtcl 6-16] Simulation closed
launch_simulation
INFO: [Vivado 12-5682] Launching behavioral simulation in 'D:/Projects/NanoProcessor/NanoProcessor.sim/sim_1/behav/xsim'
INFO: [SIM-utils-51] Simulation object is 'sim_1'
INFO: [SIM-utils-54] Inspecting design source files for 'Reg_Bank_Sim' in fileset 'sim_1'...
INFO: [USF-XSim-97] Finding global include files...
INFO: [USF-XSim-98] Fetching design files from 'sim_1'...
INFO: [USF-XSim-2] XSim::Compile design
INFO: [USF-XSim-61] Executing 'COMPILE and ANALYZE' step in 'D:/Projects/NanoProcessor/NanoProcessor.sim/sim_1/behav/xsim'
"xvhdl --incr --relax -prj Reg_Bank_Sim_vhdl.prj"
INFO: [USF-XSim-69] 'compile' step finished in '1' seconds
INFO: [USF-XSim-3] XSim::Elaborate design
INFO: [USF-XSim-61] Executing 'ELABORATE' step in 'D:/Projects/NanoProcessor/NanoProcessor.sim/sim_1/behav/xsim'
Vivado Simulator 2018.2
Copyright 1986-1999, 2001-2018 Xilinx, Inc. All Rights Reserved.
Running: D:/Apps/Xilinx/Vivado/2018.2/bin/unwrapped/win64.o/xelab.exe -wto b59f4584556042b78f801fab195c5f21 --incr --debug typical --relax --mt 2 -L xil_defaultlib -L secureip --snapshot Reg_Bank_Sim_behav xil_defaultlib.Reg_Bank_Sim -log elaborate.log 
Using 2 slave threads.
Starting static elaboration
Completed static elaboration
INFO: [XSIM 43-4323] No Change in HDL. Linking previously generated obj files to create kernel
INFO: [USF-XSim-69] 'elaborate' step finished in '1' seconds
INFO: [USF-XSim-4] XSim::Simulate design
INFO: [USF-XSim-61] Executing 'SIMULATE' step in 'D:/Projects/NanoProcessor/NanoProcessor.sim/sim_1/behav/xsim'
INFO: [USF-XSim-98] *** Running xsim
   with args "Reg_Bank_Sim_behav -key {Behavioral:sim_1:Functional:Reg_Bank_Sim} -tclbatch {Reg_Bank_Sim.tcl} -view {D:/Projects/NanoProcessor/Processor_Sim_behav.wcfg} -log {simulate.log}"
INFO: [USF-XSim-8] Loading simulator feature
Vivado Simulator 2018.2
Time resolution is 1 ps
open_wave_config D:/Projects/NanoProcessor/Processor_Sim_behav.wcfg
source Reg_Bank_Sim.tcl
# set curr_wave [current_wave_config]
# if { [string length $curr_wave] == 0 } {
#   if { [llength [get_objects]] > 0} {
#     add_wave /
#     set_property needs_save false [current_wave_config]
#   } else {
#      send_msg_id Add_Wave-1 WARNING "No top level signals found. Simulator will start without a wave window. If you want to open a wave window go to 'File->New Waveform Configuration' or type 'create_wave_config' in the TCL console."
#   }
# }
# run 1000ns
INFO: [USF-XSim-96] XSim completed. Design snapshot 'Reg_Bank_Sim_behav' loaded.
INFO: [USF-XSim-97] XSim simulation ran for 1000ns
set_property top Reg_Sim [get_filesets sim_1]
set_property top_lib xil_defaultlib [get_filesets sim_1]
update_compile_order -fileset sim_1
launch_simulation
INFO: [Vivado 12-5682] Launching behavioral simulation in 'D:/Projects/NanoProcessor/NanoProcessor.sim/sim_1/behav/xsim'
INFO: [SIM-utils-51] Simulation object is 'sim_1'
INFO: [SIM-utils-54] Inspecting design source files for 'Reg_Sim' in fileset 'sim_1'...
INFO: [USF-XSim-97] Finding global include files...
INFO: [USF-XSim-98] Fetching design files from 'sim_1'...
INFO: [USF-XSim-2] XSim::Compile design
INFO: [USF-XSim-61] Executing 'COMPILE and ANALYZE' step in 'D:/Projects/NanoProcessor/NanoProcessor.sim/sim_1/behav/xsim'
"xvhdl --incr --relax -prj Reg_Sim_vhdl.prj"
INFO: [VRFC 10-163] Analyzing VHDL file "D:/Projects/NanoProcessor/NanoProcessor.srcs/sim_1/new/Reg_Sim.vhd" into library xil_defaultlib
INFO: [VRFC 10-307] analyzing entity Reg_Sim
INFO: [USF-XSim-69] 'compile' step finished in '1' seconds
INFO: [USF-XSim-3] XSim::Elaborate design
INFO: [USF-XSim-61] Executing 'ELABORATE' step in 'D:/Projects/NanoProcessor/NanoProcessor.sim/sim_1/behav/xsim'
Vivado Simulator 2018.2
Copyright 1986-1999, 2001-2018 Xilinx, Inc. All Rights Reserved.
Running: D:/Apps/Xilinx/Vivado/2018.2/bin/unwrapped/win64.o/xelab.exe -wto b59f4584556042b78f801fab195c5f21 --incr --debug typical --relax --mt 2 -L xil_defaultlib -L secureip --snapshot Reg_Sim_behav xil_defaultlib.Reg_Sim -log elaborate.log 
Using 2 slave threads.
Starting static elaboration
Completed static elaboration
Starting simulation data flow analysis
Completed simulation data flow analysis
Time Resolution for simulation is 1ps
Compiling package std.standard
Compiling package std.textio
Compiling package ieee.std_logic_1164
Compiling architecture behavioral of entity xil_defaultlib.Reg [reg_default]
Compiling architecture behavioral of entity xil_defaultlib.reg_sim
Built simulation snapshot Reg_Sim_behav
INFO: [USF-XSim-69] 'elaborate' step finished in '1' seconds
INFO: [USF-XSim-4] XSim::Simulate design
INFO: [USF-XSim-61] Executing 'SIMULATE' step in 'D:/Projects/NanoProcessor/NanoProcessor.sim/sim_1/behav/xsim'
INFO: [USF-XSim-98] *** Running xsim
   with args "Reg_Sim_behav -key {Behavioral:sim_1:Functional:Reg_Sim} -tclbatch {Reg_Sim.tcl} -view {D:/Projects/NanoProcessor/Processor_Sim_behav.wcfg} -log {simulate.log}"
INFO: [USF-XSim-8] Loading simulator feature
Vivado Simulator 2018.2
Time resolution is 1 ps
open_wave_config D:/Projects/NanoProcessor/Processor_Sim_behav.wcfg
WARNING: Simulation object /Reg_Bank_Sim/I was not found in the design.
WARNING: Simulation object /Reg_Bank_Sim/Clk was not found in the design.
WARNING: Simulation object /Reg_Bank_Sim/Rst was not found in the design.
WARNING: Simulation object /Reg_Bank_Sim/Reg_En was not found in the design.
WARNING: Simulation object /Reg_Bank_Sim/R0 was not found in the design.
WARNING: Simulation object /Reg_Bank_Sim/R1 was not found in the design.
WARNING: Simulation object /Reg_Bank_Sim/R2 was not found in the design.
WARNING: Simulation object /Reg_Bank_Sim/R3 was not found in the design.
WARNING: Simulation object /Reg_Bank_Sim/R4 was not found in the design.
WARNING: Simulation object /Reg_Bank_Sim/R5 was not found in the design.
WARNING: Simulation object /Reg_Bank_Sim/R6 was not found in the design.
WARNING: Simulation object /Reg_Bank_Sim/R7 was not found in the design.
source Reg_Sim.tcl
# set curr_wave [current_wave_config]
# if { [string length $curr_wave] == 0 } {
#   if { [llength [get_objects]] > 0} {
#     add_wave /
#     set_property needs_save false [current_wave_config]
#   } else {
#      send_msg_id Add_Wave-1 WARNING "No top level signals found. Simulator will start without a wave window. If you want to open a wave window go to 'File->New Waveform Configuration' or type 'create_wave_config' in the TCL console."
#   }
# }
# run 1000ns
INFO: [USF-XSim-96] XSim completed. Design snapshot 'Reg_Sim_behav' loaded.
INFO: [USF-XSim-97] XSim simulation ran for 1000ns
current_wave_config {Processor_Sim_behav.wcfg}
Processor_Sim_behav.wcfg
add_wave {{/Reg_Sim/Clk}} {{/Reg_Sim/En}} {{/Reg_Sim/Rst}} {{/Reg_Sim/D}} {{/Reg_Sim/Q}} 
save_wave_config {D:/Projects/NanoProcessor/Processor_Sim_behav.wcfg}
close_sim
INFO: [Simtcl 6-16] Simulation closed
launch_simulation
INFO: [Vivado 12-5682] Launching behavioral simulation in 'D:/Projects/NanoProcessor/NanoProcessor.sim/sim_1/behav/xsim'
INFO: [SIM-utils-51] Simulation object is 'sim_1'
INFO: [SIM-utils-54] Inspecting design source files for 'Reg_Sim' in fileset 'sim_1'...
INFO: [USF-XSim-97] Finding global include files...
INFO: [USF-XSim-98] Fetching design files from 'sim_1'...
INFO: [USF-XSim-2] XSim::Compile design
INFO: [USF-XSim-61] Executing 'COMPILE and ANALYZE' step in 'D:/Projects/NanoProcessor/NanoProcessor.sim/sim_1/behav/xsim'
"xvhdl --incr --relax -prj Reg_Sim_vhdl.prj"
INFO: [USF-XSim-69] 'compile' step finished in '1' seconds
INFO: [USF-XSim-3] XSim::Elaborate design
INFO: [USF-XSim-61] Executing 'ELABORATE' step in 'D:/Projects/NanoProcessor/NanoProcessor.sim/sim_1/behav/xsim'
Vivado Simulator 2018.2
Copyright 1986-1999, 2001-2018 Xilinx, Inc. All Rights Reserved.
Running: D:/Apps/Xilinx/Vivado/2018.2/bin/unwrapped/win64.o/xelab.exe -wto b59f4584556042b78f801fab195c5f21 --incr --debug typical --relax --mt 2 -L xil_defaultlib -L secureip --snapshot Reg_Sim_behav xil_defaultlib.Reg_Sim -log elaborate.log 
Using 2 slave threads.
Starting static elaboration
Completed static elaboration
INFO: [XSIM 43-4323] No Change in HDL. Linking previously generated obj files to create kernel
INFO: [USF-XSim-69] 'elaborate' step finished in '1' seconds
INFO: [USF-XSim-4] XSim::Simulate design
INFO: [USF-XSim-61] Executing 'SIMULATE' step in 'D:/Projects/NanoProcessor/NanoProcessor.sim/sim_1/behav/xsim'
INFO: [USF-XSim-98] *** Running xsim
   with args "Reg_Sim_behav -key {Behavioral:sim_1:Functional:Reg_Sim} -tclbatch {Reg_Sim.tcl} -view {D:/Projects/NanoProcessor/Processor_Sim_behav.wcfg} -log {simulate.log}"
INFO: [USF-XSim-8] Loading simulator feature
Vivado Simulator 2018.2
Time resolution is 1 ps
open_wave_config D:/Projects/NanoProcessor/Processor_Sim_behav.wcfg
source Reg_Sim.tcl
# set curr_wave [current_wave_config]
# if { [string length $curr_wave] == 0 } {
#   if { [llength [get_objects]] > 0} {
#     add_wave /
#     set_property needs_save false [current_wave_config]
#   } else {
#      send_msg_id Add_Wave-1 WARNING "No top level signals found. Simulator will start without a wave window. If you want to open a wave window go to 'File->New Waveform Configuration' or type 'create_wave_config' in the TCL console."
#   }
# }
# run 1000ns
INFO: [USF-XSim-96] XSim completed. Design snapshot 'Reg_Sim_behav' loaded.
INFO: [USF-XSim-97] XSim simulation ran for 1000ns
set_property top Processor_Sim [get_filesets sim_1]
set_property top_lib xil_defaultlib [get_filesets sim_1]
update_compile_order -fileset sim_1
launch_simulation
INFO: [Vivado 12-5682] Launching behavioral simulation in 'D:/Projects/NanoProcessor/NanoProcessor.sim/sim_1/behav/xsim'
INFO: [SIM-utils-51] Simulation object is 'sim_1'
INFO: [SIM-utils-54] Inspecting design source files for 'Processor_Sim' in fileset 'sim_1'...
INFO: [USF-XSim-97] Finding global include files...
INFO: [USF-XSim-98] Fetching design files from 'sim_1'...
INFO: [USF-XSim-2] XSim::Compile design
INFO: [USF-XSim-61] Executing 'COMPILE and ANALYZE' step in 'D:/Projects/NanoProcessor/NanoProcessor.sim/sim_1/behav/xsim'
"xvhdl --incr --relax -prj Processor_Sim_vhdl.prj"
INFO: [VRFC 10-163] Analyzing VHDL file "D:/Projects/NanoProcessor/NanoProcessor.srcs/sources_1/new/Processor.vhd" into library xil_defaultlib
INFO: [VRFC 10-307] analyzing entity Processor
INFO: [VRFC 10-163] Analyzing VHDL file "D:/Projects/NanoProcessor/NanoProcessor.srcs/sim_1/new/Processor_Sim.vhd" into library xil_defaultlib
INFO: [VRFC 10-307] analyzing entity Processor_Sim
INFO: [USF-XSim-69] 'compile' step finished in '1' seconds
INFO: [USF-XSim-3] XSim::Elaborate design
INFO: [USF-XSim-61] Executing 'ELABORATE' step in 'D:/Projects/NanoProcessor/NanoProcessor.sim/sim_1/behav/xsim'
Vivado Simulator 2018.2
Copyright 1986-1999, 2001-2018 Xilinx, Inc. All Rights Reserved.
Running: D:/Apps/Xilinx/Vivado/2018.2/bin/unwrapped/win64.o/xelab.exe -wto b59f4584556042b78f801fab195c5f21 --incr --debug typical --relax --mt 2 -L xil_defaultlib -L secureip --snapshot Processor_Sim_behav xil_defaultlib.Processor_Sim -log elaborate.log 
Using 2 slave threads.
Starting static elaboration
Completed static elaboration
Starting simulation data flow analysis
Completed simulation data flow analysis
Time Resolution for simulation is 1ps
Compiling package std.standard
Compiling package std.textio
Compiling package ieee.std_logic_1164
Compiling package ieee.numeric_std
Compiling architecture behavioral of entity xil_defaultlib.Slow_Clk [slow_clk_default]
Compiling architecture behavioral of entity xil_defaultlib.ROM_8 [rom_8_default]
Compiling architecture behavioral of entity xil_defaultlib.D_FF [d_ff_default]
Compiling architecture behavioral of entity xil_defaultlib.Count_3 [count_3_default]
Compiling architecture behavioral of entity xil_defaultlib.HA [ha_default]
Compiling architecture behavioral of entity xil_defaultlib.FA [fa_default]
Compiling architecture behavioral of entity xil_defaultlib.Adder_3 [adder_3_default]
Compiling architecture behavioral of entity xil_defaultlib.Buff_3 [buff_3_default]
Compiling architecture behavioral of entity xil_defaultlib.Mux_2_way_3 [mux_2_way_3_default]
Compiling architecture behavioral of entity xil_defaultlib.Ins_Decoder [ins_decoder_default]
Compiling architecture behavioral of entity xil_defaultlib.Buff_4 [buff_4_default]
Compiling architecture behavioral of entity xil_defaultlib.Mux_2_way_4 [mux_2_way_4_default]
Compiling architecture behavioral of entity xil_defaultlib.Decoder_2_to_4 [decoder_2_to_4_default]
Compiling architecture behavioral of entity xil_defaultlib.Decoder_3_to_8 [decoder_3_to_8_default]
Compiling architecture behavioral of entity xil_defaultlib.Reg [reg_default]
Compiling architecture behavioral of entity xil_defaultlib.Reg_Bank [reg_bank_default]
Compiling architecture behavioral of entity xil_defaultlib.LUT_7_Display [lut_7_display_default]
Compiling architecture behavioral of entity xil_defaultlib.Add_Subtract [add_subtract_default]
Compiling architecture behavioral of entity xil_defaultlib.Mux_8_way_4 [mux_8_way_4_default]
Compiling architecture behavioral of entity xil_defaultlib.Processor [processor_default]
Compiling architecture behavioral of entity xil_defaultlib.processor_sim
Built simulation snapshot Processor_Sim_behav
INFO: [USF-XSim-69] 'elaborate' step finished in '2' seconds
INFO: [USF-XSim-4] XSim::Simulate design
INFO: [USF-XSim-61] Executing 'SIMULATE' step in 'D:/Projects/NanoProcessor/NanoProcessor.sim/sim_1/behav/xsim'
INFO: [USF-XSim-98] *** Running xsim
   with args "Processor_Sim_behav -key {Behavioral:sim_1:Functional:Processor_Sim} -tclbatch {Processor_Sim.tcl} -view {D:/Projects/NanoProcessor/Processor_Sim_behav.wcfg} -log {simulate.log}"
INFO: [USF-XSim-8] Loading simulator feature
Vivado Simulator 2018.2
Time resolution is 1 ps
open_wave_config D:/Projects/NanoProcessor/Processor_Sim_behav.wcfg
WARNING: Simulation object /Reg_Sim/Clk was not found in the design.
WARNING: Simulation object /Reg_Sim/En was not found in the design.
WARNING: Simulation object /Reg_Sim/Rst was not found in the design.
WARNING: Simulation object /Reg_Sim/D was not found in the design.
WARNING: Simulation object /Reg_Sim/Q was not found in the design.
source Processor_Sim.tcl
# set curr_wave [current_wave_config]
# if { [string length $curr_wave] == 0 } {
#   if { [llength [get_objects]] > 0} {
#     add_wave /
#     set_property needs_save false [current_wave_config]
#   } else {
#      send_msg_id Add_Wave-1 WARNING "No top level signals found. Simulator will start without a wave window. If you want to open a wave window go to 'File->New Waveform Configuration' or type 'create_wave_config' in the TCL console."
#   }
# }
# run 1000ns
INFO: [USF-XSim-96] XSim completed. Design snapshot 'Processor_Sim_behav' loaded.
INFO: [USF-XSim-97] XSim simulation ran for 1000ns
current_wave_config {Processor_Sim_behav.wcfg}
Processor_Sim_behav.wcfg
add_wave {{/Processor_Sim/Rst}} {{/Processor_Sim/Clk}} {{/Processor_Sim/Carry}} {{/Processor_Sim/Zeroes}} {{/Processor_Sim/R7_out}} {{/Processor_Sim/Anode}} {{/Processor_Sim/Seg_data}} 
current_wave_config {Processor_Sim_behav.wcfg}
Processor_Sim_behav.wcfg
add_wave {{/Processor_Sim/UUT/Slow_Clk_0/Clk_out}} 
save_wave_config {D:/Projects/NanoProcessor/Processor_Sim_behav.wcfg}
close_sim
INFO: [Simtcl 6-16] Simulation closed
launch_simulation
INFO: [Vivado 12-5682] Launching behavioral simulation in 'D:/Projects/NanoProcessor/NanoProcessor.sim/sim_1/behav/xsim'
INFO: [SIM-utils-51] Simulation object is 'sim_1'
INFO: [SIM-utils-54] Inspecting design source files for 'Processor_Sim' in fileset 'sim_1'...
INFO: [USF-XSim-97] Finding global include files...
INFO: [USF-XSim-98] Fetching design files from 'sim_1'...
INFO: [USF-XSim-2] XSim::Compile design
INFO: [USF-XSim-61] Executing 'COMPILE and ANALYZE' step in 'D:/Projects/NanoProcessor/NanoProcessor.sim/sim_1/behav/xsim'
"xvhdl --incr --relax -prj Processor_Sim_vhdl.prj"
INFO: [USF-XSim-69] 'compile' step finished in '1' seconds
INFO: [USF-XSim-3] XSim::Elaborate design
INFO: [USF-XSim-61] Executing 'ELABORATE' step in 'D:/Projects/NanoProcessor/NanoProcessor.sim/sim_1/behav/xsim'
Vivado Simulator 2018.2
Copyright 1986-1999, 2001-2018 Xilinx, Inc. All Rights Reserved.
Running: D:/Apps/Xilinx/Vivado/2018.2/bin/unwrapped/win64.o/xelab.exe -wto b59f4584556042b78f801fab195c5f21 --incr --debug typical --relax --mt 2 -L xil_defaultlib -L secureip --snapshot Processor_Sim_behav xil_defaultlib.Processor_Sim -log elaborate.log 
Using 2 slave threads.
Starting static elaboration
Completed static elaboration
INFO: [XSIM 43-4323] No Change in HDL. Linking previously generated obj files to create kernel
INFO: [USF-XSim-69] 'elaborate' step finished in '1' seconds
INFO: [USF-XSim-4] XSim::Simulate design
INFO: [USF-XSim-61] Executing 'SIMULATE' step in 'D:/Projects/NanoProcessor/NanoProcessor.sim/sim_1/behav/xsim'
INFO: [USF-XSim-98] *** Running xsim
   with args "Processor_Sim_behav -key {Behavioral:sim_1:Functional:Processor_Sim} -tclbatch {Processor_Sim.tcl} -view {D:/Projects/NanoProcessor/Processor_Sim_behav.wcfg} -log {simulate.log}"
INFO: [USF-XSim-8] Loading simulator feature
Vivado Simulator 2018.2
Time resolution is 1 ps
open_wave_config D:/Projects/NanoProcessor/Processor_Sim_behav.wcfg
source Processor_Sim.tcl
# set curr_wave [current_wave_config]
# if { [string length $curr_wave] == 0 } {
#   if { [llength [get_objects]] > 0} {
#     add_wave /
#     set_property needs_save false [current_wave_config]
#   } else {
#      send_msg_id Add_Wave-1 WARNING "No top level signals found. Simulator will start without a wave window. If you want to open a wave window go to 'File->New Waveform Configuration' or type 'create_wave_config' in the TCL console."
#   }
# }
# run 1000ns
INFO: [USF-XSim-96] XSim completed. Design snapshot 'Processor_Sim_behav' loaded.
INFO: [USF-XSim-97] XSim simulation ran for 1000ns
close_sim
INFO: [Simtcl 6-16] Simulation closed
launch_simulation
INFO: [Vivado 12-5682] Launching behavioral simulation in 'D:/Projects/NanoProcessor/NanoProcessor.sim/sim_1/behav/xsim'
INFO: [SIM-utils-51] Simulation object is 'sim_1'
INFO: [SIM-utils-54] Inspecting design source files for 'Processor_Sim' in fileset 'sim_1'...
INFO: [USF-XSim-97] Finding global include files...
INFO: [USF-XSim-98] Fetching design files from 'sim_1'...
INFO: [USF-XSim-2] XSim::Compile design
INFO: [USF-XSim-61] Executing 'COMPILE and ANALYZE' step in 'D:/Projects/NanoProcessor/NanoProcessor.sim/sim_1/behav/xsim'
"xvhdl --incr --relax -prj Processor_Sim_vhdl.prj"
INFO: [VRFC 10-163] Analyzing VHDL file "D:/Projects/NanoProcessor/NanoProcessor.srcs/sources_1/new/Slow_Clk.vhd" into library xil_defaultlib
INFO: [VRFC 10-307] analyzing entity Slow_Clk
INFO: [USF-XSim-69] 'compile' step finished in '1' seconds
INFO: [USF-XSim-3] XSim::Elaborate design
INFO: [USF-XSim-61] Executing 'ELABORATE' step in 'D:/Projects/NanoProcessor/NanoProcessor.sim/sim_1/behav/xsim'
Vivado Simulator 2018.2
Copyright 1986-1999, 2001-2018 Xilinx, Inc. All Rights Reserved.
Running: D:/Apps/Xilinx/Vivado/2018.2/bin/unwrapped/win64.o/xelab.exe -wto b59f4584556042b78f801fab195c5f21 --incr --debug typical --relax --mt 2 -L xil_defaultlib -L secureip --snapshot Processor_Sim_behav xil_defaultlib.Processor_Sim -log elaborate.log 
Using 2 slave threads.
Starting static elaboration
Completed static elaboration
Starting simulation data flow analysis
Completed simulation data flow analysis
Time Resolution for simulation is 1ps
Compiling package std.standard
Compiling package std.textio
Compiling package ieee.std_logic_1164
Compiling package ieee.numeric_std
Compiling architecture behavioral of entity xil_defaultlib.Slow_Clk [slow_clk_default]
Compiling architecture behavioral of entity xil_defaultlib.ROM_8 [rom_8_default]
Compiling architecture behavioral of entity xil_defaultlib.D_FF [d_ff_default]
Compiling architecture behavioral of entity xil_defaultlib.Count_3 [count_3_default]
Compiling architecture behavioral of entity xil_defaultlib.HA [ha_default]
Compiling architecture behavioral of entity xil_defaultlib.FA [fa_default]
Compiling architecture behavioral of entity xil_defaultlib.Adder_3 [adder_3_default]
Compiling architecture behavioral of entity xil_defaultlib.Buff_3 [buff_3_default]
Compiling architecture behavioral of entity xil_defaultlib.Mux_2_way_3 [mux_2_way_3_default]
Compiling architecture behavioral of entity xil_defaultlib.Ins_Decoder [ins_decoder_default]
Compiling architecture behavioral of entity xil_defaultlib.Buff_4 [buff_4_default]
Compiling architecture behavioral of entity xil_defaultlib.Mux_2_way_4 [mux_2_way_4_default]
Compiling architecture behavioral of entity xil_defaultlib.Decoder_2_to_4 [decoder_2_to_4_default]
Compiling architecture behavioral of entity xil_defaultlib.Decoder_3_to_8 [decoder_3_to_8_default]
Compiling architecture behavioral of entity xil_defaultlib.Reg [reg_default]
Compiling architecture behavioral of entity xil_defaultlib.Reg_Bank [reg_bank_default]
Compiling architecture behavioral of entity xil_defaultlib.LUT_7_Display [lut_7_display_default]
Compiling architecture behavioral of entity xil_defaultlib.Add_Subtract [add_subtract_default]
Compiling architecture behavioral of entity xil_defaultlib.Mux_8_way_4 [mux_8_way_4_default]
Compiling architecture behavioral of entity xil_defaultlib.Processor [processor_default]
Compiling architecture behavioral of entity xil_defaultlib.processor_sim
Built simulation snapshot Processor_Sim_behav
INFO: [USF-XSim-69] 'elaborate' step finished in '1' seconds
INFO: [USF-XSim-4] XSim::Simulate design
INFO: [USF-XSim-61] Executing 'SIMULATE' step in 'D:/Projects/NanoProcessor/NanoProcessor.sim/sim_1/behav/xsim'
INFO: [USF-XSim-98] *** Running xsim
   with args "Processor_Sim_behav -key {Behavioral:sim_1:Functional:Processor_Sim} -tclbatch {Processor_Sim.tcl} -view {D:/Projects/NanoProcessor/Processor_Sim_behav.wcfg} -log {simulate.log}"
INFO: [USF-XSim-8] Loading simulator feature
Vivado Simulator 2018.2
Time resolution is 1 ps
open_wave_config D:/Projects/NanoProcessor/Processor_Sim_behav.wcfg
source Processor_Sim.tcl
# set curr_wave [current_wave_config]
# if { [string length $curr_wave] == 0 } {
#   if { [llength [get_objects]] > 0} {
#     add_wave /
#     set_property needs_save false [current_wave_config]
#   } else {
#      send_msg_id Add_Wave-1 WARNING "No top level signals found. Simulator will start without a wave window. If you want to open a wave window go to 'File->New Waveform Configuration' or type 'create_wave_config' in the TCL console."
#   }
# }
# run 1000ns
INFO: [USF-XSim-96] XSim completed. Design snapshot 'Processor_Sim_behav' loaded.
INFO: [USF-XSim-97] XSim simulation ran for 1000ns
set_property top Add_Subtract [current_fileset]
update_compile_order -fileset sources_1
close_sim
INFO: [Simtcl 6-16] Simulation closed
launch_simulation
INFO: [Vivado 12-5682] Launching behavioral simulation in 'D:/Projects/NanoProcessor/NanoProcessor.sim/sim_1/behav/xsim'
INFO: [SIM-utils-51] Simulation object is 'sim_1'
INFO: [SIM-utils-54] Inspecting design source files for 'Processor_Sim' in fileset 'sim_1'...
INFO: [USF-XSim-97] Finding global include files...
INFO: [USF-XSim-98] Fetching design files from 'sim_1'...
INFO: [USF-XSim-2] XSim::Compile design
INFO: [USF-XSim-61] Executing 'COMPILE and ANALYZE' step in 'D:/Projects/NanoProcessor/NanoProcessor.sim/sim_1/behav/xsim'
"xvhdl --incr --relax -prj Processor_Sim_vhdl.prj"
INFO: [VRFC 10-163] Analyzing VHDL file "D:/Projects/NanoProcessor/NanoProcessor.srcs/sources_1/new/Add_Subtract.vhd" into library xil_defaultlib
INFO: [VRFC 10-307] analyzing entity Add_Subtract
INFO: [USF-XSim-69] 'compile' step finished in '3' seconds
INFO: [USF-XSim-3] XSim::Elaborate design
INFO: [USF-XSim-61] Executing 'ELABORATE' step in 'D:/Projects/NanoProcessor/NanoProcessor.sim/sim_1/behav/xsim'
Vivado Simulator 2018.2
Copyright 1986-1999, 2001-2018 Xilinx, Inc. All Rights Reserved.
Running: D:/Apps/Xilinx/Vivado/2018.2/bin/unwrapped/win64.o/xelab.exe -wto b59f4584556042b78f801fab195c5f21 --incr --debug typical --relax --mt 2 -L xil_defaultlib -L secureip --snapshot Processor_Sim_behav xil_defaultlib.Processor_Sim -log elaborate.log 
Using 2 slave threads.
Starting static elaboration
ERROR: [VRFC 10-718] formal port <C_out> does not exist in entity <Add_Subtract>.  Please compare the definition of block <Add_Subtract> to its component declaration and its instantion to detect the mismatch. [D:/Projects/NanoProcessor/NanoProcessor.srcs/sources_1/new/Processor.vhd:136]
ERROR: [VRFC 10-718] formal port <V> does not exist in entity <Add_Subtract>.  Please compare the definition of block <Add_Subtract> to its component declaration and its instantion to detect the mismatch. [D:/Projects/NanoProcessor/NanoProcessor.srcs/sources_1/new/Processor.vhd:137]
ERROR: [XSIM 43-3321] Static elaboration of top level VHDL design unit processor_sim in library work failed.
INFO: [USF-XSim-69] 'elaborate' step finished in '1' seconds
INFO: [USF-XSim-99] Step results log file:'D:/Projects/NanoProcessor/NanoProcessor.sim/sim_1/behav/xsim/elaborate.log'
ERROR: [USF-XSim-62] 'elaborate' step failed with error(s). Please check the Tcl console output or 'D:/Projects/NanoProcessor/NanoProcessor.sim/sim_1/behav/xsim/elaborate.log' file for more information.
ERROR: [Vivado 12-4473] Detected error while running simulation. Please correct the issue and retry this operation.
launch_simulation: Time (s): cpu = 00:00:00 ; elapsed = 00:00:05 . Memory (MB): peak = 1032.258 ; gain = 0.000
ERROR: [Common 17-39] 'launch_simulation' failed due to earlier errors.
current_sim simulation_12
set_property top Add_Subtract_Sim [get_filesets sim_1]
set_property top_lib xil_defaultlib [get_filesets sim_1]
update_compile_order -fileset sim_1
launch_simulation
INFO: [Vivado 12-5682] Launching behavioral simulation in 'D:/Projects/NanoProcessor/NanoProcessor.sim/sim_1/behav/xsim'
INFO: [SIM-utils-51] Simulation object is 'sim_1'
INFO: [SIM-utils-54] Inspecting design source files for 'Add_Subtract_Sim' in fileset 'sim_1'...
INFO: [USF-XSim-97] Finding global include files...
INFO: [USF-XSim-98] Fetching design files from 'sim_1'...
INFO: [USF-XSim-2] XSim::Compile design
INFO: [USF-XSim-61] Executing 'COMPILE and ANALYZE' step in 'D:/Projects/NanoProcessor/NanoProcessor.sim/sim_1/behav/xsim'
"xvhdl --incr --relax -prj Add_Subtract_Sim_vhdl.prj"
INFO: [VRFC 10-163] Analyzing VHDL file "D:/Projects/NanoProcessor/NanoProcessor.srcs/sim_1/new/Add_Subtract_Sim.vhd" into library xil_defaultlib
INFO: [VRFC 10-307] analyzing entity Add_Subtract_Sim
INFO: [USF-XSim-69] 'compile' step finished in '1' seconds
INFO: [USF-XSim-3] XSim::Elaborate design
INFO: [USF-XSim-61] Executing 'ELABORATE' step in 'D:/Projects/NanoProcessor/NanoProcessor.sim/sim_1/behav/xsim'
Vivado Simulator 2018.2
Copyright 1986-1999, 2001-2018 Xilinx, Inc. All Rights Reserved.
Running: D:/Apps/Xilinx/Vivado/2018.2/bin/unwrapped/win64.o/xelab.exe -wto b59f4584556042b78f801fab195c5f21 --incr --debug typical --relax --mt 2 -L xil_defaultlib -L secureip --snapshot Add_Subtract_Sim_behav xil_defaultlib.Add_Subtract_Sim -log elaborate.log 
Using 2 slave threads.
Starting static elaboration
Completed static elaboration
Starting simulation data flow analysis
Completed simulation data flow analysis
Time Resolution for simulation is 1ps
Compiling package std.standard
Compiling package std.textio
Compiling package ieee.std_logic_1164
Compiling architecture behavioral of entity xil_defaultlib.HA [ha_default]
Compiling architecture behavioral of entity xil_defaultlib.FA [fa_default]
Compiling architecture behavioral of entity xil_defaultlib.Add_Subtract [add_subtract_default]
Compiling architecture behavioral of entity xil_defaultlib.add_subtract_sim
Built simulation snapshot Add_Subtract_Sim_behav

****** Webtalk v2018.2 (64-bit)
  **** SW Build 2258646 on Thu Jun 14 20:03:12 MDT 2018
  **** IP Build 2256618 on Thu Jun 14 22:10:49 MDT 2018
    ** Copyright 1986-2018 Xilinx, Inc. All Rights Reserved.

source D:/Projects/NanoProcessor/NanoProcessor.sim/sim_1/behav/xsim/xsim.dir/Add_Subtract_Sim_behav/webtalk/xsim_webtalk.tcl -notrace
INFO: [Common 17-206] Exiting Webtalk at Fri Jun  2 17:31:02 2023...
run_program: Time (s): cpu = 00:00:01 ; elapsed = 00:00:08 . Memory (MB): peak = 1057.137 ; gain = 0.000
INFO: [USF-XSim-69] 'elaborate' step finished in '7' seconds
INFO: [USF-XSim-4] XSim::Simulate design
INFO: [USF-XSim-61] Executing 'SIMULATE' step in 'D:/Projects/NanoProcessor/NanoProcessor.sim/sim_1/behav/xsim'
INFO: [USF-XSim-98] *** Running xsim
   with args "Add_Subtract_Sim_behav -key {Behavioral:sim_1:Functional:Add_Subtract_Sim} -tclbatch {Add_Subtract_Sim.tcl} -view {D:/Projects/NanoProcessor/Processor_Sim_behav.wcfg} -log {simulate.log}"
INFO: [USF-XSim-8] Loading simulator feature
Vivado Simulator 2018.2
Time resolution is 1 ps
open_wave_config D:/Projects/NanoProcessor/Processor_Sim_behav.wcfg
WARNING: Simulation object /Processor_Sim/Clk was not found in the design.
WARNING: Simulation object /Processor_Sim/UUT/Slow_Clk_0/Clk_out was not found in the design.
WARNING: Simulation object /Processor_Sim/Rst was not found in the design.
WARNING: Simulation object /Processor_Sim/Carry was not found in the design.
WARNING: Simulation object /Processor_Sim/Zeroes was not found in the design.
WARNING: Simulation object /Processor_Sim/R7_out was not found in the design.
WARNING: Simulation object /Processor_Sim/Seg_data was not found in the design.
WARNING: Simulation object /Processor_Sim/Anode was not found in the design.
source Add_Subtract_Sim.tcl
# set curr_wave [current_wave_config]
# if { [string length $curr_wave] == 0 } {
#   if { [llength [get_objects]] > 0} {
#     add_wave /
#     set_property needs_save false [current_wave_config]
#   } else {
#      send_msg_id Add_Wave-1 WARNING "No top level signals found. Simulator will start without a wave window. If you want to open a wave window go to 'File->New Waveform Configuration' or type 'create_wave_config' in the TCL console."
#   }
# }
# run 1000ns
INFO: [USF-XSim-96] XSim completed. Design snapshot 'Add_Subtract_Sim_behav' loaded.
INFO: [USF-XSim-97] XSim simulation ran for 1000ns
launch_simulation: Time (s): cpu = 00:00:03 ; elapsed = 00:00:12 . Memory (MB): peak = 1057.137 ; gain = 0.000
current_wave_config {Processor_Sim_behav.wcfg}
Processor_Sim_behav.wcfg
add_wave {{/Add_Subtract_Sim/A_in}} {{/Add_Subtract_Sim/B_in}} {{/Add_Subtract_Sim/S_out}} {{/Add_Subtract_Sim/M}} {{/Add_Subtract_Sim/Ovf}} {{/Add_Subtract_Sim/Zeroes}} 
save_wave_config {D:/Projects/NanoProcessor/Processor_Sim_behav.wcfg}
close_sim
INFO: [Simtcl 6-16] Simulation closed
launch_simulation
INFO: [Vivado 12-5682] Launching behavioral simulation in 'D:/Projects/NanoProcessor/NanoProcessor.sim/sim_1/behav/xsim'
INFO: [SIM-utils-51] Simulation object is 'sim_1'
INFO: [SIM-utils-54] Inspecting design source files for 'Add_Subtract_Sim' in fileset 'sim_1'...
INFO: [USF-XSim-97] Finding global include files...
INFO: [USF-XSim-98] Fetching design files from 'sim_1'...
INFO: [USF-XSim-2] XSim::Compile design
INFO: [USF-XSim-61] Executing 'COMPILE and ANALYZE' step in 'D:/Projects/NanoProcessor/NanoProcessor.sim/sim_1/behav/xsim'
"xvhdl --incr --relax -prj Add_Subtract_Sim_vhdl.prj"
INFO: [USF-XSim-69] 'compile' step finished in '1' seconds
INFO: [USF-XSim-3] XSim::Elaborate design
INFO: [USF-XSim-61] Executing 'ELABORATE' step in 'D:/Projects/NanoProcessor/NanoProcessor.sim/sim_1/behav/xsim'
Vivado Simulator 2018.2
Copyright 1986-1999, 2001-2018 Xilinx, Inc. All Rights Reserved.
Running: D:/Apps/Xilinx/Vivado/2018.2/bin/unwrapped/win64.o/xelab.exe -wto b59f4584556042b78f801fab195c5f21 --incr --debug typical --relax --mt 2 -L xil_defaultlib -L secureip --snapshot Add_Subtract_Sim_behav xil_defaultlib.Add_Subtract_Sim -log elaborate.log 
Using 2 slave threads.
Starting static elaboration
Completed static elaboration
INFO: [XSIM 43-4323] No Change in HDL. Linking previously generated obj files to create kernel
INFO: [USF-XSim-69] 'elaborate' step finished in '1' seconds
INFO: [USF-XSim-4] XSim::Simulate design
INFO: [USF-XSim-61] Executing 'SIMULATE' step in 'D:/Projects/NanoProcessor/NanoProcessor.sim/sim_1/behav/xsim'
INFO: [USF-XSim-98] *** Running xsim
   with args "Add_Subtract_Sim_behav -key {Behavioral:sim_1:Functional:Add_Subtract_Sim} -tclbatch {Add_Subtract_Sim.tcl} -view {D:/Projects/NanoProcessor/Processor_Sim_behav.wcfg} -log {simulate.log}"
INFO: [USF-XSim-8] Loading simulator feature
Vivado Simulator 2018.2
Time resolution is 1 ps
open_wave_config D:/Projects/NanoProcessor/Processor_Sim_behav.wcfg
source Add_Subtract_Sim.tcl
# set curr_wave [current_wave_config]
# if { [string length $curr_wave] == 0 } {
#   if { [llength [get_objects]] > 0} {
#     add_wave /
#     set_property needs_save false [current_wave_config]
#   } else {
#      send_msg_id Add_Wave-1 WARNING "No top level signals found. Simulator will start without a wave window. If you want to open a wave window go to 'File->New Waveform Configuration' or type 'create_wave_config' in the TCL console."
#   }
# }
# run 1000ns
INFO: [USF-XSim-96] XSim completed. Design snapshot 'Add_Subtract_Sim_behav' loaded.
INFO: [USF-XSim-97] XSim simulation ran for 1000ns
set_property top Processor_Sim [get_filesets sim_1]
set_property top_lib xil_defaultlib [get_filesets sim_1]
update_compile_order -fileset sim_1
launch_simulation
INFO: [Vivado 12-5682] Launching behavioral simulation in 'D:/Projects/NanoProcessor/NanoProcessor.sim/sim_1/behav/xsim'
INFO: [SIM-utils-51] Simulation object is 'sim_1'
INFO: [SIM-utils-54] Inspecting design source files for 'Processor_Sim' in fileset 'sim_1'...
INFO: [USF-XSim-97] Finding global include files...
INFO: [USF-XSim-98] Fetching design files from 'sim_1'...
INFO: [USF-XSim-2] XSim::Compile design
INFO: [USF-XSim-61] Executing 'COMPILE and ANALYZE' step in 'D:/Projects/NanoProcessor/NanoProcessor.sim/sim_1/behav/xsim'
"xvhdl --incr --relax -prj Processor_Sim_vhdl.prj"
INFO: [VRFC 10-163] Analyzing VHDL file "D:/Projects/NanoProcessor/NanoProcessor.srcs/sources_1/new/Processor.vhd" into library xil_defaultlib
INFO: [VRFC 10-307] analyzing entity Processor
INFO: [VRFC 10-163] Analyzing VHDL file "D:/Projects/NanoProcessor/NanoProcessor.srcs/sim_1/new/Processor_Sim.vhd" into library xil_defaultlib
INFO: [VRFC 10-307] analyzing entity Processor_Sim
INFO: [USF-XSim-69] 'compile' step finished in '1' seconds
INFO: [USF-XSim-3] XSim::Elaborate design
INFO: [USF-XSim-61] Executing 'ELABORATE' step in 'D:/Projects/NanoProcessor/NanoProcessor.sim/sim_1/behav/xsim'
Vivado Simulator 2018.2
Copyright 1986-1999, 2001-2018 Xilinx, Inc. All Rights Reserved.
Running: D:/Apps/Xilinx/Vivado/2018.2/bin/unwrapped/win64.o/xelab.exe -wto b59f4584556042b78f801fab195c5f21 --incr --debug typical --relax --mt 2 -L xil_defaultlib -L secureip --snapshot Processor_Sim_behav xil_defaultlib.Processor_Sim -log elaborate.log 
Using 2 slave threads.
Starting static elaboration
Completed static elaboration
Starting simulation data flow analysis
Completed simulation data flow analysis
Time Resolution for simulation is 1ps
Compiling package std.standard
Compiling package std.textio
Compiling package ieee.std_logic_1164
Compiling package ieee.numeric_std
Compiling architecture behavioral of entity xil_defaultlib.Slow_Clk [slow_clk_default]
Compiling architecture behavioral of entity xil_defaultlib.ROM_8 [rom_8_default]
Compiling architecture behavioral of entity xil_defaultlib.D_FF [d_ff_default]
Compiling architecture behavioral of entity xil_defaultlib.Count_3 [count_3_default]
Compiling architecture behavioral of entity xil_defaultlib.HA [ha_default]
Compiling architecture behavioral of entity xil_defaultlib.FA [fa_default]
Compiling architecture behavioral of entity xil_defaultlib.Adder_3 [adder_3_default]
Compiling architecture behavioral of entity xil_defaultlib.Buff_3 [buff_3_default]
Compiling architecture behavioral of entity xil_defaultlib.Mux_2_way_3 [mux_2_way_3_default]
Compiling architecture behavioral of entity xil_defaultlib.Ins_Decoder [ins_decoder_default]
Compiling architecture behavioral of entity xil_defaultlib.Buff_4 [buff_4_default]
Compiling architecture behavioral of entity xil_defaultlib.Mux_2_way_4 [mux_2_way_4_default]
Compiling architecture behavioral of entity xil_defaultlib.Decoder_2_to_4 [decoder_2_to_4_default]
Compiling architecture behavioral of entity xil_defaultlib.Decoder_3_to_8 [decoder_3_to_8_default]
Compiling architecture behavioral of entity xil_defaultlib.Reg [reg_default]
Compiling architecture behavioral of entity xil_defaultlib.Reg_Bank [reg_bank_default]
Compiling architecture behavioral of entity xil_defaultlib.LUT_7_Display [lut_7_display_default]
Compiling architecture behavioral of entity xil_defaultlib.Add_Subtract [add_subtract_default]
Compiling architecture behavioral of entity xil_defaultlib.Mux_8_way_4 [mux_8_way_4_default]
Compiling architecture behavioral of entity xil_defaultlib.Processor [processor_default]
Compiling architecture behavioral of entity xil_defaultlib.processor_sim
Built simulation snapshot Processor_Sim_behav
INFO: [USF-XSim-69] 'elaborate' step finished in '1' seconds
INFO: [USF-XSim-4] XSim::Simulate design
INFO: [USF-XSim-61] Executing 'SIMULATE' step in 'D:/Projects/NanoProcessor/NanoProcessor.sim/sim_1/behav/xsim'
INFO: [USF-XSim-98] *** Running xsim
   with args "Processor_Sim_behav -key {Behavioral:sim_1:Functional:Processor_Sim} -tclbatch {Processor_Sim.tcl} -view {D:/Projects/NanoProcessor/Processor_Sim_behav.wcfg} -log {simulate.log}"
INFO: [USF-XSim-8] Loading simulator feature
Vivado Simulator 2018.2
Time resolution is 1 ps
open_wave_config D:/Projects/NanoProcessor/Processor_Sim_behav.wcfg
WARNING: Simulation object /Add_Subtract_Sim/A_in was not found in the design.
WARNING: Simulation object /Add_Subtract_Sim/B_in was not found in the design.
WARNING: Simulation object /Add_Subtract_Sim/S_out was not found in the design.
WARNING: Simulation object /Add_Subtract_Sim/M was not found in the design.
WARNING: Simulation object /Add_Subtract_Sim/Ovf was not found in the design.
WARNING: Simulation object /Add_Subtract_Sim/Zeroes was not found in the design.
source Processor_Sim.tcl
# set curr_wave [current_wave_config]
# if { [string length $curr_wave] == 0 } {
#   if { [llength [get_objects]] > 0} {
#     add_wave /
#     set_property needs_save false [current_wave_config]
#   } else {
#      send_msg_id Add_Wave-1 WARNING "No top level signals found. Simulator will start without a wave window. If you want to open a wave window go to 'File->New Waveform Configuration' or type 'create_wave_config' in the TCL console."
#   }
# }
# run 1000ns
INFO: [USF-XSim-96] XSim completed. Design snapshot 'Processor_Sim_behav' loaded.
INFO: [USF-XSim-97] XSim simulation ran for 1000ns
current_wave_config {Processor_Sim_behav.wcfg}
Processor_Sim_behav.wcfg
add_wave {{/Processor_Sim/Rst}} {{/Processor_Sim/Clk}} {{/Processor_Sim/Ovf}} {{/Processor_Sim/Zeroes}} {{/Processor_Sim/R7_out}} {{/Processor_Sim/Anode}} {{/Processor_Sim/Seg_data}} 
current_wave_config {Processor_Sim_behav.wcfg}
Processor_Sim_behav.wcfg
add_wave {{/Processor_Sim/UUT/Slow_Clk_0/Clk_out}} 
save_wave_config {D:/Projects/NanoProcessor/Processor_Sim_behav.wcfg}
close_sim
INFO: [Simtcl 6-16] Simulation closed
launch_simulation
INFO: [Vivado 12-5682] Launching behavioral simulation in 'D:/Projects/NanoProcessor/NanoProcessor.sim/sim_1/behav/xsim'
INFO: [SIM-utils-51] Simulation object is 'sim_1'
INFO: [SIM-utils-54] Inspecting design source files for 'Processor_Sim' in fileset 'sim_1'...
INFO: [USF-XSim-97] Finding global include files...
INFO: [USF-XSim-98] Fetching design files from 'sim_1'...
INFO: [USF-XSim-2] XSim::Compile design
INFO: [USF-XSim-61] Executing 'COMPILE and ANALYZE' step in 'D:/Projects/NanoProcessor/NanoProcessor.sim/sim_1/behav/xsim'
"xvhdl --incr --relax -prj Processor_Sim_vhdl.prj"
INFO: [USF-XSim-69] 'compile' step finished in '1' seconds
INFO: [USF-XSim-3] XSim::Elaborate design
INFO: [USF-XSim-61] Executing 'ELABORATE' step in 'D:/Projects/NanoProcessor/NanoProcessor.sim/sim_1/behav/xsim'
Vivado Simulator 2018.2
Copyright 1986-1999, 2001-2018 Xilinx, Inc. All Rights Reserved.
Running: D:/Apps/Xilinx/Vivado/2018.2/bin/unwrapped/win64.o/xelab.exe -wto b59f4584556042b78f801fab195c5f21 --incr --debug typical --relax --mt 2 -L xil_defaultlib -L secureip --snapshot Processor_Sim_behav xil_defaultlib.Processor_Sim -log elaborate.log 
Using 2 slave threads.
Starting static elaboration
Completed static elaboration
INFO: [XSIM 43-4323] No Change in HDL. Linking previously generated obj files to create kernel
INFO: [USF-XSim-69] 'elaborate' step finished in '1' seconds
INFO: [USF-XSim-4] XSim::Simulate design
INFO: [USF-XSim-61] Executing 'SIMULATE' step in 'D:/Projects/NanoProcessor/NanoProcessor.sim/sim_1/behav/xsim'
INFO: [USF-XSim-98] *** Running xsim
   with args "Processor_Sim_behav -key {Behavioral:sim_1:Functional:Processor_Sim} -tclbatch {Processor_Sim.tcl} -view {D:/Projects/NanoProcessor/Processor_Sim_behav.wcfg} -log {simulate.log}"
INFO: [USF-XSim-8] Loading simulator feature
Vivado Simulator 2018.2
Time resolution is 1 ps
open_wave_config D:/Projects/NanoProcessor/Processor_Sim_behav.wcfg
source Processor_Sim.tcl
# set curr_wave [current_wave_config]
# if { [string length $curr_wave] == 0 } {
#   if { [llength [get_objects]] > 0} {
#     add_wave /
#     set_property needs_save false [current_wave_config]
#   } else {
#      send_msg_id Add_Wave-1 WARNING "No top level signals found. Simulator will start without a wave window. If you want to open a wave window go to 'File->New Waveform Configuration' or type 'create_wave_config' in the TCL console."
#   }
# }
# run 1000ns
INFO: [USF-XSim-96] XSim completed. Design snapshot 'Processor_Sim_behav' loaded.
INFO: [USF-XSim-97] XSim simulation ran for 1000ns
reset_run impl_1
reset_run synth_1
WARNING: [Vivado 12-1017] Problems encountered:
1. Failed to delete one or more files in run directory D:/Projects/NanoProcessor/NanoProcessor.runs/synth_1

launch_runs impl_1 -jobs 2
[Fri Jun  2 17:51:59 2023] Launched synth_1...
Run output will be captured here: D:/Projects/NanoProcessor/NanoProcessor.runs/synth_1/runme.log
[Fri Jun  2 17:51:59 2023] Launched impl_1...
Run output will be captured here: D:/Projects/NanoProcessor/NanoProcessor.runs/impl_1/runme.log
open_run impl_1
INFO: [Netlist 29-17] Analyzing 9 Unisim elements for replacement
INFO: [Netlist 29-28] Unisim Transformation completed in 0 CPU seconds
INFO: [Project 1-479] Netlist was created with Vivado 2018.2
INFO: [Device 21-403] Loading part xc7a35tcpg236-1
INFO: [Project 1-570] Preparing netlist for logic optimization
INFO: [Timing 38-478] Restoring timing data from binary archive.
INFO: [Timing 38-479] Binary timing data restore complete.
INFO: [Project 1-856] Restoring constraints from binary archive.
INFO: [Project 1-853] Binary constraint restore complete.
Reading XDEF placement.
Reading placer database...
Reading XDEF routing.
Read XDEF File: Time (s): cpu = 00:00:00 ; elapsed = 00:00:00.227 . Memory (MB): peak = 1876.176 ; gain = 0.000
Restored from archive | CPU: 0.000000 secs | Memory: 0.000000 MB |
Finished XDEF File Restore: Time (s): cpu = 00:00:00 ; elapsed = 00:00:00.280 . Memory (MB): peak = 1876.176 ; gain = 0.000
INFO: [Project 1-111] Unisim Transformation Summary:
No Unisim elements were transformed.

open_run: Time (s): cpu = 00:00:20 ; elapsed = 00:00:26 . Memory (MB): peak = 1940.141 ; gain = 858.418
WARNING: [Timing 38-313] There are no user specified timing constraints. Timing constraints are needed for proper timing analysis.
close_design
synth_design -rtl -name rtl_1
Command: synth_design -rtl -name rtl_1
Starting synth_design
Using part: xc7a35tcpg236-1
Top: Add_Subtract
---------------------------------------------------------------------------------
Starting RTL Elaboration : Time (s): cpu = 00:00:03 ; elapsed = 00:00:03 . Memory (MB): peak = 1972.168 ; gain = 0.000
---------------------------------------------------------------------------------
INFO: [Synth 8-638] synthesizing module 'Add_Subtract' [D:/Projects/NanoProcessor/NanoProcessor.srcs/sources_1/new/Add_Subtract.vhd:43]
INFO: [Synth 8-3491] module 'FA' declared at 'D:/Projects/NanoProcessor/NanoProcessor.srcs/sources_1/new/FA.vhd:34' bound to instance 'FA_0' of component 'FA' [D:/Projects/NanoProcessor/NanoProcessor.srcs/sources_1/new/Add_Subtract.vhd:62]
INFO: [Synth 8-638] synthesizing module 'FA' [D:/Projects/NanoProcessor/NanoProcessor.srcs/sources_1/new/FA.vhd:42]
INFO: [Synth 8-3491] module 'HA' declared at 'D:/Projects/NanoProcessor/NanoProcessor.srcs/sources_1/new/HA.vhd:34' bound to instance 'HA_0' of component 'HA' [D:/Projects/NanoProcessor/NanoProcessor.srcs/sources_1/new/FA.vhd:58]
INFO: [Synth 8-638] synthesizing module 'HA' [D:/Projects/NanoProcessor/NanoProcessor.srcs/sources_1/new/HA.vhd:41]
INFO: [Synth 8-256] done synthesizing module 'HA' (1#1) [D:/Projects/NanoProcessor/NanoProcessor.srcs/sources_1/new/HA.vhd:41]
INFO: [Synth 8-3491] module 'HA' declared at 'D:/Projects/NanoProcessor/NanoProcessor.srcs/sources_1/new/HA.vhd:34' bound to instance 'HA_1' of component 'HA' [D:/Projects/NanoProcessor/NanoProcessor.srcs/sources_1/new/FA.vhd:66]
INFO: [Synth 8-256] done synthesizing module 'FA' (2#1) [D:/Projects/NanoProcessor/NanoProcessor.srcs/sources_1/new/FA.vhd:42]
INFO: [Synth 8-3491] module 'FA' declared at 'D:/Projects/NanoProcessor/NanoProcessor.srcs/sources_1/new/FA.vhd:34' bound to instance 'FA_1' of component 'FA' [D:/Projects/NanoProcessor/NanoProcessor.srcs/sources_1/new/Add_Subtract.vhd:70]
INFO: [Synth 8-3491] module 'FA' declared at 'D:/Projects/NanoProcessor/NanoProcessor.srcs/sources_1/new/FA.vhd:34' bound to instance 'FA_2' of component 'FA' [D:/Projects/NanoProcessor/NanoProcessor.srcs/sources_1/new/Add_Subtract.vhd:78]
INFO: [Synth 8-3491] module 'FA' declared at 'D:/Projects/NanoProcessor/NanoProcessor.srcs/sources_1/new/FA.vhd:34' bound to instance 'FA_3' of component 'FA' [D:/Projects/NanoProcessor/NanoProcessor.srcs/sources_1/new/Add_Subtract.vhd:86]
INFO: [Synth 8-256] done synthesizing module 'Add_Subtract' (3#1) [D:/Projects/NanoProcessor/NanoProcessor.srcs/sources_1/new/Add_Subtract.vhd:43]
---------------------------------------------------------------------------------
Finished RTL Elaboration : Time (s): cpu = 00:00:03 ; elapsed = 00:00:04 . Memory (MB): peak = 1972.168 ; gain = 0.000
---------------------------------------------------------------------------------

Report Check Netlist: 
+------+------------------+-------+---------+-------+------------------+
|      |Item              |Errors |Warnings |Status |Description       |
+------+------------------+-------+---------+-------+------------------+
|1     |multi_driven_nets |      0|        0|Passed |Multi driven nets |
+------+------------------+-------+---------+-------+------------------+
---------------------------------------------------------------------------------
Start Handling Custom Attributes
---------------------------------------------------------------------------------
---------------------------------------------------------------------------------
Finished Handling Custom Attributes : Time (s): cpu = 00:00:03 ; elapsed = 00:00:04 . Memory (MB): peak = 1972.168 ; gain = 0.000
---------------------------------------------------------------------------------
---------------------------------------------------------------------------------
Finished RTL Optimization Phase 1 : Time (s): cpu = 00:00:03 ; elapsed = 00:00:04 . Memory (MB): peak = 1972.168 ; gain = 0.000
---------------------------------------------------------------------------------
INFO: [Project 1-570] Preparing netlist for logic optimization

Processing XDC Constraints
Initializing timing engine
Parsing XDC File [D:/Projects/NanoProcessor/NanoProcessor.srcs/constrs_1/imports/new/Basys3Labs.xdc]
WARNING: [Vivado 12-584] No ports matched 'Clk'. [D:/Projects/NanoProcessor/NanoProcessor.srcs/constrs_1/imports/new/Basys3Labs.xdc:7]
CRITICAL WARNING: [Common 17-55] 'set_property' expects at least one object. [D:/Projects/NanoProcessor/NanoProcessor.srcs/constrs_1/imports/new/Basys3Labs.xdc:7]
Resolution: If [get_<value>] was used to populate the object, check to make sure this command returns at least one valid object.
WARNING: [Vivado 12-584] No ports matched 'Clk'. [D:/Projects/NanoProcessor/NanoProcessor.srcs/constrs_1/imports/new/Basys3Labs.xdc:8]
CRITICAL WARNING: [Common 17-55] 'set_property' expects at least one object. [D:/Projects/NanoProcessor/NanoProcessor.srcs/constrs_1/imports/new/Basys3Labs.xdc:8]
Resolution: If [get_<value>] was used to populate the object, check to make sure this command returns at least one valid object.
WARNING: [Vivado 12-584] No ports matched 'Clk'. [D:/Projects/NanoProcessor/NanoProcessor.srcs/constrs_1/imports/new/Basys3Labs.xdc:9]
CRITICAL WARNING: [Vivado 12-4739] create_clock:No valid object(s) found for '-objects [get_ports Clk]'. [D:/Projects/NanoProcessor/NanoProcessor.srcs/constrs_1/imports/new/Basys3Labs.xdc:9]
Resolution: Check if the specified object(s) exists in the current design. If it does, ensure that the correct design hierarchy was specified for the object. If you are working with clocks, make sure create_clock was used to create the clock object before it is referenced.
WARNING: [Vivado 12-584] No ports matched 'R7_out[0]'. [D:/Projects/NanoProcessor/NanoProcessor.srcs/constrs_1/imports/new/Basys3Labs.xdc:47]
CRITICAL WARNING: [Common 17-55] 'set_property' expects at least one object. [D:/Projects/NanoProcessor/NanoProcessor.srcs/constrs_1/imports/new/Basys3Labs.xdc:47]
Resolution: If [get_<value>] was used to populate the object, check to make sure this command returns at least one valid object.
WARNING: [Vivado 12-584] No ports matched 'R7_out[0]'. [D:/Projects/NanoProcessor/NanoProcessor.srcs/constrs_1/imports/new/Basys3Labs.xdc:48]
CRITICAL WARNING: [Common 17-55] 'set_property' expects at least one object. [D:/Projects/NanoProcessor/NanoProcessor.srcs/constrs_1/imports/new/Basys3Labs.xdc:48]
Resolution: If [get_<value>] was used to populate the object, check to make sure this command returns at least one valid object.
WARNING: [Vivado 12-584] No ports matched 'R7_out[1]'. [D:/Projects/NanoProcessor/NanoProcessor.srcs/constrs_1/imports/new/Basys3Labs.xdc:49]
CRITICAL WARNING: [Common 17-55] 'set_property' expects at least one object. [D:/Projects/NanoProcessor/NanoProcessor.srcs/constrs_1/imports/new/Basys3Labs.xdc:49]
Resolution: If [get_<value>] was used to populate the object, check to make sure this command returns at least one valid object.
WARNING: [Vivado 12-584] No ports matched 'R7_out[1]'. [D:/Projects/NanoProcessor/NanoProcessor.srcs/constrs_1/imports/new/Basys3Labs.xdc:50]
CRITICAL WARNING: [Common 17-55] 'set_property' expects at least one object. [D:/Projects/NanoProcessor/NanoProcessor.srcs/constrs_1/imports/new/Basys3Labs.xdc:50]
Resolution: If [get_<value>] was used to populate the object, check to make sure this command returns at least one valid object.
WARNING: [Vivado 12-584] No ports matched 'R7_out[2]'. [D:/Projects/NanoProcessor/NanoProcessor.srcs/constrs_1/imports/new/Basys3Labs.xdc:51]
CRITICAL WARNING: [Common 17-55] 'set_property' expects at least one object. [D:/Projects/NanoProcessor/NanoProcessor.srcs/constrs_1/imports/new/Basys3Labs.xdc:51]
Resolution: If [get_<value>] was used to populate the object, check to make sure this command returns at least one valid object.
WARNING: [Vivado 12-584] No ports matched 'R7_out[2]'. [D:/Projects/NanoProcessor/NanoProcessor.srcs/constrs_1/imports/new/Basys3Labs.xdc:52]
CRITICAL WARNING: [Common 17-55] 'set_property' expects at least one object. [D:/Projects/NanoProcessor/NanoProcessor.srcs/constrs_1/imports/new/Basys3Labs.xdc:52]
Resolution: If [get_<value>] was used to populate the object, check to make sure this command returns at least one valid object.
WARNING: [Vivado 12-584] No ports matched 'R7_out[3]'. [D:/Projects/NanoProcessor/NanoProcessor.srcs/constrs_1/imports/new/Basys3Labs.xdc:53]
CRITICAL WARNING: [Common 17-55] 'set_property' expects at least one object. [D:/Projects/NanoProcessor/NanoProcessor.srcs/constrs_1/imports/new/Basys3Labs.xdc:53]
Resolution: If [get_<value>] was used to populate the object, check to make sure this command returns at least one valid object.
WARNING: [Vivado 12-584] No ports matched 'R7_out[3]'. [D:/Projects/NanoProcessor/NanoProcessor.srcs/constrs_1/imports/new/Basys3Labs.xdc:54]
CRITICAL WARNING: [Common 17-55] 'set_property' expects at least one object. [D:/Projects/NanoProcessor/NanoProcessor.srcs/constrs_1/imports/new/Basys3Labs.xdc:54]
Resolution: If [get_<value>] was used to populate the object, check to make sure this command returns at least one valid object.
WARNING: [Vivado 12-584] No ports matched 'Seg_data[0]'. [D:/Projects/NanoProcessor/NanoProcessor.srcs/constrs_1/imports/new/Basys3Labs.xdc:82]
CRITICAL WARNING: [Common 17-55] 'set_property' expects at least one object. [D:/Projects/NanoProcessor/NanoProcessor.srcs/constrs_1/imports/new/Basys3Labs.xdc:82]
Resolution: If [get_<value>] was used to populate the object, check to make sure this command returns at least one valid object.
WARNING: [Vivado 12-584] No ports matched 'Seg_data[0]'. [D:/Projects/NanoProcessor/NanoProcessor.srcs/constrs_1/imports/new/Basys3Labs.xdc:83]
CRITICAL WARNING: [Common 17-55] 'set_property' expects at least one object. [D:/Projects/NanoProcessor/NanoProcessor.srcs/constrs_1/imports/new/Basys3Labs.xdc:83]
Resolution: If [get_<value>] was used to populate the object, check to make sure this command returns at least one valid object.
WARNING: [Vivado 12-584] No ports matched 'Seg_data[1]'. [D:/Projects/NanoProcessor/NanoProcessor.srcs/constrs_1/imports/new/Basys3Labs.xdc:84]
CRITICAL WARNING: [Common 17-55] 'set_property' expects at least one object. [D:/Projects/NanoProcessor/NanoProcessor.srcs/constrs_1/imports/new/Basys3Labs.xdc:84]
Resolution: If [get_<value>] was used to populate the object, check to make sure this command returns at least one valid object.
WARNING: [Vivado 12-584] No ports matched 'Seg_data[1]'. [D:/Projects/NanoProcessor/NanoProcessor.srcs/constrs_1/imports/new/Basys3Labs.xdc:85]
CRITICAL WARNING: [Common 17-55] 'set_property' expects at least one object. [D:/Projects/NanoProcessor/NanoProcessor.srcs/constrs_1/imports/new/Basys3Labs.xdc:85]
Resolution: If [get_<value>] was used to populate the object, check to make sure this command returns at least one valid object.
WARNING: [Vivado 12-584] No ports matched 'Seg_data[2]'. [D:/Projects/NanoProcessor/NanoProcessor.srcs/constrs_1/imports/new/Basys3Labs.xdc:86]
CRITICAL WARNING: [Common 17-55] 'set_property' expects at least one object. [D:/Projects/NanoProcessor/NanoProcessor.srcs/constrs_1/imports/new/Basys3Labs.xdc:86]
Resolution: If [get_<value>] was used to populate the object, check to make sure this command returns at least one valid object.
WARNING: [Vivado 12-584] No ports matched 'Seg_data[2]'. [D:/Projects/NanoProcessor/NanoProcessor.srcs/constrs_1/imports/new/Basys3Labs.xdc:87]
CRITICAL WARNING: [Common 17-55] 'set_property' expects at least one object. [D:/Projects/NanoProcessor/NanoProcessor.srcs/constrs_1/imports/new/Basys3Labs.xdc:87]
Resolution: If [get_<value>] was used to populate the object, check to make sure this command returns at least one valid object.
WARNING: [Vivado 12-584] No ports matched 'Seg_data[3]'. [D:/Projects/NanoProcessor/NanoProcessor.srcs/constrs_1/imports/new/Basys3Labs.xdc:88]
CRITICAL WARNING: [Common 17-55] 'set_property' expects at least one object. [D:/Projects/NanoProcessor/NanoProcessor.srcs/constrs_1/imports/new/Basys3Labs.xdc:88]
Resolution: If [get_<value>] was used to populate the object, check to make sure this command returns at least one valid object.
WARNING: [Vivado 12-584] No ports matched 'Seg_data[3]'. [D:/Projects/NanoProcessor/NanoProcessor.srcs/constrs_1/imports/new/Basys3Labs.xdc:89]
CRITICAL WARNING: [Common 17-55] 'set_property' expects at least one object. [D:/Projects/NanoProcessor/NanoProcessor.srcs/constrs_1/imports/new/Basys3Labs.xdc:89]
Resolution: If [get_<value>] was used to populate the object, check to make sure this command returns at least one valid object.
WARNING: [Vivado 12-584] No ports matched 'Seg_data[4]'. [D:/Projects/NanoProcessor/NanoProcessor.srcs/constrs_1/imports/new/Basys3Labs.xdc:90]
CRITICAL WARNING: [Common 17-55] 'set_property' expects at least one object. [D:/Projects/NanoProcessor/NanoProcessor.srcs/constrs_1/imports/new/Basys3Labs.xdc:90]
Resolution: If [get_<value>] was used to populate the object, check to make sure this command returns at least one valid object.
WARNING: [Vivado 12-584] No ports matched 'Seg_data[4]'. [D:/Projects/NanoProcessor/NanoProcessor.srcs/constrs_1/imports/new/Basys3Labs.xdc:91]
CRITICAL WARNING: [Common 17-55] 'set_property' expects at least one object. [D:/Projects/NanoProcessor/NanoProcessor.srcs/constrs_1/imports/new/Basys3Labs.xdc:91]
Resolution: If [get_<value>] was used to populate the object, check to make sure this command returns at least one valid object.
WARNING: [Vivado 12-584] No ports matched 'Seg_data[5]'. [D:/Projects/NanoProcessor/NanoProcessor.srcs/constrs_1/imports/new/Basys3Labs.xdc:92]
CRITICAL WARNING: [Common 17-55] 'set_property' expects at least one object. [D:/Projects/NanoProcessor/NanoProcessor.srcs/constrs_1/imports/new/Basys3Labs.xdc:92]
Resolution: If [get_<value>] was used to populate the object, check to make sure this command returns at least one valid object.
WARNING: [Vivado 12-584] No ports matched 'Seg_data[5]'. [D:/Projects/NanoProcessor/NanoProcessor.srcs/constrs_1/imports/new/Basys3Labs.xdc:93]
CRITICAL WARNING: [Common 17-55] 'set_property' expects at least one object. [D:/Projects/NanoProcessor/NanoProcessor.srcs/constrs_1/imports/new/Basys3Labs.xdc:93]
Resolution: If [get_<value>] was used to populate the object, check to make sure this command returns at least one valid object.
WARNING: [Vivado 12-584] No ports matched 'Seg_data[6]'. [D:/Projects/NanoProcessor/NanoProcessor.srcs/constrs_1/imports/new/Basys3Labs.xdc:94]
CRITICAL WARNING: [Common 17-55] 'set_property' expects at least one object. [D:/Projects/NanoProcessor/NanoProcessor.srcs/constrs_1/imports/new/Basys3Labs.xdc:94]
Resolution: If [get_<value>] was used to populate the object, check to make sure this command returns at least one valid object.
WARNING: [Vivado 12-584] No ports matched 'Seg_data[6]'. [D:/Projects/NanoProcessor/NanoProcessor.srcs/constrs_1/imports/new/Basys3Labs.xdc:95]
CRITICAL WARNING: [Common 17-55] 'set_property' expects at least one object. [D:/Projects/NanoProcessor/NanoProcessor.srcs/constrs_1/imports/new/Basys3Labs.xdc:95]
Resolution: If [get_<value>] was used to populate the object, check to make sure this command returns at least one valid object.
WARNING: [Vivado 12-584] No ports matched 'Anode[0]'. [D:/Projects/NanoProcessor/NanoProcessor.srcs/constrs_1/imports/new/Basys3Labs.xdc:100]
CRITICAL WARNING: [Common 17-55] 'set_property' expects at least one object. [D:/Projects/NanoProcessor/NanoProcessor.srcs/constrs_1/imports/new/Basys3Labs.xdc:100]
Resolution: If [get_<value>] was used to populate the object, check to make sure this command returns at least one valid object.
WARNING: [Vivado 12-584] No ports matched 'Anode[0]'. [D:/Projects/NanoProcessor/NanoProcessor.srcs/constrs_1/imports/new/Basys3Labs.xdc:101]
CRITICAL WARNING: [Common 17-55] 'set_property' expects at least one object. [D:/Projects/NanoProcessor/NanoProcessor.srcs/constrs_1/imports/new/Basys3Labs.xdc:101]
Resolution: If [get_<value>] was used to populate the object, check to make sure this command returns at least one valid object.
WARNING: [Vivado 12-584] No ports matched 'Anode[1]'. [D:/Projects/NanoProcessor/NanoProcessor.srcs/constrs_1/imports/new/Basys3Labs.xdc:102]
CRITICAL WARNING: [Common 17-55] 'set_property' expects at least one object. [D:/Projects/NanoProcessor/NanoProcessor.srcs/constrs_1/imports/new/Basys3Labs.xdc:102]
Resolution: If [get_<value>] was used to populate the object, check to make sure this command returns at least one valid object.
WARNING: [Vivado 12-584] No ports matched 'Anode[1]'. [D:/Projects/NanoProcessor/NanoProcessor.srcs/constrs_1/imports/new/Basys3Labs.xdc:103]
CRITICAL WARNING: [Common 17-55] 'set_property' expects at least one object. [D:/Projects/NanoProcessor/NanoProcessor.srcs/constrs_1/imports/new/Basys3Labs.xdc:103]
Resolution: If [get_<value>] was used to populate the object, check to make sure this command returns at least one valid object.
WARNING: [Vivado 12-584] No ports matched 'Anode[2]'. [D:/Projects/NanoProcessor/NanoProcessor.srcs/constrs_1/imports/new/Basys3Labs.xdc:104]
CRITICAL WARNING: [Common 17-55] 'set_property' expects at least one object. [D:/Projects/NanoProcessor/NanoProcessor.srcs/constrs_1/imports/new/Basys3Labs.xdc:104]
Resolution: If [get_<value>] was used to populate the object, check to make sure this command returns at least one valid object.
WARNING: [Vivado 12-584] No ports matched 'Anode[2]'. [D:/Projects/NanoProcessor/NanoProcessor.srcs/constrs_1/imports/new/Basys3Labs.xdc:105]
CRITICAL WARNING: [Common 17-55] 'set_property' expects at least one object. [D:/Projects/NanoProcessor/NanoProcessor.srcs/constrs_1/imports/new/Basys3Labs.xdc:105]
Resolution: If [get_<value>] was used to populate the object, check to make sure this command returns at least one valid object.
WARNING: [Vivado 12-584] No ports matched 'Anode[3]'. [D:/Projects/NanoProcessor/NanoProcessor.srcs/constrs_1/imports/new/Basys3Labs.xdc:106]
CRITICAL WARNING: [Common 17-55] 'set_property' expects at least one object. [D:/Projects/NanoProcessor/NanoProcessor.srcs/constrs_1/imports/new/Basys3Labs.xdc:106]
Resolution: If [get_<value>] was used to populate the object, check to make sure this command returns at least one valid object.
WARNING: [Vivado 12-584] No ports matched 'Anode[3]'. [D:/Projects/NanoProcessor/NanoProcessor.srcs/constrs_1/imports/new/Basys3Labs.xdc:107]
CRITICAL WARNING: [Common 17-55] 'set_property' expects at least one object. [D:/Projects/NanoProcessor/NanoProcessor.srcs/constrs_1/imports/new/Basys3Labs.xdc:107]
Resolution: If [get_<value>] was used to populate the object, check to make sure this command returns at least one valid object.
WARNING: [Vivado 12-584] No ports matched 'Rst'. [D:/Projects/NanoProcessor/NanoProcessor.srcs/constrs_1/imports/new/Basys3Labs.xdc:111]
CRITICAL WARNING: [Common 17-55] 'set_property' expects at least one object. [D:/Projects/NanoProcessor/NanoProcessor.srcs/constrs_1/imports/new/Basys3Labs.xdc:111]
Resolution: If [get_<value>] was used to populate the object, check to make sure this command returns at least one valid object.
WARNING: [Vivado 12-584] No ports matched 'Rst'. [D:/Projects/NanoProcessor/NanoProcessor.srcs/constrs_1/imports/new/Basys3Labs.xdc:112]
CRITICAL WARNING: [Common 17-55] 'set_property' expects at least one object. [D:/Projects/NanoProcessor/NanoProcessor.srcs/constrs_1/imports/new/Basys3Labs.xdc:112]
Resolution: If [get_<value>] was used to populate the object, check to make sure this command returns at least one valid object.
Finished Parsing XDC File [D:/Projects/NanoProcessor/NanoProcessor.srcs/constrs_1/imports/new/Basys3Labs.xdc]
Completed Processing XDC Constraints

INFO: [Opt 31-138] Pushed 0 inverter(s) to 0 load pin(s).
INFO: [Project 1-111] Unisim Transformation Summary:
No Unisim elements were transformed.

RTL Elaboration Complete:  : Time (s): cpu = 00:00:09 ; elapsed = 00:00:09 . Memory (MB): peak = 2023.004 ; gain = 50.836
15 Infos, 35 Warnings, 35 Critical Warnings and 0 Errors encountered.
synth_design completed successfully
synth_design: Time (s): cpu = 00:00:09 ; elapsed = 00:00:09 . Memory (MB): peak = 2023.004 ; gain = 50.836
close_sim
INFO: [Simtcl 6-16] Simulation closed
current_sim simulation_17
close_sim
INFO: [Simtcl 6-16] Simulation closed
current_sim simulation_12
close_sim
INFO: [Simtcl 6-16] Simulation closed
current_sim simulation_10
close_sim
INFO: [Simtcl 6-16] Simulation closed
current_sim simulation_8
close_sim
INFO: [Simtcl 6-16] Simulation closed
current_sim simulation_6
close_sim
INFO: [Simtcl 6-16] Simulation closed
close_sim
INFO: [Simtcl 6-16] Simulation closed
exit
INFO: [Common 17-206] Exiting Vivado at Fri Jun  2 18:05:05 2023...
