#-----------------------------------------------------------
# Vivado v2018.2 (64-bit)
# SW Build 2258646 on Thu Jun 14 20:03:12 MDT 2018
# IP Build 2256618 on Thu Jun 14 22:10:49 MDT 2018
# Start of session at: Thu Jun  8 20:54:07 2023
# Process ID: 11520
# Current directory: C:/Users/Tharusha/Documents/Academic Semester 02/Computer Organization and Digital Designing/Nano Processor Challenge/nano processor/NanoProcessor
# Command line: vivado.exe -gui_launcher_event rodinguilauncherevent8516 C:\Users\Tharusha\Documents\Academic Semester 02\Computer Organization and Digital Designing\Nano Processor Challenge\nano processor\NanoProcessor\NanoProcessor.xpr
# Log file: C:/Users/Tharusha/Documents/Academic Semester 02/Computer Organization and Digital Designing/Nano Processor Challenge/nano processor/NanoProcessor/vivado.log
# Journal file: C:/Users/Tharusha/Documents/Academic Semester 02/Computer Organization and Digital Designing/Nano Processor Challenge/nano processor/NanoProcessor\vivado.jou
#-----------------------------------------------------------
start_gui
open_project {C:/Users/Tharusha/Documents/Academic Semester 02/Computer Organization and Digital Designing/Nano Processor Challenge/nano processor/NanoProcessor/NanoProcessor.xpr}
INFO: [ProjectBase 1-489] The host OS only allows 260 characters in a normal path. The project is stored in a path with more than 80 characters. If you experience issues with IP, Block Designs, or files not being found, please consider moving the project to a location with a shorter path. Alternately consider using the OS subst command to map part of the path to a drive letter.
Current project path is 'C:/Users/Tharusha/Documents/Academic Semester 02/Computer Organization and Digital Designing/Nano Processor Challenge/nano processor/NanoProcessor'
Scanning sources...
Finished scanning sources
INFO: [IP_Flow 19-234] Refreshing IP repositories
INFO: [IP_Flow 19-1704] No user IP repositories specified
INFO: [IP_Flow 19-2313] Loaded Vivado IP repository 'C:/Xilinx/Vivado/2018.2/data/ip'.
open_project: Time (s): cpu = 00:00:23 ; elapsed = 00:00:17 . Memory (MB): peak = 869.133 ; gain = 143.598
update_compile_order -fileset sources_1
export_ip_user_files -of_objects  [get_files {{C:/Users/Tharusha/Documents/Academic Semester 02/Computer Organization and Digital Designing/Nano Processor Challenge/nano processor/NanoProcessor/NanoProcessor.srcs/sources_1/new/Inverse_Operator.vhd}}] -no_script -reset -force -quiet
remove_files  {{C:/Users/Tharusha/Documents/Academic Semester 02/Computer Organization and Digital Designing/Nano Processor Challenge/nano processor/NanoProcessor/NanoProcessor.srcs/sources_1/new/Inverse_Operator.vhd}}
export_ip_user_files -of_objects  [get_files {{C:/Users/Tharusha/Documents/Academic Semester 02/Computer Organization and Digital Designing/Nano Processor Challenge/nano processor/NanoProcessor/NanoProcessor.srcs/sim_1/new/Inverse_operator_Sim.vhd}}] -no_script -reset -force -quiet
remove_files  -fileset sim_1 {{C:/Users/Tharusha/Documents/Academic Semester 02/Computer Organization and Digital Designing/Nano Processor Challenge/nano processor/NanoProcessor/NanoProcessor.srcs/sim_1/new/Inverse_operator_Sim.vhd}}
update_compile_order -fileset sim_1
set_property top Shift_operator_Sim [get_filesets sim_1]
set_property top_lib xil_defaultlib [get_filesets sim_1]
update_compile_order -fileset sim_1
launch_simulation
INFO: [Vivado 12-5682] Launching behavioral simulation in 'C:/Users/Tharusha/Documents/Academic Semester 02/Computer Organization and Digital Designing/Nano Processor Challenge/nano processor/NanoProcessor/NanoProcessor.sim/sim_1/behav/xsim'
INFO: [SIM-utils-51] Simulation object is 'sim_1'
INFO: [SIM-utils-54] Inspecting design source files for 'Shift_operator_Sim' in fileset 'sim_1'...
INFO: [USF-XSim-97] Finding global include files...
INFO: [USF-XSim-98] Fetching design files from 'sim_1'...
INFO: [USF-XSim-2] XSim::Compile design
INFO: [USF-XSim-61] Executing 'COMPILE and ANALYZE' step in 'C:/Users/Tharusha/Documents/Academic Semester 02/Computer Organization and Digital Designing/Nano Processor Challenge/nano processor/NanoProcessor/NanoProcessor.sim/sim_1/behav/xsim'
"xvhdl --incr --relax -prj Shift_operator_Sim_vhdl.prj"
INFO: [VRFC 10-163] Analyzing VHDL file "C:/Users/Tharusha/Documents/Academic Semester 02/Computer Organization and Digital Designing/Nano Processor Challenge/nano processor/NanoProcessor/NanoProcessor.srcs/sources_1/new/Shift_operator.vhd" into library xil_defaultlib
INFO: [VRFC 10-307] analyzing entity Shift_operator
INFO: [USF-XSim-69] 'compile' step finished in '2' seconds
INFO: [USF-XSim-3] XSim::Elaborate design
INFO: [USF-XSim-61] Executing 'ELABORATE' step in 'C:/Users/Tharusha/Documents/Academic Semester 02/Computer Organization and Digital Designing/Nano Processor Challenge/nano processor/NanoProcessor/NanoProcessor.sim/sim_1/behav/xsim'
Vivado Simulator 2018.2
Copyright 1986-1999, 2001-2018 Xilinx, Inc. All Rights Reserved.
Running: C:/Xilinx/Vivado/2018.2/bin/unwrapped/win64.o/xelab.exe -wto b59f4584556042b78f801fab195c5f21 --incr --debug typical --relax --mt 2 -L xil_defaultlib -L secureip --snapshot Shift_operator_Sim_behav xil_defaultlib.Shift_operator_Sim -log elaborate.log 
Using 2 slave threads.
Starting static elaboration
Completed static elaboration
Starting simulation data flow analysis
Completed simulation data flow analysis
Time Resolution for simulation is 1ps
Compiling package std.standard
Compiling package std.textio
Compiling package ieee.std_logic_1164
Compiling architecture behavioral of entity xil_defaultlib.Left_shift [left_shift_default]
Compiling architecture behavioral of entity xil_defaultlib.Right_shift [right_shift_default]
Compiling architecture behavioral of entity xil_defaultlib.Shift_operator [shift_operator_default]
Compiling architecture behavioral of entity xil_defaultlib.shift_operator_sim
Built simulation snapshot Shift_operator_Sim_behav
INFO: [USF-XSim-69] 'elaborate' step finished in '4' seconds
INFO: [USF-XSim-4] XSim::Simulate design
INFO: [USF-XSim-61] Executing 'SIMULATE' step in 'C:/Users/Tharusha/Documents/Academic Semester 02/Computer Organization and Digital Designing/Nano Processor Challenge/nano processor/NanoProcessor/NanoProcessor.sim/sim_1/behav/xsim'
INFO: [USF-XSim-98] *** Running xsim
   with args "Shift_operator_Sim_behav -key {Behavioral:sim_1:Functional:Shift_operator_Sim} -tclbatch {Shift_operator_Sim.tcl} -view {{C:/Users/Tharusha/Documents/Academic Semester 02/Computer Organization and Digital Designing/Nano Processor Challenge/nano processor/NanoProcessor/Processor_Sim_behav.wcfg}} -log {simulate.log}"
INFO: [USF-XSim-8] Loading simulator feature
Vivado Simulator 2018.2
Time resolution is 1 ps
open_wave_config {C:/Users/Tharusha/Documents/Academic Semester 02/Computer Organization and Digital Designing/Nano Processor Challenge/nano processor/NanoProcessor/Processor_Sim_behav.wcfg}
WARNING: Simulation object /Inverse_operator_Sim/A_in was not found in the design.
WARNING: Simulation object /Inverse_operator_Sim/B_in was not found in the design.
WARNING: Simulation object /Inverse_operator_Sim/S_out was not found in the design.
source Shift_operator_Sim.tcl
# set curr_wave [current_wave_config]
# if { [string length $curr_wave] == 0 } {
#   if { [llength [get_objects]] > 0} {
#     add_wave /
#     set_property needs_save false [current_wave_config]
#   } else {
#      send_msg_id Add_Wave-1 WARNING "No top level signals found. Simulator will start without a wave window. If you want to open a wave window go to 'File->New Waveform Configuration' or type 'create_wave_config' in the TCL console."
#   }
# }
# run 1000ns
INFO: [USF-XSim-96] XSim completed. Design snapshot 'Shift_operator_Sim_behav' loaded.
INFO: [USF-XSim-97] XSim simulation ran for 1000ns
launch_simulation: Time (s): cpu = 00:00:10 ; elapsed = 00:00:11 . Memory (MB): peak = 918.480 ; gain = 9.371
current_wave_config {Processor_Sim_behav.wcfg}
Processor_Sim_behav.wcfg
add_wave {{/Shift_operator_Sim/A_in}} {{/Shift_operator_Sim/S_out}} {{/Shift_operator_Sim/B_in}} {{/Shift_operator_Sim/M}} 
save_wave_config {C:/Users/Tharusha/Documents/Academic Semester 02/Computer Organization and Digital Designing/Nano Processor Challenge/nano processor/NanoProcessor/Processor_Sim_behav.wcfg}
close_sim
INFO: [Simtcl 6-16] Simulation closed
launch_simulation
INFO: [Vivado 12-5682] Launching behavioral simulation in 'C:/Users/Tharusha/Documents/Academic Semester 02/Computer Organization and Digital Designing/Nano Processor Challenge/nano processor/NanoProcessor/NanoProcessor.sim/sim_1/behav/xsim'
INFO: [SIM-utils-51] Simulation object is 'sim_1'
INFO: [SIM-utils-54] Inspecting design source files for 'Shift_operator_Sim' in fileset 'sim_1'...
INFO: [USF-XSim-97] Finding global include files...
INFO: [USF-XSim-98] Fetching design files from 'sim_1'...
INFO: [USF-XSim-2] XSim::Compile design
INFO: [USF-XSim-61] Executing 'COMPILE and ANALYZE' step in 'C:/Users/Tharusha/Documents/Academic Semester 02/Computer Organization and Digital Designing/Nano Processor Challenge/nano processor/NanoProcessor/NanoProcessor.sim/sim_1/behav/xsim'
"xvhdl --incr --relax -prj Shift_operator_Sim_vhdl.prj"
INFO: [USF-XSim-69] 'compile' step finished in '2' seconds
INFO: [USF-XSim-3] XSim::Elaborate design
INFO: [USF-XSim-61] Executing 'ELABORATE' step in 'C:/Users/Tharusha/Documents/Academic Semester 02/Computer Organization and Digital Designing/Nano Processor Challenge/nano processor/NanoProcessor/NanoProcessor.sim/sim_1/behav/xsim'
Vivado Simulator 2018.2
Copyright 1986-1999, 2001-2018 Xilinx, Inc. All Rights Reserved.
Running: C:/Xilinx/Vivado/2018.2/bin/unwrapped/win64.o/xelab.exe -wto b59f4584556042b78f801fab195c5f21 --incr --debug typical --relax --mt 2 -L xil_defaultlib -L secureip --snapshot Shift_operator_Sim_behav xil_defaultlib.Shift_operator_Sim -log elaborate.log 
Using 2 slave threads.
Starting static elaboration
Completed static elaboration
INFO: [XSIM 43-4323] No Change in HDL. Linking previously generated obj files to create kernel
INFO: [USF-XSim-69] 'elaborate' step finished in '2' seconds
INFO: [USF-XSim-4] XSim::Simulate design
INFO: [USF-XSim-61] Executing 'SIMULATE' step in 'C:/Users/Tharusha/Documents/Academic Semester 02/Computer Organization and Digital Designing/Nano Processor Challenge/nano processor/NanoProcessor/NanoProcessor.sim/sim_1/behav/xsim'
INFO: [USF-XSim-98] *** Running xsim
   with args "Shift_operator_Sim_behav -key {Behavioral:sim_1:Functional:Shift_operator_Sim} -tclbatch {Shift_operator_Sim.tcl} -view {{C:/Users/Tharusha/Documents/Academic Semester 02/Computer Organization and Digital Designing/Nano Processor Challenge/nano processor/NanoProcessor/Processor_Sim_behav.wcfg}} -log {simulate.log}"
INFO: [USF-XSim-8] Loading simulator feature
Vivado Simulator 2018.2
Time resolution is 1 ps
open_wave_config {C:/Users/Tharusha/Documents/Academic Semester 02/Computer Organization and Digital Designing/Nano Processor Challenge/nano processor/NanoProcessor/Processor_Sim_behav.wcfg}
source Shift_operator_Sim.tcl
# set curr_wave [current_wave_config]
# if { [string length $curr_wave] == 0 } {
#   if { [llength [get_objects]] > 0} {
#     add_wave /
#     set_property needs_save false [current_wave_config]
#   } else {
#      send_msg_id Add_Wave-1 WARNING "No top level signals found. Simulator will start without a wave window. If you want to open a wave window go to 'File->New Waveform Configuration' or type 'create_wave_config' in the TCL console."
#   }
# }
# run 1000ns
INFO: [USF-XSim-96] XSim completed. Design snapshot 'Shift_operator_Sim_behav' loaded.
INFO: [USF-XSim-97] XSim simulation ran for 1000ns
launch_simulation: Time (s): cpu = 00:00:05 ; elapsed = 00:00:07 . Memory (MB): peak = 922.875 ; gain = 2.070
close_sim
INFO: [Simtcl 6-16] Simulation closed
launch_simulation
INFO: [Vivado 12-5682] Launching behavioral simulation in 'C:/Users/Tharusha/Documents/Academic Semester 02/Computer Organization and Digital Designing/Nano Processor Challenge/nano processor/NanoProcessor/NanoProcessor.sim/sim_1/behav/xsim'
INFO: [SIM-utils-51] Simulation object is 'sim_1'
INFO: [SIM-utils-54] Inspecting design source files for 'Shift_operator_Sim' in fileset 'sim_1'...
INFO: [USF-XSim-97] Finding global include files...
INFO: [USF-XSim-98] Fetching design files from 'sim_1'...
INFO: [USF-XSim-2] XSim::Compile design
INFO: [USF-XSim-61] Executing 'COMPILE and ANALYZE' step in 'C:/Users/Tharusha/Documents/Academic Semester 02/Computer Organization and Digital Designing/Nano Processor Challenge/nano processor/NanoProcessor/NanoProcessor.sim/sim_1/behav/xsim'
"xvhdl --incr --relax -prj Shift_operator_Sim_vhdl.prj"
INFO: [VRFC 10-163] Analyzing VHDL file "C:/Users/Tharusha/Documents/Academic Semester 02/Computer Organization and Digital Designing/Nano Processor Challenge/nano processor/NanoProcessor/NanoProcessor.srcs/sim_1/new/Shift_operator_Sim.vhd" into library xil_defaultlib
INFO: [VRFC 10-307] analyzing entity Shift_operator_Sim
INFO: [USF-XSim-69] 'compile' step finished in '2' seconds
INFO: [USF-XSim-3] XSim::Elaborate design
INFO: [USF-XSim-61] Executing 'ELABORATE' step in 'C:/Users/Tharusha/Documents/Academic Semester 02/Computer Organization and Digital Designing/Nano Processor Challenge/nano processor/NanoProcessor/NanoProcessor.sim/sim_1/behav/xsim'
Vivado Simulator 2018.2
Copyright 1986-1999, 2001-2018 Xilinx, Inc. All Rights Reserved.
Running: C:/Xilinx/Vivado/2018.2/bin/unwrapped/win64.o/xelab.exe -wto b59f4584556042b78f801fab195c5f21 --incr --debug typical --relax --mt 2 -L xil_defaultlib -L secureip --snapshot Shift_operator_Sim_behav xil_defaultlib.Shift_operator_Sim -log elaborate.log 
Using 2 slave threads.
Starting static elaboration
Completed static elaboration
Starting simulation data flow analysis
Completed simulation data flow analysis
Time Resolution for simulation is 1ps
Compiling package std.standard
Compiling package std.textio
Compiling package ieee.std_logic_1164
Compiling architecture behavioral of entity xil_defaultlib.Left_shift [left_shift_default]
Compiling architecture behavioral of entity xil_defaultlib.Right_shift [right_shift_default]
Compiling architecture behavioral of entity xil_defaultlib.Shift_operator [shift_operator_default]
Compiling architecture behavioral of entity xil_defaultlib.shift_operator_sim
Built simulation snapshot Shift_operator_Sim_behav
INFO: [USF-XSim-69] 'elaborate' step finished in '2' seconds
INFO: [USF-XSim-4] XSim::Simulate design
INFO: [USF-XSim-61] Executing 'SIMULATE' step in 'C:/Users/Tharusha/Documents/Academic Semester 02/Computer Organization and Digital Designing/Nano Processor Challenge/nano processor/NanoProcessor/NanoProcessor.sim/sim_1/behav/xsim'
INFO: [USF-XSim-98] *** Running xsim
   with args "Shift_operator_Sim_behav -key {Behavioral:sim_1:Functional:Shift_operator_Sim} -tclbatch {Shift_operator_Sim.tcl} -view {{C:/Users/Tharusha/Documents/Academic Semester 02/Computer Organization and Digital Designing/Nano Processor Challenge/nano processor/NanoProcessor/Processor_Sim_behav.wcfg}} -log {simulate.log}"
INFO: [USF-XSim-8] Loading simulator feature
Vivado Simulator 2018.2
Time resolution is 1 ps
open_wave_config {C:/Users/Tharusha/Documents/Academic Semester 02/Computer Organization and Digital Designing/Nano Processor Challenge/nano processor/NanoProcessor/Processor_Sim_behav.wcfg}
source Shift_operator_Sim.tcl
# set curr_wave [current_wave_config]
# if { [string length $curr_wave] == 0 } {
#   if { [llength [get_objects]] > 0} {
#     add_wave /
#     set_property needs_save false [current_wave_config]
#   } else {
#      send_msg_id Add_Wave-1 WARNING "No top level signals found. Simulator will start without a wave window. If you want to open a wave window go to 'File->New Waveform Configuration' or type 'create_wave_config' in the TCL console."
#   }
# }
# run 1000ns
INFO: [USF-XSim-96] XSim completed. Design snapshot 'Shift_operator_Sim_behav' loaded.
INFO: [USF-XSim-97] XSim simulation ran for 1000ns
launch_simulation: Time (s): cpu = 00:00:06 ; elapsed = 00:00:08 . Memory (MB): peak = 930.598 ; gain = 1.898
save_wave_config {C:/Users/Tharusha/Documents/Academic Semester 02/Computer Organization and Digital Designing/Nano Processor Challenge/nano processor/NanoProcessor/Processor_Sim_behav.wcfg}
