INFO: [VRFC 10-163] Analyzing VHDL file "D:/Projects/NanoProcessor/NanoProcessor.srcs/sources_1/new/Add_Subtract.vhd" into library xil_defaultlib
INFO: [VRFC 10-307] analyzing entity Add_Subtract
INFO: [VRFC 10-163] Analyzing VHDL file "D:/Projects/NanoProcessor/NanoProcessor.srcs/sources_1/new/Adder_3.vhd" into library xil_defaultlib
INFO: [VRFC 10-307] analyzing entity Adder_3
INFO: [VRFC 10-163] Analyzing VHDL file "D:/Projects/NanoProcessor/NanoProcessor.srcs/sources_1/new/Buff_3.vhd" into library xil_defaultlib
INFO: [VRFC 10-307] analyzing entity Buff_3
INFO: [VRFC 10-163] Analyzing VHDL file "D:/Projects/NanoProcessor/NanoProcessor.srcs/sources_1/new/Buff_4.vhd" into library xil_defaultlib
INFO: [VRFC 10-307] analyzing entity Buff_4
INFO: [VRFC 10-163] Analyzing VHDL file "D:/Projects/NanoProcessor/NanoProcessor.srcs/sources_1/new/Count_3.vhd" into library xil_defaultlib
INFO: [VRFC 10-307] analyzing entity Count_3
INFO: [VRFC 10-163] Analyzing VHDL file "D:/Projects/NanoProcessor/NanoProcessor.srcs/sources_1/new/D_FF.vhd" into library xil_defaultlib
INFO: [VRFC 10-307] analyzing entity D_FF
INFO: [VRFC 10-163] Analyzing VHDL file "D:/Projects/NanoProcessor/NanoProcessor.srcs/sources_1/new/Decoder_2_to_4.vhd" into library xil_defaultlib
INFO: [VRFC 10-307] analyzing entity Decoder_2_to_4
INFO: [VRFC 10-163] Analyzing VHDL file "D:/Projects/NanoProcessor/NanoProcessor.srcs/sources_1/new/Decoder_3_to_8.vhd" into library xil_defaultlib
INFO: [VRFC 10-307] analyzing entity Decoder_3_to_8
INFO: [VRFC 10-163] Analyzing VHDL file "D:/Projects/NanoProcessor/NanoProcessor.srcs/sources_1/new/FA.vhd" into library xil_defaultlib
INFO: [VRFC 10-307] analyzing entity FA
INFO: [VRFC 10-163] Analyzing VHDL file "D:/Projects/NanoProcessor/NanoProcessor.srcs/sources_1/new/HA.vhd" into library xil_defaultlib
INFO: [VRFC 10-307] analyzing entity HA
INFO: [VRFC 10-163] Analyzing VHDL file "D:/Projects/NanoProcessor/NanoProcessor.srcs/sources_1/new/LUT_7_Display.vhd" into library xil_defaultlib
INFO: [VRFC 10-307] analyzing entity LUT_7_Display
INFO: [VRFC 10-163] Analyzing VHDL file "D:/Projects/NanoProcessor/NanoProcessor.srcs/sources_1/new/Mux_2_way_3.vhd" into library xil_defaultlib
INFO: [VRFC 10-307] analyzing entity Mux_2_way_3
INFO: [VRFC 10-163] Analyzing VHDL file "D:/Projects/NanoProcessor/NanoProcessor.srcs/sources_1/new/Mux_2_way_4.vhd" into library xil_defaultlib
INFO: [VRFC 10-307] analyzing entity Mux_2_way_4
INFO: [VRFC 10-163] Analyzing VHDL file "D:/Projects/NanoProcessor/NanoProcessor.srcs/sources_1/new/Mux_8_way_4.vhd" into library xil_defaultlib
INFO: [VRFC 10-307] analyzing entity Mux_8_way_4
INFO: [VRFC 10-163] Analyzing VHDL file "D:/Projects/NanoProcessor/NanoProcessor.srcs/sources_1/new/Processor.vhd" into library xil_defaultlib
INFO: [VRFC 10-307] analyzing entity Processor
INFO: [VRFC 10-163] Analyzing VHDL file "D:/Projects/NanoProcessor/NanoProcessor.srcs/sources_1/new/ROM_8.vhd" into library xil_defaultlib
INFO: [VRFC 10-307] analyzing entity ROM_8
INFO: [VRFC 10-163] Analyzing VHDL file "D:/Projects/NanoProcessor/NanoProcessor.srcs/sources_1/new/Reg.vhd" into library xil_defaultlib
INFO: [VRFC 10-307] analyzing entity Reg
INFO: [VRFC 10-163] Analyzing VHDL file "D:/Projects/NanoProcessor/NanoProcessor.srcs/sources_1/new/Reg_Bank.vhd" into library xil_defaultlib
INFO: [VRFC 10-307] analyzing entity Reg_Bank
INFO: [VRFC 10-163] Analyzing VHDL file "D:/Projects/NanoProcessor/NanoProcessor.srcs/sources_1/new/Slow_Clk.vhd" into library xil_defaultlib
INFO: [VRFC 10-307] analyzing entity Slow_Clk
INFO: [VRFC 10-163] Analyzing VHDL file "D:/Projects/NanoProcessor/NanoProcessor.srcs/sim_1/new/Processor_Sim.vhd" into library xil_defaultlib
INFO: [VRFC 10-307] analyzing entity Processor_Sim
