Copyright 1986-2018 Xilinx, Inc. All Rights Reserved.
--------------------------------------------------------------------------------------------------------------------------------------------------------------------------------------------------
| Tool Version : Vivado v.2018.2 (win64) Build 2258646 Thu Jun 14 20:03:12 MDT 2018
| Date         : Fri Jun  2 01:08:47 2023
| Host         : SHAVIN-ANJITHA running 64-bit major release  (build 9200)
| Command      : report_timing_summary -max_paths 10 -file Processor_timing_summary_routed.rpt -pb Processor_timing_summary_routed.pb -rpx Processor_timing_summary_routed.rpx -warn_on_violation
| Design       : Processor
| Device       : 7a35t-cpg236
| Speed File   : -1  PRODUCTION 1.22 2018-03-21
--------------------------------------------------------------------------------------------------------------------------------------------------------------------------------------------------

Timing Summary Report

------------------------------------------------------------------------------------------------
| Timer Settings
| --------------
------------------------------------------------------------------------------------------------

  Enable Multi Corner Analysis               :  Yes
  Enable Pessimism Removal                   :  Yes
  Pessimism Removal Resolution               :  Nearest Common Node
  Enable Input Delay Default Clock           :  No
  Enable Preset / Clear Arcs                 :  No
  Disable Flight Delays                      :  No
  Ignore I/O Paths                           :  No
  Timing Early Launch at Borrowing Latches   :  false

  Corner  Analyze    Analyze    
  Name    Max Paths  Min Paths  
  ------  ---------  ---------  
  Slow    Yes        Yes        
  Fast    Yes        Yes        



check_timing report

Table of Contents
-----------------
1. checking no_clock
2. checking constant_clock
3. checking pulse_width_clock
4. checking unconstrained_internal_endpoints
5. checking no_input_delay
6. checking no_output_delay
7. checking multiple_clock
8. checking generated_clocks
9. checking loops
10. checking partial_input_delay
11. checking partial_output_delay
12. checking latch_loops

1. checking no_clock
--------------------
 There are 15 register/latch pins with no clock driven by root clock pin: Slow_Clk_0/Clk_status_reg/Q (HIGH)


2. checking constant_clock
--------------------------
 There are 0 register/latch pins with constant_clock.


3. checking pulse_width_clock
-----------------------------
 There are 0 register/latch pins which need pulse_width check


4. checking unconstrained_internal_endpoints
--------------------------------------------
 There are 27 pins that are not constrained for maximum delay. (HIGH)

 There are 0 pins that are not constrained for maximum delay due to constant clock.


5. checking no_input_delay
--------------------------
 There are 0 input ports with no input delay specified.

 There are 0 input ports with no input delay but user has a false path constraint.


6. checking no_output_delay
---------------------------
 There are 13 ports with no output delay specified. (HIGH)

 There are 0 ports with no output delay but user has a false path constraint

 There are 0 ports with no output delay but with a timing clock defined on it or propagating through it


7. checking multiple_clock
--------------------------
 There are 0 register/latch pins with multiple clocks.


8. checking generated_clocks
----------------------------
 There are 0 generated clocks that are not connected to a clock source.


9. checking loops
-----------------
 There are 0 combinational loops in the design.


10. checking partial_input_delay
--------------------------------
 There are 0 input ports with partial input delay specified.


11. checking partial_output_delay
---------------------------------
 There are 0 ports with partial output delay specified.


12. checking latch_loops
------------------------
 There are 0 combinational latch loops in the design through latch input



------------------------------------------------------------------------------------------------
| Design Timing Summary
| ---------------------
------------------------------------------------------------------------------------------------

    WNS(ns)      TNS(ns)  TNS Failing Endpoints  TNS Total Endpoints      WHS(ns)      THS(ns)  THS Failing Endpoints  THS Total Endpoints     WPWS(ns)     TPWS(ns)  TPWS Failing Endpoints  TPWS Total Endpoints  
    -------      -------  ---------------------  -------------------      -------      -------  ---------------------  -------------------     --------     --------  ----------------------  --------------------  
      5.545        0.000                      0                   64        0.261        0.000                      0                   64        4.500        0.000                       0                    34  


All user specified timing constraints are met.


------------------------------------------------------------------------------------------------
| Clock Summary
| -------------
------------------------------------------------------------------------------------------------

Clock        Waveform(ns)       Period(ns)      Frequency(MHz)
-----        ------------       ----------      --------------
sys_clk_pin  {0.000 5.000}      10.000          100.000         


------------------------------------------------------------------------------------------------
| Intra Clock Table
| -----------------
------------------------------------------------------------------------------------------------

Clock             WNS(ns)      TNS(ns)  TNS Failing Endpoints  TNS Total Endpoints      WHS(ns)      THS(ns)  THS Failing Endpoints  THS Total Endpoints     WPWS(ns)     TPWS(ns)  TPWS Failing Endpoints  TPWS Total Endpoints  
-----             -------      -------  ---------------------  -------------------      -------      -------  ---------------------  -------------------     --------     --------  ----------------------  --------------------  
sys_clk_pin         5.545        0.000                      0                   64        0.261        0.000                      0                   64        4.500        0.000                       0                    34  


------------------------------------------------------------------------------------------------
| Inter Clock Table
| -----------------
------------------------------------------------------------------------------------------------

From Clock    To Clock          WNS(ns)      TNS(ns)  TNS Failing Endpoints  TNS Total Endpoints      WHS(ns)      THS(ns)  THS Failing Endpoints  THS Total Endpoints  
----------    --------          -------      -------  ---------------------  -------------------      -------      -------  ---------------------  -------------------  


------------------------------------------------------------------------------------------------
| Other Path Groups Table
| -----------------------
------------------------------------------------------------------------------------------------

Path Group    From Clock    To Clock          WNS(ns)      TNS(ns)  TNS Failing Endpoints  TNS Total Endpoints      WHS(ns)      THS(ns)  THS Failing Endpoints  THS Total Endpoints  
----------    ----------    --------          -------      -------  ---------------------  -------------------      -------      -------  ---------------------  -------------------  


------------------------------------------------------------------------------------------------
| Timing Details
| --------------
------------------------------------------------------------------------------------------------


---------------------------------------------------------------------------------------------------
From Clock:  sys_clk_pin
  To Clock:  sys_clk_pin

Setup :            0  Failing Endpoints,  Worst Slack        5.545ns,  Total Violation        0.000ns
Hold  :            0  Failing Endpoints,  Worst Slack        0.261ns,  Total Violation        0.000ns
PW    :            0  Failing Endpoints,  Worst Slack        4.500ns,  Total Violation        0.000ns
---------------------------------------------------------------------------------------------------


Max Delay Paths
--------------------------------------------------------------------------------------
Slack (MET) :             5.545ns  (required time - arrival time)
  Source:                 Slow_Clk_0/Count_reg[23]/C
                            (rising edge-triggered cell FDRE clocked by sys_clk_pin  {rise@0.000ns fall@5.000ns period=10.000ns})
  Destination:            Slow_Clk_0/Count_reg[17]/R
                            (rising edge-triggered cell FDRE clocked by sys_clk_pin  {rise@0.000ns fall@5.000ns period=10.000ns})
  Path Group:             sys_clk_pin
  Path Type:              Setup (Max at Slow Process Corner)
  Requirement:            10.000ns  (sys_clk_pin rise@10.000ns - sys_clk_pin rise@0.000ns)
  Data Path Delay:        3.968ns  (logic 0.828ns (20.868%)  route 3.140ns (79.132%))
  Logic Levels:           3  (LUT4=2 LUT6=1)
  Clock Path Skew:        -0.023ns (DCD - SCD + CPR)
    Destination Clock Delay (DCD):    4.849ns = ( 14.849 - 10.000 ) 
    Source Clock Delay      (SCD):    5.146ns
    Clock Pessimism Removal (CPR):    0.274ns
  Clock Uncertainty:      0.035ns  ((TSJ^2 + TIJ^2)^1/2 + DJ) / 2 + PE
    Total System Jitter     (TSJ):    0.071ns
    Total Input Jitter      (TIJ):    0.000ns
    Discrete Jitter          (DJ):    0.000ns
    Phase Error              (PE):    0.000ns

    Location             Delay type                Incr(ns)  Path(ns)    Netlist Resource(s)
  -------------------------------------------------------------------    -------------------
                         (clock sys_clk_pin rise edge)
                                                      0.000     0.000 r  
    W5                                                0.000     0.000 r  Clk (IN)
                         net (fo=0)                   0.000     0.000    Clk
    W5                   IBUF (Prop_ibuf_I_O)         1.458     1.458 r  Clk_IBUF_inst/O
                         net (fo=1, routed)           1.967     3.425    Clk_IBUF
    BUFGCTRL_X0Y0        BUFG (Prop_bufg_I_O)         0.096     3.521 r  Clk_IBUF_BUFG_inst/O
                         net (fo=33, routed)          1.625     5.146    Slow_Clk_0/Clk_IBUF_BUFG
    SLICE_X63Y20         FDRE                                         r  Slow_Clk_0/Count_reg[23]/C
  -------------------------------------------------------------------    -------------------
    SLICE_X63Y20         FDRE (Prop_fdre_C_Q)         0.456     5.602 f  Slow_Clk_0/Count_reg[23]/Q
                         net (fo=2, routed)           0.860     6.462    Slow_Clk_0/Count[23]
    SLICE_X62Y20         LUT4 (Prop_lut4_I0_O)        0.124     6.586 f  Slow_Clk_0/Count[0]_i_5/O
                         net (fo=1, routed)           0.444     7.030    Slow_Clk_0/Count[0]_i_5_n_0
    SLICE_X62Y20         LUT6 (Prop_lut6_I0_O)        0.124     7.154 f  Slow_Clk_0/Count[0]_i_2/O
                         net (fo=3, routed)           1.025     8.178    Slow_Clk_0/Count[0]_i_2_n_0
    SLICE_X62Y15         LUT4 (Prop_lut4_I3_O)        0.124     8.302 r  Slow_Clk_0/Count[31]_i_1/O
                         net (fo=31, routed)          0.812     9.114    Slow_Clk_0/Clk_status
    SLICE_X63Y19         FDRE                                         r  Slow_Clk_0/Count_reg[17]/R
  -------------------------------------------------------------------    -------------------

                         (clock sys_clk_pin rise edge)
                                                     10.000    10.000 r  
    W5                                                0.000    10.000 r  Clk (IN)
                         net (fo=0)                   0.000    10.000    Clk
    W5                   IBUF (Prop_ibuf_I_O)         1.388    11.388 r  Clk_IBUF_inst/O
                         net (fo=1, routed)           1.862    13.250    Clk_IBUF
    BUFGCTRL_X0Y0        BUFG (Prop_bufg_I_O)         0.091    13.341 r  Clk_IBUF_BUFG_inst/O
                         net (fo=33, routed)          1.508    14.849    Slow_Clk_0/Clk_IBUF_BUFG
    SLICE_X63Y19         FDRE                                         r  Slow_Clk_0/Count_reg[17]/C
                         clock pessimism              0.274    15.123    
                         clock uncertainty           -0.035    15.088    
    SLICE_X63Y19         FDRE (Setup_fdre_C_R)       -0.429    14.659    Slow_Clk_0/Count_reg[17]
  -------------------------------------------------------------------
                         required time                         14.659    
                         arrival time                          -9.114    
  -------------------------------------------------------------------
                         slack                                  5.545    

Slack (MET) :             5.545ns  (required time - arrival time)
  Source:                 Slow_Clk_0/Count_reg[23]/C
                            (rising edge-triggered cell FDRE clocked by sys_clk_pin  {rise@0.000ns fall@5.000ns period=10.000ns})
  Destination:            Slow_Clk_0/Count_reg[18]/R
                            (rising edge-triggered cell FDRE clocked by sys_clk_pin  {rise@0.000ns fall@5.000ns period=10.000ns})
  Path Group:             sys_clk_pin
  Path Type:              Setup (Max at Slow Process Corner)
  Requirement:            10.000ns  (sys_clk_pin rise@10.000ns - sys_clk_pin rise@0.000ns)
  Data Path Delay:        3.968ns  (logic 0.828ns (20.868%)  route 3.140ns (79.132%))
  Logic Levels:           3  (LUT4=2 LUT6=1)
  Clock Path Skew:        -0.023ns (DCD - SCD + CPR)
    Destination Clock Delay (DCD):    4.849ns = ( 14.849 - 10.000 ) 
    Source Clock Delay      (SCD):    5.146ns
    Clock Pessimism Removal (CPR):    0.274ns
  Clock Uncertainty:      0.035ns  ((TSJ^2 + TIJ^2)^1/2 + DJ) / 2 + PE
    Total System Jitter     (TSJ):    0.071ns
    Total Input Jitter      (TIJ):    0.000ns
    Discrete Jitter          (DJ):    0.000ns
    Phase Error              (PE):    0.000ns

    Location             Delay type                Incr(ns)  Path(ns)    Netlist Resource(s)
  -------------------------------------------------------------------    -------------------
                         (clock sys_clk_pin rise edge)
                                                      0.000     0.000 r  
    W5                                                0.000     0.000 r  Clk (IN)
                         net (fo=0)                   0.000     0.000    Clk
    W5                   IBUF (Prop_ibuf_I_O)         1.458     1.458 r  Clk_IBUF_inst/O
                         net (fo=1, routed)           1.967     3.425    Clk_IBUF
    BUFGCTRL_X0Y0        BUFG (Prop_bufg_I_O)         0.096     3.521 r  Clk_IBUF_BUFG_inst/O
                         net (fo=33, routed)          1.625     5.146    Slow_Clk_0/Clk_IBUF_BUFG
    SLICE_X63Y20         FDRE                                         r  Slow_Clk_0/Count_reg[23]/C
  -------------------------------------------------------------------    -------------------
    SLICE_X63Y20         FDRE (Prop_fdre_C_Q)         0.456     5.602 f  Slow_Clk_0/Count_reg[23]/Q
                         net (fo=2, routed)           0.860     6.462    Slow_Clk_0/Count[23]
    SLICE_X62Y20         LUT4 (Prop_lut4_I0_O)        0.124     6.586 f  Slow_Clk_0/Count[0]_i_5/O
                         net (fo=1, routed)           0.444     7.030    Slow_Clk_0/Count[0]_i_5_n_0
    SLICE_X62Y20         LUT6 (Prop_lut6_I0_O)        0.124     7.154 f  Slow_Clk_0/Count[0]_i_2/O
                         net (fo=3, routed)           1.025     8.178    Slow_Clk_0/Count[0]_i_2_n_0
    SLICE_X62Y15         LUT4 (Prop_lut4_I3_O)        0.124     8.302 r  Slow_Clk_0/Count[31]_i_1/O
                         net (fo=31, routed)          0.812     9.114    Slow_Clk_0/Clk_status
    SLICE_X63Y19         FDRE                                         r  Slow_Clk_0/Count_reg[18]/R
  -------------------------------------------------------------------    -------------------

                         (clock sys_clk_pin rise edge)
                                                     10.000    10.000 r  
    W5                                                0.000    10.000 r  Clk (IN)
                         net (fo=0)                   0.000    10.000    Clk
    W5                   IBUF (Prop_ibuf_I_O)         1.388    11.388 r  Clk_IBUF_inst/O
                         net (fo=1, routed)           1.862    13.250    Clk_IBUF
    BUFGCTRL_X0Y0        BUFG (Prop_bufg_I_O)         0.091    13.341 r  Clk_IBUF_BUFG_inst/O
                         net (fo=33, routed)          1.508    14.849    Slow_Clk_0/Clk_IBUF_BUFG
    SLICE_X63Y19         FDRE                                         r  Slow_Clk_0/Count_reg[18]/C
                         clock pessimism              0.274    15.123    
                         clock uncertainty           -0.035    15.088    
    SLICE_X63Y19         FDRE (Setup_fdre_C_R)       -0.429    14.659    Slow_Clk_0/Count_reg[18]
  -------------------------------------------------------------------
                         required time                         14.659    
                         arrival time                          -9.114    
  -------------------------------------------------------------------
                         slack                                  5.545    

Slack (MET) :             5.545ns  (required time - arrival time)
  Source:                 Slow_Clk_0/Count_reg[23]/C
                            (rising edge-triggered cell FDRE clocked by sys_clk_pin  {rise@0.000ns fall@5.000ns period=10.000ns})
  Destination:            Slow_Clk_0/Count_reg[19]/R
                            (rising edge-triggered cell FDRE clocked by sys_clk_pin  {rise@0.000ns fall@5.000ns period=10.000ns})
  Path Group:             sys_clk_pin
  Path Type:              Setup (Max at Slow Process Corner)
  Requirement:            10.000ns  (sys_clk_pin rise@10.000ns - sys_clk_pin rise@0.000ns)
  Data Path Delay:        3.968ns  (logic 0.828ns (20.868%)  route 3.140ns (79.132%))
  Logic Levels:           3  (LUT4=2 LUT6=1)
  Clock Path Skew:        -0.023ns (DCD - SCD + CPR)
    Destination Clock Delay (DCD):    4.849ns = ( 14.849 - 10.000 ) 
    Source Clock Delay      (SCD):    5.146ns
    Clock Pessimism Removal (CPR):    0.274ns
  Clock Uncertainty:      0.035ns  ((TSJ^2 + TIJ^2)^1/2 + DJ) / 2 + PE
    Total System Jitter     (TSJ):    0.071ns
    Total Input Jitter      (TIJ):    0.000ns
    Discrete Jitter          (DJ):    0.000ns
    Phase Error              (PE):    0.000ns

    Location             Delay type                Incr(ns)  Path(ns)    Netlist Resource(s)
  -------------------------------------------------------------------    -------------------
                         (clock sys_clk_pin rise edge)
                                                      0.000     0.000 r  
    W5                                                0.000     0.000 r  Clk (IN)
                         net (fo=0)                   0.000     0.000    Clk
    W5                   IBUF (Prop_ibuf_I_O)         1.458     1.458 r  Clk_IBUF_inst/O
                         net (fo=1, routed)           1.967     3.425    Clk_IBUF
    BUFGCTRL_X0Y0        BUFG (Prop_bufg_I_O)         0.096     3.521 r  Clk_IBUF_BUFG_inst/O
                         net (fo=33, routed)          1.625     5.146    Slow_Clk_0/Clk_IBUF_BUFG
    SLICE_X63Y20         FDRE                                         r  Slow_Clk_0/Count_reg[23]/C
  -------------------------------------------------------------------    -------------------
    SLICE_X63Y20         FDRE (Prop_fdre_C_Q)         0.456     5.602 f  Slow_Clk_0/Count_reg[23]/Q
                         net (fo=2, routed)           0.860     6.462    Slow_Clk_0/Count[23]
    SLICE_X62Y20         LUT4 (Prop_lut4_I0_O)        0.124     6.586 f  Slow_Clk_0/Count[0]_i_5/O
                         net (fo=1, routed)           0.444     7.030    Slow_Clk_0/Count[0]_i_5_n_0
    SLICE_X62Y20         LUT6 (Prop_lut6_I0_O)        0.124     7.154 f  Slow_Clk_0/Count[0]_i_2/O
                         net (fo=3, routed)           1.025     8.178    Slow_Clk_0/Count[0]_i_2_n_0
    SLICE_X62Y15         LUT4 (Prop_lut4_I3_O)        0.124     8.302 r  Slow_Clk_0/Count[31]_i_1/O
                         net (fo=31, routed)          0.812     9.114    Slow_Clk_0/Clk_status
    SLICE_X63Y19         FDRE                                         r  Slow_Clk_0/Count_reg[19]/R
  -------------------------------------------------------------------    -------------------

                         (clock sys_clk_pin rise edge)
                                                     10.000    10.000 r  
    W5                                                0.000    10.000 r  Clk (IN)
                         net (fo=0)                   0.000    10.000    Clk
    W5                   IBUF (Prop_ibuf_I_O)         1.388    11.388 r  Clk_IBUF_inst/O
                         net (fo=1, routed)           1.862    13.250    Clk_IBUF
    BUFGCTRL_X0Y0        BUFG (Prop_bufg_I_O)         0.091    13.341 r  Clk_IBUF_BUFG_inst/O
                         net (fo=33, routed)          1.508    14.849    Slow_Clk_0/Clk_IBUF_BUFG
    SLICE_X63Y19         FDRE                                         r  Slow_Clk_0/Count_reg[19]/C
                         clock pessimism              0.274    15.123    
                         clock uncertainty           -0.035    15.088    
    SLICE_X63Y19         FDRE (Setup_fdre_C_R)       -0.429    14.659    Slow_Clk_0/Count_reg[19]
  -------------------------------------------------------------------
                         required time                         14.659    
                         arrival time                          -9.114    
  -------------------------------------------------------------------
                         slack                                  5.545    

Slack (MET) :             5.545ns  (required time - arrival time)
  Source:                 Slow_Clk_0/Count_reg[23]/C
                            (rising edge-triggered cell FDRE clocked by sys_clk_pin  {rise@0.000ns fall@5.000ns period=10.000ns})
  Destination:            Slow_Clk_0/Count_reg[20]/R
                            (rising edge-triggered cell FDRE clocked by sys_clk_pin  {rise@0.000ns fall@5.000ns period=10.000ns})
  Path Group:             sys_clk_pin
  Path Type:              Setup (Max at Slow Process Corner)
  Requirement:            10.000ns  (sys_clk_pin rise@10.000ns - sys_clk_pin rise@0.000ns)
  Data Path Delay:        3.968ns  (logic 0.828ns (20.868%)  route 3.140ns (79.132%))
  Logic Levels:           3  (LUT4=2 LUT6=1)
  Clock Path Skew:        -0.023ns (DCD - SCD + CPR)
    Destination Clock Delay (DCD):    4.849ns = ( 14.849 - 10.000 ) 
    Source Clock Delay      (SCD):    5.146ns
    Clock Pessimism Removal (CPR):    0.274ns
  Clock Uncertainty:      0.035ns  ((TSJ^2 + TIJ^2)^1/2 + DJ) / 2 + PE
    Total System Jitter     (TSJ):    0.071ns
    Total Input Jitter      (TIJ):    0.000ns
    Discrete Jitter          (DJ):    0.000ns
    Phase Error              (PE):    0.000ns

    Location             Delay type                Incr(ns)  Path(ns)    Netlist Resource(s)
  -------------------------------------------------------------------    -------------------
                         (clock sys_clk_pin rise edge)
                                                      0.000     0.000 r  
    W5                                                0.000     0.000 r  Clk (IN)
                         net (fo=0)                   0.000     0.000    Clk
    W5                   IBUF (Prop_ibuf_I_O)         1.458     1.458 r  Clk_IBUF_inst/O
                         net (fo=1, routed)           1.967     3.425    Clk_IBUF
    BUFGCTRL_X0Y0        BUFG (Prop_bufg_I_O)         0.096     3.521 r  Clk_IBUF_BUFG_inst/O
                         net (fo=33, routed)          1.625     5.146    Slow_Clk_0/Clk_IBUF_BUFG
    SLICE_X63Y20         FDRE                                         r  Slow_Clk_0/Count_reg[23]/C
  -------------------------------------------------------------------    -------------------
    SLICE_X63Y20         FDRE (Prop_fdre_C_Q)         0.456     5.602 f  Slow_Clk_0/Count_reg[23]/Q
                         net (fo=2, routed)           0.860     6.462    Slow_Clk_0/Count[23]
    SLICE_X62Y20         LUT4 (Prop_lut4_I0_O)        0.124     6.586 f  Slow_Clk_0/Count[0]_i_5/O
                         net (fo=1, routed)           0.444     7.030    Slow_Clk_0/Count[0]_i_5_n_0
    SLICE_X62Y20         LUT6 (Prop_lut6_I0_O)        0.124     7.154 f  Slow_Clk_0/Count[0]_i_2/O
                         net (fo=3, routed)           1.025     8.178    Slow_Clk_0/Count[0]_i_2_n_0
    SLICE_X62Y15         LUT4 (Prop_lut4_I3_O)        0.124     8.302 r  Slow_Clk_0/Count[31]_i_1/O
                         net (fo=31, routed)          0.812     9.114    Slow_Clk_0/Clk_status
    SLICE_X63Y19         FDRE                                         r  Slow_Clk_0/Count_reg[20]/R
  -------------------------------------------------------------------    -------------------

                         (clock sys_clk_pin rise edge)
                                                     10.000    10.000 r  
    W5                                                0.000    10.000 r  Clk (IN)
                         net (fo=0)                   0.000    10.000    Clk
    W5                   IBUF (Prop_ibuf_I_O)         1.388    11.388 r  Clk_IBUF_inst/O
                         net (fo=1, routed)           1.862    13.250    Clk_IBUF
    BUFGCTRL_X0Y0        BUFG (Prop_bufg_I_O)         0.091    13.341 r  Clk_IBUF_BUFG_inst/O
                         net (fo=33, routed)          1.508    14.849    Slow_Clk_0/Clk_IBUF_BUFG
    SLICE_X63Y19         FDRE                                         r  Slow_Clk_0/Count_reg[20]/C
                         clock pessimism              0.274    15.123    
                         clock uncertainty           -0.035    15.088    
    SLICE_X63Y19         FDRE (Setup_fdre_C_R)       -0.429    14.659    Slow_Clk_0/Count_reg[20]
  -------------------------------------------------------------------
                         required time                         14.659    
                         arrival time                          -9.114    
  -------------------------------------------------------------------
                         slack                                  5.545    

Slack (MET) :             5.684ns  (required time - arrival time)
  Source:                 Slow_Clk_0/Count_reg[23]/C
                            (rising edge-triggered cell FDRE clocked by sys_clk_pin  {rise@0.000ns fall@5.000ns period=10.000ns})
  Destination:            Slow_Clk_0/Count_reg[13]/R
                            (rising edge-triggered cell FDRE clocked by sys_clk_pin  {rise@0.000ns fall@5.000ns period=10.000ns})
  Path Group:             sys_clk_pin
  Path Type:              Setup (Max at Slow Process Corner)
  Requirement:            10.000ns  (sys_clk_pin rise@10.000ns - sys_clk_pin rise@0.000ns)
  Data Path Delay:        3.829ns  (logic 0.828ns (21.622%)  route 3.001ns (78.378%))
  Logic Levels:           3  (LUT4=2 LUT6=1)
  Clock Path Skew:        -0.022ns (DCD - SCD + CPR)
    Destination Clock Delay (DCD):    4.850ns = ( 14.850 - 10.000 ) 
    Source Clock Delay      (SCD):    5.146ns
    Clock Pessimism Removal (CPR):    0.274ns
  Clock Uncertainty:      0.035ns  ((TSJ^2 + TIJ^2)^1/2 + DJ) / 2 + PE
    Total System Jitter     (TSJ):    0.071ns
    Total Input Jitter      (TIJ):    0.000ns
    Discrete Jitter          (DJ):    0.000ns
    Phase Error              (PE):    0.000ns

    Location             Delay type                Incr(ns)  Path(ns)    Netlist Resource(s)
  -------------------------------------------------------------------    -------------------
                         (clock sys_clk_pin rise edge)
                                                      0.000     0.000 r  
    W5                                                0.000     0.000 r  Clk (IN)
                         net (fo=0)                   0.000     0.000    Clk
    W5                   IBUF (Prop_ibuf_I_O)         1.458     1.458 r  Clk_IBUF_inst/O
                         net (fo=1, routed)           1.967     3.425    Clk_IBUF
    BUFGCTRL_X0Y0        BUFG (Prop_bufg_I_O)         0.096     3.521 r  Clk_IBUF_BUFG_inst/O
                         net (fo=33, routed)          1.625     5.146    Slow_Clk_0/Clk_IBUF_BUFG
    SLICE_X63Y20         FDRE                                         r  Slow_Clk_0/Count_reg[23]/C
  -------------------------------------------------------------------    -------------------
    SLICE_X63Y20         FDRE (Prop_fdre_C_Q)         0.456     5.602 f  Slow_Clk_0/Count_reg[23]/Q
                         net (fo=2, routed)           0.860     6.462    Slow_Clk_0/Count[23]
    SLICE_X62Y20         LUT4 (Prop_lut4_I0_O)        0.124     6.586 f  Slow_Clk_0/Count[0]_i_5/O
                         net (fo=1, routed)           0.444     7.030    Slow_Clk_0/Count[0]_i_5_n_0
    SLICE_X62Y20         LUT6 (Prop_lut6_I0_O)        0.124     7.154 f  Slow_Clk_0/Count[0]_i_2/O
                         net (fo=3, routed)           1.025     8.178    Slow_Clk_0/Count[0]_i_2_n_0
    SLICE_X62Y15         LUT4 (Prop_lut4_I3_O)        0.124     8.302 r  Slow_Clk_0/Count[31]_i_1/O
                         net (fo=31, routed)          0.673     8.976    Slow_Clk_0/Clk_status
    SLICE_X63Y18         FDRE                                         r  Slow_Clk_0/Count_reg[13]/R
  -------------------------------------------------------------------    -------------------

                         (clock sys_clk_pin rise edge)
                                                     10.000    10.000 r  
    W5                                                0.000    10.000 r  Clk (IN)
                         net (fo=0)                   0.000    10.000    Clk
    W5                   IBUF (Prop_ibuf_I_O)         1.388    11.388 r  Clk_IBUF_inst/O
                         net (fo=1, routed)           1.862    13.250    Clk_IBUF
    BUFGCTRL_X0Y0        BUFG (Prop_bufg_I_O)         0.091    13.341 r  Clk_IBUF_BUFG_inst/O
                         net (fo=33, routed)          1.509    14.850    Slow_Clk_0/Clk_IBUF_BUFG
    SLICE_X63Y18         FDRE                                         r  Slow_Clk_0/Count_reg[13]/C
                         clock pessimism              0.274    15.124    
                         clock uncertainty           -0.035    15.089    
    SLICE_X63Y18         FDRE (Setup_fdre_C_R)       -0.429    14.660    Slow_Clk_0/Count_reg[13]
  -------------------------------------------------------------------
                         required time                         14.660    
                         arrival time                          -8.976    
  -------------------------------------------------------------------
                         slack                                  5.684    

Slack (MET) :             5.684ns  (required time - arrival time)
  Source:                 Slow_Clk_0/Count_reg[23]/C
                            (rising edge-triggered cell FDRE clocked by sys_clk_pin  {rise@0.000ns fall@5.000ns period=10.000ns})
  Destination:            Slow_Clk_0/Count_reg[14]/R
                            (rising edge-triggered cell FDRE clocked by sys_clk_pin  {rise@0.000ns fall@5.000ns period=10.000ns})
  Path Group:             sys_clk_pin
  Path Type:              Setup (Max at Slow Process Corner)
  Requirement:            10.000ns  (sys_clk_pin rise@10.000ns - sys_clk_pin rise@0.000ns)
  Data Path Delay:        3.829ns  (logic 0.828ns (21.622%)  route 3.001ns (78.378%))
  Logic Levels:           3  (LUT4=2 LUT6=1)
  Clock Path Skew:        -0.022ns (DCD - SCD + CPR)
    Destination Clock Delay (DCD):    4.850ns = ( 14.850 - 10.000 ) 
    Source Clock Delay      (SCD):    5.146ns
    Clock Pessimism Removal (CPR):    0.274ns
  Clock Uncertainty:      0.035ns  ((TSJ^2 + TIJ^2)^1/2 + DJ) / 2 + PE
    Total System Jitter     (TSJ):    0.071ns
    Total Input Jitter      (TIJ):    0.000ns
    Discrete Jitter          (DJ):    0.000ns
    Phase Error              (PE):    0.000ns

    Location             Delay type                Incr(ns)  Path(ns)    Netlist Resource(s)
  -------------------------------------------------------------------    -------------------
                         (clock sys_clk_pin rise edge)
                                                      0.000     0.000 r  
    W5                                                0.000     0.000 r  Clk (IN)
                         net (fo=0)                   0.000     0.000    Clk
    W5                   IBUF (Prop_ibuf_I_O)         1.458     1.458 r  Clk_IBUF_inst/O
                         net (fo=1, routed)           1.967     3.425    Clk_IBUF
    BUFGCTRL_X0Y0        BUFG (Prop_bufg_I_O)         0.096     3.521 r  Clk_IBUF_BUFG_inst/O
                         net (fo=33, routed)          1.625     5.146    Slow_Clk_0/Clk_IBUF_BUFG
    SLICE_X63Y20         FDRE                                         r  Slow_Clk_0/Count_reg[23]/C
  -------------------------------------------------------------------    -------------------
    SLICE_X63Y20         FDRE (Prop_fdre_C_Q)         0.456     5.602 f  Slow_Clk_0/Count_reg[23]/Q
                         net (fo=2, routed)           0.860     6.462    Slow_Clk_0/Count[23]
    SLICE_X62Y20         LUT4 (Prop_lut4_I0_O)        0.124     6.586 f  Slow_Clk_0/Count[0]_i_5/O
                         net (fo=1, routed)           0.444     7.030    Slow_Clk_0/Count[0]_i_5_n_0
    SLICE_X62Y20         LUT6 (Prop_lut6_I0_O)        0.124     7.154 f  Slow_Clk_0/Count[0]_i_2/O
                         net (fo=3, routed)           1.025     8.178    Slow_Clk_0/Count[0]_i_2_n_0
    SLICE_X62Y15         LUT4 (Prop_lut4_I3_O)        0.124     8.302 r  Slow_Clk_0/Count[31]_i_1/O
                         net (fo=31, routed)          0.673     8.976    Slow_Clk_0/Clk_status
    SLICE_X63Y18         FDRE                                         r  Slow_Clk_0/Count_reg[14]/R
  -------------------------------------------------------------------    -------------------

                         (clock sys_clk_pin rise edge)
                                                     10.000    10.000 r  
    W5                                                0.000    10.000 r  Clk (IN)
                         net (fo=0)                   0.000    10.000    Clk
    W5                   IBUF (Prop_ibuf_I_O)         1.388    11.388 r  Clk_IBUF_inst/O
                         net (fo=1, routed)           1.862    13.250    Clk_IBUF
    BUFGCTRL_X0Y0        BUFG (Prop_bufg_I_O)         0.091    13.341 r  Clk_IBUF_BUFG_inst/O
                         net (fo=33, routed)          1.509    14.850    Slow_Clk_0/Clk_IBUF_BUFG
    SLICE_X63Y18         FDRE                                         r  Slow_Clk_0/Count_reg[14]/C
                         clock pessimism              0.274    15.124    
                         clock uncertainty           -0.035    15.089    
    SLICE_X63Y18         FDRE (Setup_fdre_C_R)       -0.429    14.660    Slow_Clk_0/Count_reg[14]
  -------------------------------------------------------------------
                         required time                         14.660    
                         arrival time                          -8.976    
  -------------------------------------------------------------------
                         slack                                  5.684    

Slack (MET) :             5.684ns  (required time - arrival time)
  Source:                 Slow_Clk_0/Count_reg[23]/C
                            (rising edge-triggered cell FDRE clocked by sys_clk_pin  {rise@0.000ns fall@5.000ns period=10.000ns})
  Destination:            Slow_Clk_0/Count_reg[15]/R
                            (rising edge-triggered cell FDRE clocked by sys_clk_pin  {rise@0.000ns fall@5.000ns period=10.000ns})
  Path Group:             sys_clk_pin
  Path Type:              Setup (Max at Slow Process Corner)
  Requirement:            10.000ns  (sys_clk_pin rise@10.000ns - sys_clk_pin rise@0.000ns)
  Data Path Delay:        3.829ns  (logic 0.828ns (21.622%)  route 3.001ns (78.378%))
  Logic Levels:           3  (LUT4=2 LUT6=1)
  Clock Path Skew:        -0.022ns (DCD - SCD + CPR)
    Destination Clock Delay (DCD):    4.850ns = ( 14.850 - 10.000 ) 
    Source Clock Delay      (SCD):    5.146ns
    Clock Pessimism Removal (CPR):    0.274ns
  Clock Uncertainty:      0.035ns  ((TSJ^2 + TIJ^2)^1/2 + DJ) / 2 + PE
    Total System Jitter     (TSJ):    0.071ns
    Total Input Jitter      (TIJ):    0.000ns
    Discrete Jitter          (DJ):    0.000ns
    Phase Error              (PE):    0.000ns

    Location             Delay type                Incr(ns)  Path(ns)    Netlist Resource(s)
  -------------------------------------------------------------------    -------------------
                         (clock sys_clk_pin rise edge)
                                                      0.000     0.000 r  
    W5                                                0.000     0.000 r  Clk (IN)
                         net (fo=0)                   0.000     0.000    Clk
    W5                   IBUF (Prop_ibuf_I_O)         1.458     1.458 r  Clk_IBUF_inst/O
                         net (fo=1, routed)           1.967     3.425    Clk_IBUF
    BUFGCTRL_X0Y0        BUFG (Prop_bufg_I_O)         0.096     3.521 r  Clk_IBUF_BUFG_inst/O
                         net (fo=33, routed)          1.625     5.146    Slow_Clk_0/Clk_IBUF_BUFG
    SLICE_X63Y20         FDRE                                         r  Slow_Clk_0/Count_reg[23]/C
  -------------------------------------------------------------------    -------------------
    SLICE_X63Y20         FDRE (Prop_fdre_C_Q)         0.456     5.602 f  Slow_Clk_0/Count_reg[23]/Q
                         net (fo=2, routed)           0.860     6.462    Slow_Clk_0/Count[23]
    SLICE_X62Y20         LUT4 (Prop_lut4_I0_O)        0.124     6.586 f  Slow_Clk_0/Count[0]_i_5/O
                         net (fo=1, routed)           0.444     7.030    Slow_Clk_0/Count[0]_i_5_n_0
    SLICE_X62Y20         LUT6 (Prop_lut6_I0_O)        0.124     7.154 f  Slow_Clk_0/Count[0]_i_2/O
                         net (fo=3, routed)           1.025     8.178    Slow_Clk_0/Count[0]_i_2_n_0
    SLICE_X62Y15         LUT4 (Prop_lut4_I3_O)        0.124     8.302 r  Slow_Clk_0/Count[31]_i_1/O
                         net (fo=31, routed)          0.673     8.976    Slow_Clk_0/Clk_status
    SLICE_X63Y18         FDRE                                         r  Slow_Clk_0/Count_reg[15]/R
  -------------------------------------------------------------------    -------------------

                         (clock sys_clk_pin rise edge)
                                                     10.000    10.000 r  
    W5                                                0.000    10.000 r  Clk (IN)
                         net (fo=0)                   0.000    10.000    Clk
    W5                   IBUF (Prop_ibuf_I_O)         1.388    11.388 r  Clk_IBUF_inst/O
                         net (fo=1, routed)           1.862    13.250    Clk_IBUF
    BUFGCTRL_X0Y0        BUFG (Prop_bufg_I_O)         0.091    13.341 r  Clk_IBUF_BUFG_inst/O
                         net (fo=33, routed)          1.509    14.850    Slow_Clk_0/Clk_IBUF_BUFG
    SLICE_X63Y18         FDRE                                         r  Slow_Clk_0/Count_reg[15]/C
                         clock pessimism              0.274    15.124    
                         clock uncertainty           -0.035    15.089    
    SLICE_X63Y18         FDRE (Setup_fdre_C_R)       -0.429    14.660    Slow_Clk_0/Count_reg[15]
  -------------------------------------------------------------------
                         required time                         14.660    
                         arrival time                          -8.976    
  -------------------------------------------------------------------
                         slack                                  5.684    

Slack (MET) :             5.684ns  (required time - arrival time)
  Source:                 Slow_Clk_0/Count_reg[23]/C
                            (rising edge-triggered cell FDRE clocked by sys_clk_pin  {rise@0.000ns fall@5.000ns period=10.000ns})
  Destination:            Slow_Clk_0/Count_reg[16]/R
                            (rising edge-triggered cell FDRE clocked by sys_clk_pin  {rise@0.000ns fall@5.000ns period=10.000ns})
  Path Group:             sys_clk_pin
  Path Type:              Setup (Max at Slow Process Corner)
  Requirement:            10.000ns  (sys_clk_pin rise@10.000ns - sys_clk_pin rise@0.000ns)
  Data Path Delay:        3.829ns  (logic 0.828ns (21.622%)  route 3.001ns (78.378%))
  Logic Levels:           3  (LUT4=2 LUT6=1)
  Clock Path Skew:        -0.022ns (DCD - SCD + CPR)
    Destination Clock Delay (DCD):    4.850ns = ( 14.850 - 10.000 ) 
    Source Clock Delay      (SCD):    5.146ns
    Clock Pessimism Removal (CPR):    0.274ns
  Clock Uncertainty:      0.035ns  ((TSJ^2 + TIJ^2)^1/2 + DJ) / 2 + PE
    Total System Jitter     (TSJ):    0.071ns
    Total Input Jitter      (TIJ):    0.000ns
    Discrete Jitter          (DJ):    0.000ns
    Phase Error              (PE):    0.000ns

    Location             Delay type                Incr(ns)  Path(ns)    Netlist Resource(s)
  -------------------------------------------------------------------    -------------------
                         (clock sys_clk_pin rise edge)
                                                      0.000     0.000 r  
    W5                                                0.000     0.000 r  Clk (IN)
                         net (fo=0)                   0.000     0.000    Clk
    W5                   IBUF (Prop_ibuf_I_O)         1.458     1.458 r  Clk_IBUF_inst/O
                         net (fo=1, routed)           1.967     3.425    Clk_IBUF
    BUFGCTRL_X0Y0        BUFG (Prop_bufg_I_O)         0.096     3.521 r  Clk_IBUF_BUFG_inst/O
                         net (fo=33, routed)          1.625     5.146    Slow_Clk_0/Clk_IBUF_BUFG
    SLICE_X63Y20         FDRE                                         r  Slow_Clk_0/Count_reg[23]/C
  -------------------------------------------------------------------    -------------------
    SLICE_X63Y20         FDRE (Prop_fdre_C_Q)         0.456     5.602 f  Slow_Clk_0/Count_reg[23]/Q
                         net (fo=2, routed)           0.860     6.462    Slow_Clk_0/Count[23]
    SLICE_X62Y20         LUT4 (Prop_lut4_I0_O)        0.124     6.586 f  Slow_Clk_0/Count[0]_i_5/O
                         net (fo=1, routed)           0.444     7.030    Slow_Clk_0/Count[0]_i_5_n_0
    SLICE_X62Y20         LUT6 (Prop_lut6_I0_O)        0.124     7.154 f  Slow_Clk_0/Count[0]_i_2/O
                         net (fo=3, routed)           1.025     8.178    Slow_Clk_0/Count[0]_i_2_n_0
    SLICE_X62Y15         LUT4 (Prop_lut4_I3_O)        0.124     8.302 r  Slow_Clk_0/Count[31]_i_1/O
                         net (fo=31, routed)          0.673     8.976    Slow_Clk_0/Clk_status
    SLICE_X63Y18         FDRE                                         r  Slow_Clk_0/Count_reg[16]/R
  -------------------------------------------------------------------    -------------------

                         (clock sys_clk_pin rise edge)
                                                     10.000    10.000 r  
    W5                                                0.000    10.000 r  Clk (IN)
                         net (fo=0)                   0.000    10.000    Clk
    W5                   IBUF (Prop_ibuf_I_O)         1.388    11.388 r  Clk_IBUF_inst/O
                         net (fo=1, routed)           1.862    13.250    Clk_IBUF
    BUFGCTRL_X0Y0        BUFG (Prop_bufg_I_O)         0.091    13.341 r  Clk_IBUF_BUFG_inst/O
                         net (fo=33, routed)          1.509    14.850    Slow_Clk_0/Clk_IBUF_BUFG
    SLICE_X63Y18         FDRE                                         r  Slow_Clk_0/Count_reg[16]/C
                         clock pessimism              0.274    15.124    
                         clock uncertainty           -0.035    15.089    
    SLICE_X63Y18         FDRE (Setup_fdre_C_R)       -0.429    14.660    Slow_Clk_0/Count_reg[16]
  -------------------------------------------------------------------
                         required time                         14.660    
                         arrival time                          -8.976    
  -------------------------------------------------------------------
                         slack                                  5.684    

Slack (MET) :             5.713ns  (required time - arrival time)
  Source:                 Slow_Clk_0/Count_reg[23]/C
                            (rising edge-triggered cell FDRE clocked by sys_clk_pin  {rise@0.000ns fall@5.000ns period=10.000ns})
  Destination:            Slow_Clk_0/Count_reg[1]/R
                            (rising edge-triggered cell FDRE clocked by sys_clk_pin  {rise@0.000ns fall@5.000ns period=10.000ns})
  Path Group:             sys_clk_pin
  Path Type:              Setup (Max at Slow Process Corner)
  Requirement:            10.000ns  (sys_clk_pin rise@10.000ns - sys_clk_pin rise@0.000ns)
  Data Path Delay:        3.805ns  (logic 0.828ns (21.762%)  route 2.977ns (78.238%))
  Logic Levels:           3  (LUT4=2 LUT6=1)
  Clock Path Skew:        -0.018ns (DCD - SCD + CPR)
    Destination Clock Delay (DCD):    4.854ns = ( 14.854 - 10.000 ) 
    Source Clock Delay      (SCD):    5.146ns
    Clock Pessimism Removal (CPR):    0.274ns
  Clock Uncertainty:      0.035ns  ((TSJ^2 + TIJ^2)^1/2 + DJ) / 2 + PE
    Total System Jitter     (TSJ):    0.071ns
    Total Input Jitter      (TIJ):    0.000ns
    Discrete Jitter          (DJ):    0.000ns
    Phase Error              (PE):    0.000ns

    Location             Delay type                Incr(ns)  Path(ns)    Netlist Resource(s)
  -------------------------------------------------------------------    -------------------
                         (clock sys_clk_pin rise edge)
                                                      0.000     0.000 r  
    W5                                                0.000     0.000 r  Clk (IN)
                         net (fo=0)                   0.000     0.000    Clk
    W5                   IBUF (Prop_ibuf_I_O)         1.458     1.458 r  Clk_IBUF_inst/O
                         net (fo=1, routed)           1.967     3.425    Clk_IBUF
    BUFGCTRL_X0Y0        BUFG (Prop_bufg_I_O)         0.096     3.521 r  Clk_IBUF_BUFG_inst/O
                         net (fo=33, routed)          1.625     5.146    Slow_Clk_0/Clk_IBUF_BUFG
    SLICE_X63Y20         FDRE                                         r  Slow_Clk_0/Count_reg[23]/C
  -------------------------------------------------------------------    -------------------
    SLICE_X63Y20         FDRE (Prop_fdre_C_Q)         0.456     5.602 f  Slow_Clk_0/Count_reg[23]/Q
                         net (fo=2, routed)           0.860     6.462    Slow_Clk_0/Count[23]
    SLICE_X62Y20         LUT4 (Prop_lut4_I0_O)        0.124     6.586 f  Slow_Clk_0/Count[0]_i_5/O
                         net (fo=1, routed)           0.444     7.030    Slow_Clk_0/Count[0]_i_5_n_0
    SLICE_X62Y20         LUT6 (Prop_lut6_I0_O)        0.124     7.154 f  Slow_Clk_0/Count[0]_i_2/O
                         net (fo=3, routed)           1.025     8.178    Slow_Clk_0/Count[0]_i_2_n_0
    SLICE_X62Y15         LUT4 (Prop_lut4_I3_O)        0.124     8.302 r  Slow_Clk_0/Count[31]_i_1/O
                         net (fo=31, routed)          0.649     8.951    Slow_Clk_0/Clk_status
    SLICE_X63Y15         FDRE                                         r  Slow_Clk_0/Count_reg[1]/R
  -------------------------------------------------------------------    -------------------

                         (clock sys_clk_pin rise edge)
                                                     10.000    10.000 r  
    W5                                                0.000    10.000 r  Clk (IN)
                         net (fo=0)                   0.000    10.000    Clk
    W5                   IBUF (Prop_ibuf_I_O)         1.388    11.388 r  Clk_IBUF_inst/O
                         net (fo=1, routed)           1.862    13.250    Clk_IBUF
    BUFGCTRL_X0Y0        BUFG (Prop_bufg_I_O)         0.091    13.341 r  Clk_IBUF_BUFG_inst/O
                         net (fo=33, routed)          1.513    14.854    Slow_Clk_0/Clk_IBUF_BUFG
    SLICE_X63Y15         FDRE                                         r  Slow_Clk_0/Count_reg[1]/C
                         clock pessimism              0.274    15.128    
                         clock uncertainty           -0.035    15.093    
    SLICE_X63Y15         FDRE (Setup_fdre_C_R)       -0.429    14.664    Slow_Clk_0/Count_reg[1]
  -------------------------------------------------------------------
                         required time                         14.664    
                         arrival time                          -8.951    
  -------------------------------------------------------------------
                         slack                                  5.713    

Slack (MET) :             5.713ns  (required time - arrival time)
  Source:                 Slow_Clk_0/Count_reg[23]/C
                            (rising edge-triggered cell FDRE clocked by sys_clk_pin  {rise@0.000ns fall@5.000ns period=10.000ns})
  Destination:            Slow_Clk_0/Count_reg[2]/R
                            (rising edge-triggered cell FDRE clocked by sys_clk_pin  {rise@0.000ns fall@5.000ns period=10.000ns})
  Path Group:             sys_clk_pin
  Path Type:              Setup (Max at Slow Process Corner)
  Requirement:            10.000ns  (sys_clk_pin rise@10.000ns - sys_clk_pin rise@0.000ns)
  Data Path Delay:        3.805ns  (logic 0.828ns (21.762%)  route 2.977ns (78.238%))
  Logic Levels:           3  (LUT4=2 LUT6=1)
  Clock Path Skew:        -0.018ns (DCD - SCD + CPR)
    Destination Clock Delay (DCD):    4.854ns = ( 14.854 - 10.000 ) 
    Source Clock Delay      (SCD):    5.146ns
    Clock Pessimism Removal (CPR):    0.274ns
  Clock Uncertainty:      0.035ns  ((TSJ^2 + TIJ^2)^1/2 + DJ) / 2 + PE
    Total System Jitter     (TSJ):    0.071ns
    Total Input Jitter      (TIJ):    0.000ns
    Discrete Jitter          (DJ):    0.000ns
    Phase Error              (PE):    0.000ns

    Location             Delay type                Incr(ns)  Path(ns)    Netlist Resource(s)
  -------------------------------------------------------------------    -------------------
                         (clock sys_clk_pin rise edge)
                                                      0.000     0.000 r  
    W5                                                0.000     0.000 r  Clk (IN)
                         net (fo=0)                   0.000     0.000    Clk
    W5                   IBUF (Prop_ibuf_I_O)         1.458     1.458 r  Clk_IBUF_inst/O
                         net (fo=1, routed)           1.967     3.425    Clk_IBUF
    BUFGCTRL_X0Y0        BUFG (Prop_bufg_I_O)         0.096     3.521 r  Clk_IBUF_BUFG_inst/O
                         net (fo=33, routed)          1.625     5.146    Slow_Clk_0/Clk_IBUF_BUFG
    SLICE_X63Y20         FDRE                                         r  Slow_Clk_0/Count_reg[23]/C
  -------------------------------------------------------------------    -------------------
    SLICE_X63Y20         FDRE (Prop_fdre_C_Q)         0.456     5.602 f  Slow_Clk_0/Count_reg[23]/Q
                         net (fo=2, routed)           0.860     6.462    Slow_Clk_0/Count[23]
    SLICE_X62Y20         LUT4 (Prop_lut4_I0_O)        0.124     6.586 f  Slow_Clk_0/Count[0]_i_5/O
                         net (fo=1, routed)           0.444     7.030    Slow_Clk_0/Count[0]_i_5_n_0
    SLICE_X62Y20         LUT6 (Prop_lut6_I0_O)        0.124     7.154 f  Slow_Clk_0/Count[0]_i_2/O
                         net (fo=3, routed)           1.025     8.178    Slow_Clk_0/Count[0]_i_2_n_0
    SLICE_X62Y15         LUT4 (Prop_lut4_I3_O)        0.124     8.302 r  Slow_Clk_0/Count[31]_i_1/O
                         net (fo=31, routed)          0.649     8.951    Slow_Clk_0/Clk_status
    SLICE_X63Y15         FDRE                                         r  Slow_Clk_0/Count_reg[2]/R
  -------------------------------------------------------------------    -------------------

                         (clock sys_clk_pin rise edge)
                                                     10.000    10.000 r  
    W5                                                0.000    10.000 r  Clk (IN)
                         net (fo=0)                   0.000    10.000    Clk
    W5                   IBUF (Prop_ibuf_I_O)         1.388    11.388 r  Clk_IBUF_inst/O
                         net (fo=1, routed)           1.862    13.250    Clk_IBUF
    BUFGCTRL_X0Y0        BUFG (Prop_bufg_I_O)         0.091    13.341 r  Clk_IBUF_BUFG_inst/O
                         net (fo=33, routed)          1.513    14.854    Slow_Clk_0/Clk_IBUF_BUFG
    SLICE_X63Y15         FDRE                                         r  Slow_Clk_0/Count_reg[2]/C
                         clock pessimism              0.274    15.128    
                         clock uncertainty           -0.035    15.093    
    SLICE_X63Y15         FDRE (Setup_fdre_C_R)       -0.429    14.664    Slow_Clk_0/Count_reg[2]
  -------------------------------------------------------------------
                         required time                         14.664    
                         arrival time                          -8.951    
  -------------------------------------------------------------------
                         slack                                  5.713    





Min Delay Paths
--------------------------------------------------------------------------------------
Slack (MET) :             0.261ns  (arrival time - required time)
  Source:                 Slow_Clk_0/Count_reg[12]/C
                            (rising edge-triggered cell FDRE clocked by sys_clk_pin  {rise@0.000ns fall@5.000ns period=10.000ns})
  Destination:            Slow_Clk_0/Count_reg[12]/D
                            (rising edge-triggered cell FDRE clocked by sys_clk_pin  {rise@0.000ns fall@5.000ns period=10.000ns})
  Path Group:             sys_clk_pin
  Path Type:              Hold (Min at Fast Process Corner)
  Requirement:            0.000ns  (sys_clk_pin rise@0.000ns - sys_clk_pin rise@0.000ns)
  Data Path Delay:        0.366ns  (logic 0.249ns (68.025%)  route 0.117ns (31.975%))
  Logic Levels:           1  (CARRY4=1)
  Clock Path Skew:        0.000ns (DCD - SCD - CPR)
    Destination Clock Delay (DCD):    1.985ns
    Source Clock Delay      (SCD):    1.472ns
    Clock Pessimism Removal (CPR):    0.513ns

    Location             Delay type                Incr(ns)  Path(ns)    Netlist Resource(s)
  -------------------------------------------------------------------    -------------------
                         (clock sys_clk_pin rise edge)
                                                      0.000     0.000 r  
    W5                                                0.000     0.000 r  Clk (IN)
                         net (fo=0)                   0.000     0.000    Clk
    W5                   IBUF (Prop_ibuf_I_O)         0.226     0.226 r  Clk_IBUF_inst/O
                         net (fo=1, routed)           0.631     0.858    Clk_IBUF
    BUFGCTRL_X0Y0        BUFG (Prop_bufg_I_O)         0.026     0.884 r  Clk_IBUF_BUFG_inst/O
                         net (fo=33, routed)          0.589     1.472    Slow_Clk_0/Clk_IBUF_BUFG
    SLICE_X63Y17         FDRE                                         r  Slow_Clk_0/Count_reg[12]/C
  -------------------------------------------------------------------    -------------------
    SLICE_X63Y17         FDRE (Prop_fdre_C_Q)         0.141     1.613 r  Slow_Clk_0/Count_reg[12]/Q
                         net (fo=2, routed)           0.117     1.730    Slow_Clk_0/Count[12]
    SLICE_X63Y17         CARRY4 (Prop_carry4_S[3]_O[3])
                                                      0.108     1.838 r  Slow_Clk_0/Count_reg[12]_i_1/O[3]
                         net (fo=1, routed)           0.000     1.838    Slow_Clk_0/data0[12]
    SLICE_X63Y17         FDRE                                         r  Slow_Clk_0/Count_reg[12]/D
  -------------------------------------------------------------------    -------------------

                         (clock sys_clk_pin rise edge)
                                                      0.000     0.000 r  
    W5                                                0.000     0.000 r  Clk (IN)
                         net (fo=0)                   0.000     0.000    Clk
    W5                   IBUF (Prop_ibuf_I_O)         0.414     0.414 r  Clk_IBUF_inst/O
                         net (fo=1, routed)           0.685     1.099    Clk_IBUF
    BUFGCTRL_X0Y0        BUFG (Prop_bufg_I_O)         0.029     1.128 r  Clk_IBUF_BUFG_inst/O
                         net (fo=33, routed)          0.858     1.985    Slow_Clk_0/Clk_IBUF_BUFG
    SLICE_X63Y17         FDRE                                         r  Slow_Clk_0/Count_reg[12]/C
                         clock pessimism             -0.513     1.472    
    SLICE_X63Y17         FDRE (Hold_fdre_C_D)         0.105     1.577    Slow_Clk_0/Count_reg[12]
  -------------------------------------------------------------------
                         required time                         -1.577    
                         arrival time                           1.838    
  -------------------------------------------------------------------
                         slack                                  0.261    

Slack (MET) :             0.263ns  (arrival time - required time)
  Source:                 Slow_Clk_0/Count_reg[16]/C
                            (rising edge-triggered cell FDRE clocked by sys_clk_pin  {rise@0.000ns fall@5.000ns period=10.000ns})
  Destination:            Slow_Clk_0/Count_reg[16]/D
                            (rising edge-triggered cell FDRE clocked by sys_clk_pin  {rise@0.000ns fall@5.000ns period=10.000ns})
  Path Group:             sys_clk_pin
  Path Type:              Hold (Min at Fast Process Corner)
  Requirement:            0.000ns  (sys_clk_pin rise@0.000ns - sys_clk_pin rise@0.000ns)
  Data Path Delay:        0.368ns  (logic 0.249ns (67.612%)  route 0.119ns (32.388%))
  Logic Levels:           1  (CARRY4=1)
  Clock Path Skew:        0.000ns (DCD - SCD - CPR)
    Destination Clock Delay (DCD):    1.984ns
    Source Clock Delay      (SCD):    1.471ns
    Clock Pessimism Removal (CPR):    0.513ns

    Location             Delay type                Incr(ns)  Path(ns)    Netlist Resource(s)
  -------------------------------------------------------------------    -------------------
                         (clock sys_clk_pin rise edge)
                                                      0.000     0.000 r  
    W5                                                0.000     0.000 r  Clk (IN)
                         net (fo=0)                   0.000     0.000    Clk
    W5                   IBUF (Prop_ibuf_I_O)         0.226     0.226 r  Clk_IBUF_inst/O
                         net (fo=1, routed)           0.631     0.858    Clk_IBUF
    BUFGCTRL_X0Y0        BUFG (Prop_bufg_I_O)         0.026     0.884 r  Clk_IBUF_BUFG_inst/O
                         net (fo=33, routed)          0.588     1.471    Slow_Clk_0/Clk_IBUF_BUFG
    SLICE_X63Y18         FDRE                                         r  Slow_Clk_0/Count_reg[16]/C
  -------------------------------------------------------------------    -------------------
    SLICE_X63Y18         FDRE (Prop_fdre_C_Q)         0.141     1.612 r  Slow_Clk_0/Count_reg[16]/Q
                         net (fo=2, routed)           0.119     1.731    Slow_Clk_0/Count[16]
    SLICE_X63Y18         CARRY4 (Prop_carry4_S[3]_O[3])
                                                      0.108     1.839 r  Slow_Clk_0/Count_reg[16]_i_1/O[3]
                         net (fo=1, routed)           0.000     1.839    Slow_Clk_0/data0[16]
    SLICE_X63Y18         FDRE                                         r  Slow_Clk_0/Count_reg[16]/D
  -------------------------------------------------------------------    -------------------

                         (clock sys_clk_pin rise edge)
                                                      0.000     0.000 r  
    W5                                                0.000     0.000 r  Clk (IN)
                         net (fo=0)                   0.000     0.000    Clk
    W5                   IBUF (Prop_ibuf_I_O)         0.414     0.414 r  Clk_IBUF_inst/O
                         net (fo=1, routed)           0.685     1.099    Clk_IBUF
    BUFGCTRL_X0Y0        BUFG (Prop_bufg_I_O)         0.029     1.128 r  Clk_IBUF_BUFG_inst/O
                         net (fo=33, routed)          0.857     1.984    Slow_Clk_0/Clk_IBUF_BUFG
    SLICE_X63Y18         FDRE                                         r  Slow_Clk_0/Count_reg[16]/C
                         clock pessimism             -0.513     1.471    
    SLICE_X63Y18         FDRE (Hold_fdre_C_D)         0.105     1.576    Slow_Clk_0/Count_reg[16]
  -------------------------------------------------------------------
                         required time                         -1.576    
                         arrival time                           1.839    
  -------------------------------------------------------------------
                         slack                                  0.263    

Slack (MET) :             0.263ns  (arrival time - required time)
  Source:                 Slow_Clk_0/Count_reg[28]/C
                            (rising edge-triggered cell FDRE clocked by sys_clk_pin  {rise@0.000ns fall@5.000ns period=10.000ns})
  Destination:            Slow_Clk_0/Count_reg[28]/D
                            (rising edge-triggered cell FDRE clocked by sys_clk_pin  {rise@0.000ns fall@5.000ns period=10.000ns})
  Path Group:             sys_clk_pin
  Path Type:              Hold (Min at Fast Process Corner)
  Requirement:            0.000ns  (sys_clk_pin rise@0.000ns - sys_clk_pin rise@0.000ns)
  Data Path Delay:        0.368ns  (logic 0.249ns (67.612%)  route 0.119ns (32.388%))
  Logic Levels:           1  (CARRY4=1)
  Clock Path Skew:        0.000ns (DCD - SCD - CPR)
    Destination Clock Delay (DCD):    1.981ns
    Source Clock Delay      (SCD):    1.468ns
    Clock Pessimism Removal (CPR):    0.513ns

    Location             Delay type                Incr(ns)  Path(ns)    Netlist Resource(s)
  -------------------------------------------------------------------    -------------------
                         (clock sys_clk_pin rise edge)
                                                      0.000     0.000 r  
    W5                                                0.000     0.000 r  Clk (IN)
                         net (fo=0)                   0.000     0.000    Clk
    W5                   IBUF (Prop_ibuf_I_O)         0.226     0.226 r  Clk_IBUF_inst/O
                         net (fo=1, routed)           0.631     0.858    Clk_IBUF
    BUFGCTRL_X0Y0        BUFG (Prop_bufg_I_O)         0.026     0.884 r  Clk_IBUF_BUFG_inst/O
                         net (fo=33, routed)          0.585     1.468    Slow_Clk_0/Clk_IBUF_BUFG
    SLICE_X63Y21         FDRE                                         r  Slow_Clk_0/Count_reg[28]/C
  -------------------------------------------------------------------    -------------------
    SLICE_X63Y21         FDRE (Prop_fdre_C_Q)         0.141     1.609 r  Slow_Clk_0/Count_reg[28]/Q
                         net (fo=2, routed)           0.119     1.728    Slow_Clk_0/Count[28]
    SLICE_X63Y21         CARRY4 (Prop_carry4_S[3]_O[3])
                                                      0.108     1.836 r  Slow_Clk_0/Count_reg[28]_i_1/O[3]
                         net (fo=1, routed)           0.000     1.836    Slow_Clk_0/data0[28]
    SLICE_X63Y21         FDRE                                         r  Slow_Clk_0/Count_reg[28]/D
  -------------------------------------------------------------------    -------------------

                         (clock sys_clk_pin rise edge)
                                                      0.000     0.000 r  
    W5                                                0.000     0.000 r  Clk (IN)
                         net (fo=0)                   0.000     0.000    Clk
    W5                   IBUF (Prop_ibuf_I_O)         0.414     0.414 r  Clk_IBUF_inst/O
                         net (fo=1, routed)           0.685     1.099    Clk_IBUF
    BUFGCTRL_X0Y0        BUFG (Prop_bufg_I_O)         0.029     1.128 r  Clk_IBUF_BUFG_inst/O
                         net (fo=33, routed)          0.854     1.981    Slow_Clk_0/Clk_IBUF_BUFG
    SLICE_X63Y21         FDRE                                         r  Slow_Clk_0/Count_reg[28]/C
                         clock pessimism             -0.513     1.468    
    SLICE_X63Y21         FDRE (Hold_fdre_C_D)         0.105     1.573    Slow_Clk_0/Count_reg[28]
  -------------------------------------------------------------------
                         required time                         -1.573    
                         arrival time                           1.836    
  -------------------------------------------------------------------
                         slack                                  0.263    

Slack (MET) :             0.263ns  (arrival time - required time)
  Source:                 Slow_Clk_0/Count_reg[8]/C
                            (rising edge-triggered cell FDRE clocked by sys_clk_pin  {rise@0.000ns fall@5.000ns period=10.000ns})
  Destination:            Slow_Clk_0/Count_reg[8]/D
                            (rising edge-triggered cell FDRE clocked by sys_clk_pin  {rise@0.000ns fall@5.000ns period=10.000ns})
  Path Group:             sys_clk_pin
  Path Type:              Hold (Min at Fast Process Corner)
  Requirement:            0.000ns  (sys_clk_pin rise@0.000ns - sys_clk_pin rise@0.000ns)
  Data Path Delay:        0.368ns  (logic 0.249ns (67.612%)  route 0.119ns (32.388%))
  Logic Levels:           1  (CARRY4=1)
  Clock Path Skew:        0.000ns (DCD - SCD - CPR)
    Destination Clock Delay (DCD):    1.986ns
    Source Clock Delay      (SCD):    1.473ns
    Clock Pessimism Removal (CPR):    0.513ns

    Location             Delay type                Incr(ns)  Path(ns)    Netlist Resource(s)
  -------------------------------------------------------------------    -------------------
                         (clock sys_clk_pin rise edge)
                                                      0.000     0.000 r  
    W5                                                0.000     0.000 r  Clk (IN)
                         net (fo=0)                   0.000     0.000    Clk
    W5                   IBUF (Prop_ibuf_I_O)         0.226     0.226 r  Clk_IBUF_inst/O
                         net (fo=1, routed)           0.631     0.858    Clk_IBUF
    BUFGCTRL_X0Y0        BUFG (Prop_bufg_I_O)         0.026     0.884 r  Clk_IBUF_BUFG_inst/O
                         net (fo=33, routed)          0.590     1.473    Slow_Clk_0/Clk_IBUF_BUFG
    SLICE_X63Y16         FDRE                                         r  Slow_Clk_0/Count_reg[8]/C
  -------------------------------------------------------------------    -------------------
    SLICE_X63Y16         FDRE (Prop_fdre_C_Q)         0.141     1.614 r  Slow_Clk_0/Count_reg[8]/Q
                         net (fo=2, routed)           0.119     1.733    Slow_Clk_0/Count[8]
    SLICE_X63Y16         CARRY4 (Prop_carry4_S[3]_O[3])
                                                      0.108     1.841 r  Slow_Clk_0/Count_reg[8]_i_1/O[3]
                         net (fo=1, routed)           0.000     1.841    Slow_Clk_0/data0[8]
    SLICE_X63Y16         FDRE                                         r  Slow_Clk_0/Count_reg[8]/D
  -------------------------------------------------------------------    -------------------

                         (clock sys_clk_pin rise edge)
                                                      0.000     0.000 r  
    W5                                                0.000     0.000 r  Clk (IN)
                         net (fo=0)                   0.000     0.000    Clk
    W5                   IBUF (Prop_ibuf_I_O)         0.414     0.414 r  Clk_IBUF_inst/O
                         net (fo=1, routed)           0.685     1.099    Clk_IBUF
    BUFGCTRL_X0Y0        BUFG (Prop_bufg_I_O)         0.029     1.128 r  Clk_IBUF_BUFG_inst/O
                         net (fo=33, routed)          0.859     1.986    Slow_Clk_0/Clk_IBUF_BUFG
    SLICE_X63Y16         FDRE                                         r  Slow_Clk_0/Count_reg[8]/C
                         clock pessimism             -0.513     1.473    
    SLICE_X63Y16         FDRE (Hold_fdre_C_D)         0.105     1.578    Slow_Clk_0/Count_reg[8]
  -------------------------------------------------------------------
                         required time                         -1.578    
                         arrival time                           1.841    
  -------------------------------------------------------------------
                         slack                                  0.263    

Slack (MET) :             0.263ns  (arrival time - required time)
  Source:                 Slow_Clk_0/Count_reg[24]/C
                            (rising edge-triggered cell FDRE clocked by sys_clk_pin  {rise@0.000ns fall@5.000ns period=10.000ns})
  Destination:            Slow_Clk_0/Count_reg[24]/D
                            (rising edge-triggered cell FDRE clocked by sys_clk_pin  {rise@0.000ns fall@5.000ns period=10.000ns})
  Path Group:             sys_clk_pin
  Path Type:              Hold (Min at Fast Process Corner)
  Requirement:            0.000ns  (sys_clk_pin rise@0.000ns - sys_clk_pin rise@0.000ns)
  Data Path Delay:        0.368ns  (logic 0.249ns (67.612%)  route 0.119ns (32.388%))
  Logic Levels:           1  (CARRY4=1)
  Clock Path Skew:        0.000ns (DCD - SCD - CPR)
    Destination Clock Delay (DCD):    1.982ns
    Source Clock Delay      (SCD):    1.469ns
    Clock Pessimism Removal (CPR):    0.513ns

    Location             Delay type                Incr(ns)  Path(ns)    Netlist Resource(s)
  -------------------------------------------------------------------    -------------------
                         (clock sys_clk_pin rise edge)
                                                      0.000     0.000 r  
    W5                                                0.000     0.000 r  Clk (IN)
                         net (fo=0)                   0.000     0.000    Clk
    W5                   IBUF (Prop_ibuf_I_O)         0.226     0.226 r  Clk_IBUF_inst/O
                         net (fo=1, routed)           0.631     0.858    Clk_IBUF
    BUFGCTRL_X0Y0        BUFG (Prop_bufg_I_O)         0.026     0.884 r  Clk_IBUF_BUFG_inst/O
                         net (fo=33, routed)          0.586     1.469    Slow_Clk_0/Clk_IBUF_BUFG
    SLICE_X63Y20         FDRE                                         r  Slow_Clk_0/Count_reg[24]/C
  -------------------------------------------------------------------    -------------------
    SLICE_X63Y20         FDRE (Prop_fdre_C_Q)         0.141     1.610 r  Slow_Clk_0/Count_reg[24]/Q
                         net (fo=2, routed)           0.119     1.729    Slow_Clk_0/Count[24]
    SLICE_X63Y20         CARRY4 (Prop_carry4_S[3]_O[3])
                                                      0.108     1.837 r  Slow_Clk_0/Count_reg[24]_i_1/O[3]
                         net (fo=1, routed)           0.000     1.837    Slow_Clk_0/data0[24]
    SLICE_X63Y20         FDRE                                         r  Slow_Clk_0/Count_reg[24]/D
  -------------------------------------------------------------------    -------------------

                         (clock sys_clk_pin rise edge)
                                                      0.000     0.000 r  
    W5                                                0.000     0.000 r  Clk (IN)
                         net (fo=0)                   0.000     0.000    Clk
    W5                   IBUF (Prop_ibuf_I_O)         0.414     0.414 r  Clk_IBUF_inst/O
                         net (fo=1, routed)           0.685     1.099    Clk_IBUF
    BUFGCTRL_X0Y0        BUFG (Prop_bufg_I_O)         0.029     1.128 r  Clk_IBUF_BUFG_inst/O
                         net (fo=33, routed)          0.855     1.982    Slow_Clk_0/Clk_IBUF_BUFG
    SLICE_X63Y20         FDRE                                         r  Slow_Clk_0/Count_reg[24]/C
                         clock pessimism             -0.513     1.469    
    SLICE_X63Y20         FDRE (Hold_fdre_C_D)         0.105     1.574    Slow_Clk_0/Count_reg[24]
  -------------------------------------------------------------------
                         required time                         -1.574    
                         arrival time                           1.837    
  -------------------------------------------------------------------
                         slack                                  0.263    

Slack (MET) :             0.263ns  (arrival time - required time)
  Source:                 Slow_Clk_0/Count_reg[4]/C
                            (rising edge-triggered cell FDRE clocked by sys_clk_pin  {rise@0.000ns fall@5.000ns period=10.000ns})
  Destination:            Slow_Clk_0/Count_reg[4]/D
                            (rising edge-triggered cell FDRE clocked by sys_clk_pin  {rise@0.000ns fall@5.000ns period=10.000ns})
  Path Group:             sys_clk_pin
  Path Type:              Hold (Min at Fast Process Corner)
  Requirement:            0.000ns  (sys_clk_pin rise@0.000ns - sys_clk_pin rise@0.000ns)
  Data Path Delay:        0.368ns  (logic 0.249ns (67.612%)  route 0.119ns (32.388%))
  Logic Levels:           1  (CARRY4=1)
  Clock Path Skew:        0.000ns (DCD - SCD - CPR)
    Destination Clock Delay (DCD):    1.987ns
    Source Clock Delay      (SCD):    1.474ns
    Clock Pessimism Removal (CPR):    0.513ns

    Location             Delay type                Incr(ns)  Path(ns)    Netlist Resource(s)
  -------------------------------------------------------------------    -------------------
                         (clock sys_clk_pin rise edge)
                                                      0.000     0.000 r  
    W5                                                0.000     0.000 r  Clk (IN)
                         net (fo=0)                   0.000     0.000    Clk
    W5                   IBUF (Prop_ibuf_I_O)         0.226     0.226 r  Clk_IBUF_inst/O
                         net (fo=1, routed)           0.631     0.858    Clk_IBUF
    BUFGCTRL_X0Y0        BUFG (Prop_bufg_I_O)         0.026     0.884 r  Clk_IBUF_BUFG_inst/O
                         net (fo=33, routed)          0.591     1.474    Slow_Clk_0/Clk_IBUF_BUFG
    SLICE_X63Y15         FDRE                                         r  Slow_Clk_0/Count_reg[4]/C
  -------------------------------------------------------------------    -------------------
    SLICE_X63Y15         FDRE (Prop_fdre_C_Q)         0.141     1.615 r  Slow_Clk_0/Count_reg[4]/Q
                         net (fo=2, routed)           0.119     1.734    Slow_Clk_0/Count[4]
    SLICE_X63Y15         CARRY4 (Prop_carry4_S[3]_O[3])
                                                      0.108     1.842 r  Slow_Clk_0/Count_reg[4]_i_1/O[3]
                         net (fo=1, routed)           0.000     1.842    Slow_Clk_0/data0[4]
    SLICE_X63Y15         FDRE                                         r  Slow_Clk_0/Count_reg[4]/D
  -------------------------------------------------------------------    -------------------

                         (clock sys_clk_pin rise edge)
                                                      0.000     0.000 r  
    W5                                                0.000     0.000 r  Clk (IN)
                         net (fo=0)                   0.000     0.000    Clk
    W5                   IBUF (Prop_ibuf_I_O)         0.414     0.414 r  Clk_IBUF_inst/O
                         net (fo=1, routed)           0.685     1.099    Clk_IBUF
    BUFGCTRL_X0Y0        BUFG (Prop_bufg_I_O)         0.029     1.128 r  Clk_IBUF_BUFG_inst/O
                         net (fo=33, routed)          0.860     1.987    Slow_Clk_0/Clk_IBUF_BUFG
    SLICE_X63Y15         FDRE                                         r  Slow_Clk_0/Count_reg[4]/C
                         clock pessimism             -0.513     1.474    
    SLICE_X63Y15         FDRE (Hold_fdre_C_D)         0.105     1.579    Slow_Clk_0/Count_reg[4]
  -------------------------------------------------------------------
                         required time                         -1.579    
                         arrival time                           1.842    
  -------------------------------------------------------------------
                         slack                                  0.263    

Slack (MET) :             0.264ns  (arrival time - required time)
  Source:                 Slow_Clk_0/Count_reg[20]/C
                            (rising edge-triggered cell FDRE clocked by sys_clk_pin  {rise@0.000ns fall@5.000ns period=10.000ns})
  Destination:            Slow_Clk_0/Count_reg[20]/D
                            (rising edge-triggered cell FDRE clocked by sys_clk_pin  {rise@0.000ns fall@5.000ns period=10.000ns})
  Path Group:             sys_clk_pin
  Path Type:              Hold (Min at Fast Process Corner)
  Requirement:            0.000ns  (sys_clk_pin rise@0.000ns - sys_clk_pin rise@0.000ns)
  Data Path Delay:        0.369ns  (logic 0.249ns (67.424%)  route 0.120ns (32.576%))
  Logic Levels:           1  (CARRY4=1)
  Clock Path Skew:        0.000ns (DCD - SCD - CPR)
    Destination Clock Delay (DCD):    1.983ns
    Source Clock Delay      (SCD):    1.470ns
    Clock Pessimism Removal (CPR):    0.513ns

    Location             Delay type                Incr(ns)  Path(ns)    Netlist Resource(s)
  -------------------------------------------------------------------    -------------------
                         (clock sys_clk_pin rise edge)
                                                      0.000     0.000 r  
    W5                                                0.000     0.000 r  Clk (IN)
                         net (fo=0)                   0.000     0.000    Clk
    W5                   IBUF (Prop_ibuf_I_O)         0.226     0.226 r  Clk_IBUF_inst/O
                         net (fo=1, routed)           0.631     0.858    Clk_IBUF
    BUFGCTRL_X0Y0        BUFG (Prop_bufg_I_O)         0.026     0.884 r  Clk_IBUF_BUFG_inst/O
                         net (fo=33, routed)          0.587     1.470    Slow_Clk_0/Clk_IBUF_BUFG
    SLICE_X63Y19         FDRE                                         r  Slow_Clk_0/Count_reg[20]/C
  -------------------------------------------------------------------    -------------------
    SLICE_X63Y19         FDRE (Prop_fdre_C_Q)         0.141     1.611 r  Slow_Clk_0/Count_reg[20]/Q
                         net (fo=2, routed)           0.120     1.731    Slow_Clk_0/Count[20]
    SLICE_X63Y19         CARRY4 (Prop_carry4_S[3]_O[3])
                                                      0.108     1.839 r  Slow_Clk_0/Count_reg[20]_i_1/O[3]
                         net (fo=1, routed)           0.000     1.839    Slow_Clk_0/data0[20]
    SLICE_X63Y19         FDRE                                         r  Slow_Clk_0/Count_reg[20]/D
  -------------------------------------------------------------------    -------------------

                         (clock sys_clk_pin rise edge)
                                                      0.000     0.000 r  
    W5                                                0.000     0.000 r  Clk (IN)
                         net (fo=0)                   0.000     0.000    Clk
    W5                   IBUF (Prop_ibuf_I_O)         0.414     0.414 r  Clk_IBUF_inst/O
                         net (fo=1, routed)           0.685     1.099    Clk_IBUF
    BUFGCTRL_X0Y0        BUFG (Prop_bufg_I_O)         0.029     1.128 r  Clk_IBUF_BUFG_inst/O
                         net (fo=33, routed)          0.856     1.983    Slow_Clk_0/Clk_IBUF_BUFG
    SLICE_X63Y19         FDRE                                         r  Slow_Clk_0/Count_reg[20]/C
                         clock pessimism             -0.513     1.470    
    SLICE_X63Y19         FDRE (Hold_fdre_C_D)         0.105     1.575    Slow_Clk_0/Count_reg[20]
  -------------------------------------------------------------------
                         required time                         -1.575    
                         arrival time                           1.839    
  -------------------------------------------------------------------
                         slack                                  0.264    

Slack (MET) :             0.265ns  (arrival time - required time)
  Source:                 Slow_Clk_0/Count_reg[21]/C
                            (rising edge-triggered cell FDRE clocked by sys_clk_pin  {rise@0.000ns fall@5.000ns period=10.000ns})
  Destination:            Slow_Clk_0/Count_reg[21]/D
                            (rising edge-triggered cell FDRE clocked by sys_clk_pin  {rise@0.000ns fall@5.000ns period=10.000ns})
  Path Group:             sys_clk_pin
  Path Type:              Hold (Min at Fast Process Corner)
  Requirement:            0.000ns  (sys_clk_pin rise@0.000ns - sys_clk_pin rise@0.000ns)
  Data Path Delay:        0.370ns  (logic 0.256ns (69.150%)  route 0.114ns (30.850%))
  Logic Levels:           1  (CARRY4=1)
  Clock Path Skew:        0.000ns (DCD - SCD - CPR)
    Destination Clock Delay (DCD):    1.982ns
    Source Clock Delay      (SCD):    1.469ns
    Clock Pessimism Removal (CPR):    0.513ns

    Location             Delay type                Incr(ns)  Path(ns)    Netlist Resource(s)
  -------------------------------------------------------------------    -------------------
                         (clock sys_clk_pin rise edge)
                                                      0.000     0.000 r  
    W5                                                0.000     0.000 r  Clk (IN)
                         net (fo=0)                   0.000     0.000    Clk
    W5                   IBUF (Prop_ibuf_I_O)         0.226     0.226 r  Clk_IBUF_inst/O
                         net (fo=1, routed)           0.631     0.858    Clk_IBUF
    BUFGCTRL_X0Y0        BUFG (Prop_bufg_I_O)         0.026     0.884 r  Clk_IBUF_BUFG_inst/O
                         net (fo=33, routed)          0.586     1.469    Slow_Clk_0/Clk_IBUF_BUFG
    SLICE_X63Y20         FDRE                                         r  Slow_Clk_0/Count_reg[21]/C
  -------------------------------------------------------------------    -------------------
    SLICE_X63Y20         FDRE (Prop_fdre_C_Q)         0.141     1.610 r  Slow_Clk_0/Count_reg[21]/Q
                         net (fo=2, routed)           0.114     1.724    Slow_Clk_0/Count[21]
    SLICE_X63Y20         CARRY4 (Prop_carry4_S[0]_O[0])
                                                      0.115     1.839 r  Slow_Clk_0/Count_reg[24]_i_1/O[0]
                         net (fo=1, routed)           0.000     1.839    Slow_Clk_0/data0[21]
    SLICE_X63Y20         FDRE                                         r  Slow_Clk_0/Count_reg[21]/D
  -------------------------------------------------------------------    -------------------

                         (clock sys_clk_pin rise edge)
                                                      0.000     0.000 r  
    W5                                                0.000     0.000 r  Clk (IN)
                         net (fo=0)                   0.000     0.000    Clk
    W5                   IBUF (Prop_ibuf_I_O)         0.414     0.414 r  Clk_IBUF_inst/O
                         net (fo=1, routed)           0.685     1.099    Clk_IBUF
    BUFGCTRL_X0Y0        BUFG (Prop_bufg_I_O)         0.029     1.128 r  Clk_IBUF_BUFG_inst/O
                         net (fo=33, routed)          0.855     1.982    Slow_Clk_0/Clk_IBUF_BUFG
    SLICE_X63Y20         FDRE                                         r  Slow_Clk_0/Count_reg[21]/C
                         clock pessimism             -0.513     1.469    
    SLICE_X63Y20         FDRE (Hold_fdre_C_D)         0.105     1.574    Slow_Clk_0/Count_reg[21]
  -------------------------------------------------------------------
                         required time                         -1.574    
                         arrival time                           1.839    
  -------------------------------------------------------------------
                         slack                                  0.265    

Slack (MET) :             0.267ns  (arrival time - required time)
  Source:                 Slow_Clk_0/Count_reg[15]/C
                            (rising edge-triggered cell FDRE clocked by sys_clk_pin  {rise@0.000ns fall@5.000ns period=10.000ns})
  Destination:            Slow_Clk_0/Count_reg[15]/D
                            (rising edge-triggered cell FDRE clocked by sys_clk_pin  {rise@0.000ns fall@5.000ns period=10.000ns})
  Path Group:             sys_clk_pin
  Path Type:              Hold (Min at Fast Process Corner)
  Requirement:            0.000ns  (sys_clk_pin rise@0.000ns - sys_clk_pin rise@0.000ns)
  Data Path Delay:        0.372ns  (logic 0.252ns (67.654%)  route 0.120ns (32.346%))
  Logic Levels:           1  (CARRY4=1)
  Clock Path Skew:        0.000ns (DCD - SCD - CPR)
    Destination Clock Delay (DCD):    1.984ns
    Source Clock Delay      (SCD):    1.471ns
    Clock Pessimism Removal (CPR):    0.513ns

    Location             Delay type                Incr(ns)  Path(ns)    Netlist Resource(s)
  -------------------------------------------------------------------    -------------------
                         (clock sys_clk_pin rise edge)
                                                      0.000     0.000 r  
    W5                                                0.000     0.000 r  Clk (IN)
                         net (fo=0)                   0.000     0.000    Clk
    W5                   IBUF (Prop_ibuf_I_O)         0.226     0.226 r  Clk_IBUF_inst/O
                         net (fo=1, routed)           0.631     0.858    Clk_IBUF
    BUFGCTRL_X0Y0        BUFG (Prop_bufg_I_O)         0.026     0.884 r  Clk_IBUF_BUFG_inst/O
                         net (fo=33, routed)          0.588     1.471    Slow_Clk_0/Clk_IBUF_BUFG
    SLICE_X63Y18         FDRE                                         r  Slow_Clk_0/Count_reg[15]/C
  -------------------------------------------------------------------    -------------------
    SLICE_X63Y18         FDRE (Prop_fdre_C_Q)         0.141     1.612 r  Slow_Clk_0/Count_reg[15]/Q
                         net (fo=2, routed)           0.120     1.733    Slow_Clk_0/Count[15]
    SLICE_X63Y18         CARRY4 (Prop_carry4_S[2]_O[2])
                                                      0.111     1.844 r  Slow_Clk_0/Count_reg[16]_i_1/O[2]
                         net (fo=1, routed)           0.000     1.844    Slow_Clk_0/data0[15]
    SLICE_X63Y18         FDRE                                         r  Slow_Clk_0/Count_reg[15]/D
  -------------------------------------------------------------------    -------------------

                         (clock sys_clk_pin rise edge)
                                                      0.000     0.000 r  
    W5                                                0.000     0.000 r  Clk (IN)
                         net (fo=0)                   0.000     0.000    Clk
    W5                   IBUF (Prop_ibuf_I_O)         0.414     0.414 r  Clk_IBUF_inst/O
                         net (fo=1, routed)           0.685     1.099    Clk_IBUF
    BUFGCTRL_X0Y0        BUFG (Prop_bufg_I_O)         0.029     1.128 r  Clk_IBUF_BUFG_inst/O
                         net (fo=33, routed)          0.857     1.984    Slow_Clk_0/Clk_IBUF_BUFG
    SLICE_X63Y18         FDRE                                         r  Slow_Clk_0/Count_reg[15]/C
                         clock pessimism             -0.513     1.471    
    SLICE_X63Y18         FDRE (Hold_fdre_C_D)         0.105     1.576    Slow_Clk_0/Count_reg[15]
  -------------------------------------------------------------------
                         required time                         -1.576    
                         arrival time                           1.844    
  -------------------------------------------------------------------
                         slack                                  0.267    

Slack (MET) :             0.267ns  (arrival time - required time)
  Source:                 Slow_Clk_0/Count_reg[27]/C
                            (rising edge-triggered cell FDRE clocked by sys_clk_pin  {rise@0.000ns fall@5.000ns period=10.000ns})
  Destination:            Slow_Clk_0/Count_reg[27]/D
                            (rising edge-triggered cell FDRE clocked by sys_clk_pin  {rise@0.000ns fall@5.000ns period=10.000ns})
  Path Group:             sys_clk_pin
  Path Type:              Hold (Min at Fast Process Corner)
  Requirement:            0.000ns  (sys_clk_pin rise@0.000ns - sys_clk_pin rise@0.000ns)
  Data Path Delay:        0.372ns  (logic 0.252ns (67.654%)  route 0.120ns (32.346%))
  Logic Levels:           1  (CARRY4=1)
  Clock Path Skew:        0.000ns (DCD - SCD - CPR)
    Destination Clock Delay (DCD):    1.981ns
    Source Clock Delay      (SCD):    1.468ns
    Clock Pessimism Removal (CPR):    0.513ns

    Location             Delay type                Incr(ns)  Path(ns)    Netlist Resource(s)
  -------------------------------------------------------------------    -------------------
                         (clock sys_clk_pin rise edge)
                                                      0.000     0.000 r  
    W5                                                0.000     0.000 r  Clk (IN)
                         net (fo=0)                   0.000     0.000    Clk
    W5                   IBUF (Prop_ibuf_I_O)         0.226     0.226 r  Clk_IBUF_inst/O
                         net (fo=1, routed)           0.631     0.858    Clk_IBUF
    BUFGCTRL_X0Y0        BUFG (Prop_bufg_I_O)         0.026     0.884 r  Clk_IBUF_BUFG_inst/O
                         net (fo=33, routed)          0.585     1.468    Slow_Clk_0/Clk_IBUF_BUFG
    SLICE_X63Y21         FDRE                                         r  Slow_Clk_0/Count_reg[27]/C
  -------------------------------------------------------------------    -------------------
    SLICE_X63Y21         FDRE (Prop_fdre_C_Q)         0.141     1.609 r  Slow_Clk_0/Count_reg[27]/Q
                         net (fo=2, routed)           0.120     1.730    Slow_Clk_0/Count[27]
    SLICE_X63Y21         CARRY4 (Prop_carry4_S[2]_O[2])
                                                      0.111     1.841 r  Slow_Clk_0/Count_reg[28]_i_1/O[2]
                         net (fo=1, routed)           0.000     1.841    Slow_Clk_0/data0[27]
    SLICE_X63Y21         FDRE                                         r  Slow_Clk_0/Count_reg[27]/D
  -------------------------------------------------------------------    -------------------

                         (clock sys_clk_pin rise edge)
                                                      0.000     0.000 r  
    W5                                                0.000     0.000 r  Clk (IN)
                         net (fo=0)                   0.000     0.000    Clk
    W5                   IBUF (Prop_ibuf_I_O)         0.414     0.414 r  Clk_IBUF_inst/O
                         net (fo=1, routed)           0.685     1.099    Clk_IBUF
    BUFGCTRL_X0Y0        BUFG (Prop_bufg_I_O)         0.029     1.128 r  Clk_IBUF_BUFG_inst/O
                         net (fo=33, routed)          0.854     1.981    Slow_Clk_0/Clk_IBUF_BUFG
    SLICE_X63Y21         FDRE                                         r  Slow_Clk_0/Count_reg[27]/C
                         clock pessimism             -0.513     1.468    
    SLICE_X63Y21         FDRE (Hold_fdre_C_D)         0.105     1.573    Slow_Clk_0/Count_reg[27]
  -------------------------------------------------------------------
                         required time                         -1.573    
                         arrival time                           1.841    
  -------------------------------------------------------------------
                         slack                                  0.267    





Pulse Width Checks
--------------------------------------------------------------------------------------
Clock Name:         sys_clk_pin
Waveform(ns):       { 0.000 5.000 }
Period(ns):         10.000
Sources:            { Clk }

Check Type        Corner  Lib Pin  Reference Pin  Required(ns)  Actual(ns)  Slack(ns)  Location       Pin
Min Period        n/a     BUFG/I   n/a            2.155         10.000      7.845      BUFGCTRL_X0Y0  Clk_IBUF_BUFG_inst/I
Min Period        n/a     FDRE/C   n/a            1.000         10.000      9.000      SLICE_X62Y15   Slow_Clk_0/Clk_status_reg/C
Min Period        n/a     FDRE/C   n/a            1.000         10.000      9.000      SLICE_X62Y15   Slow_Clk_0/Count_reg[0]/C
Min Period        n/a     FDRE/C   n/a            1.000         10.000      9.000      SLICE_X63Y17   Slow_Clk_0/Count_reg[10]/C
Min Period        n/a     FDRE/C   n/a            1.000         10.000      9.000      SLICE_X63Y17   Slow_Clk_0/Count_reg[11]/C
Min Period        n/a     FDRE/C   n/a            1.000         10.000      9.000      SLICE_X63Y17   Slow_Clk_0/Count_reg[12]/C
Min Period        n/a     FDRE/C   n/a            1.000         10.000      9.000      SLICE_X63Y18   Slow_Clk_0/Count_reg[13]/C
Min Period        n/a     FDRE/C   n/a            1.000         10.000      9.000      SLICE_X63Y18   Slow_Clk_0/Count_reg[14]/C
Min Period        n/a     FDRE/C   n/a            1.000         10.000      9.000      SLICE_X63Y18   Slow_Clk_0/Count_reg[15]/C
Min Period        n/a     FDRE/C   n/a            1.000         10.000      9.000      SLICE_X63Y18   Slow_Clk_0/Count_reg[16]/C
Low Pulse Width   Fast    FDRE/C   n/a            0.500         5.000       4.500      SLICE_X62Y15   Slow_Clk_0/Clk_status_reg/C
Low Pulse Width   Fast    FDRE/C   n/a            0.500         5.000       4.500      SLICE_X62Y15   Slow_Clk_0/Count_reg[0]/C
Low Pulse Width   Slow    FDRE/C   n/a            0.500         5.000       4.500      SLICE_X63Y18   Slow_Clk_0/Count_reg[13]/C
Low Pulse Width   Slow    FDRE/C   n/a            0.500         5.000       4.500      SLICE_X63Y18   Slow_Clk_0/Count_reg[14]/C
Low Pulse Width   Slow    FDRE/C   n/a            0.500         5.000       4.500      SLICE_X63Y18   Slow_Clk_0/Count_reg[15]/C
Low Pulse Width   Slow    FDRE/C   n/a            0.500         5.000       4.500      SLICE_X63Y18   Slow_Clk_0/Count_reg[16]/C
Low Pulse Width   Slow    FDRE/C   n/a            0.500         5.000       4.500      SLICE_X63Y19   Slow_Clk_0/Count_reg[17]/C
Low Pulse Width   Slow    FDRE/C   n/a            0.500         5.000       4.500      SLICE_X63Y19   Slow_Clk_0/Count_reg[18]/C
Low Pulse Width   Slow    FDRE/C   n/a            0.500         5.000       4.500      SLICE_X63Y19   Slow_Clk_0/Count_reg[19]/C
Low Pulse Width   Fast    FDRE/C   n/a            0.500         5.000       4.500      SLICE_X63Y15   Slow_Clk_0/Count_reg[1]/C
High Pulse Width  Slow    FDRE/C   n/a            0.500         5.000       4.500      SLICE_X62Y15   Slow_Clk_0/Clk_status_reg/C
High Pulse Width  Slow    FDRE/C   n/a            0.500         5.000       4.500      SLICE_X62Y15   Slow_Clk_0/Count_reg[0]/C
High Pulse Width  Slow    FDRE/C   n/a            0.500         5.000       4.500      SLICE_X63Y17   Slow_Clk_0/Count_reg[10]/C
High Pulse Width  Slow    FDRE/C   n/a            0.500         5.000       4.500      SLICE_X63Y17   Slow_Clk_0/Count_reg[11]/C
High Pulse Width  Slow    FDRE/C   n/a            0.500         5.000       4.500      SLICE_X63Y17   Slow_Clk_0/Count_reg[12]/C
High Pulse Width  Slow    FDRE/C   n/a            0.500         5.000       4.500      SLICE_X63Y15   Slow_Clk_0/Count_reg[1]/C
High Pulse Width  Slow    FDRE/C   n/a            0.500         5.000       4.500      SLICE_X63Y22   Slow_Clk_0/Count_reg[29]/C
High Pulse Width  Slow    FDRE/C   n/a            0.500         5.000       4.500      SLICE_X63Y15   Slow_Clk_0/Count_reg[2]/C
High Pulse Width  Slow    FDRE/C   n/a            0.500         5.000       4.500      SLICE_X63Y22   Slow_Clk_0/Count_reg[30]/C
High Pulse Width  Slow    FDRE/C   n/a            0.500         5.000       4.500      SLICE_X63Y22   Slow_Clk_0/Count_reg[31]/C



